10:56:05 **** Clean-only build of configuration Debug for project study_stm_1 ****
make -j2 clean 
rm -rf ./Drivers/STM32F3xx_HAL_Driver/Src/stm32f3xx_hal.cyclo ./Drivers/STM32F3xx_HAL_Driver/Src/stm32f3xx_hal.d ./Drivers/STM32F3xx_HAL_Driver/Src/stm32f3xx_hal.o ./Drivers/STM32F3xx_HAL_Driver/Src/stm32f3xx_hal.su ./Drivers/STM32F3xx_HAL_Driver/Src/stm32f3xx_hal_adc.cyclo ./Drivers/STM32F3xx_HAL_Driver/Src/stm32f3xx_hal_adc.d ./Drivers/STM32F3xx_HAL_Driver/Src/stm32f3xx_hal_adc.o ./Drivers/STM32F3xx_HAL_Driver/Src/stm32f3xx_hal_adc.su ./Drivers/STM32F3xx_HAL_Driver/Src/stm32f3xx_hal_adc_ex.cyclo ./Drivers/STM32F3xx_HAL_Driver/Src/stm32f3xx_hal_adc_ex.d ./Drivers/STM32F3xx_HAL_Driver/Src/stm32f3xx_hal_adc_ex.o ./Drivers/STM32F3xx_HAL_Driver/Src/stm32f3xx_hal_adc_ex.su ./Drivers/STM32F3xx_HAL_Driver/Src/stm32f3xx_hal_cortex.cyclo ./Drivers/STM32F3xx_HAL_Driver/Src/stm32f3xx_hal_cortex.d ./Drivers/STM32F3xx_HAL_Driver/Src/stm32f3xx_hal_cortex.o ./Drivers/STM32F3xx_HAL_Driver/Src/stm32f3xx_hal_cortex.su ./Drivers/STM32F3xx_HAL_Driver/Src/stm32f3xx_hal_dac.cyclo ./Drivers/STM32F3xx_HAL_Driver/Src/stm32f3xx_hal_dac.d ./Drivers/STM32F3xx_HAL_Driver/Src/stm32f3xx_hal_dac.o ./Drivers/STM32F3xx_HAL_Driver/Src/stm32f3xx_hal_dac.su ./Drivers/STM32F3xx_HAL_Driver/Src/stm32f3xx_hal_dac_ex.cyclo ./Drivers/STM32F3xx_HAL_Driver/Src/stm32f3xx_hal_dac_ex.d ./Drivers/STM32F3xx_HAL_Driver/Src/stm32f3xx_hal_dac_ex.o ./Drivers/STM32F3xx_HAL_Driver/Src/stm32f3xx_hal_dac_ex.su ./Drivers/STM32F3xx_HAL_Driver/Src/stm32f3xx_hal_dma.cyclo ./Drivers/STM32F3xx_HAL_Driver/Src/stm32f3xx_hal_dma.d ./Drivers/STM32F3xx_HAL_Driver/Src/stm32f3xx_hal_dma.o ./Drivers/STM32F3xx_HAL_Driver/Src/stm32f3xx_hal_dma.su ./Drivers/STM32F3xx_HAL_Driver/Src/stm32f3xx_hal_exti.cyclo ./Drivers/STM32F3xx_HAL_Driver/Src/stm32f3xx_hal_exti.d ./Drivers/STM32F3xx_HAL_Driver/Src/stm32f3xx_hal_exti.o ./Drivers/STM32F3xx_HAL_Driver/Src/stm32f3xx_hal_exti.su ./Drivers/STM32F3xx_HAL_Driver/Src/stm32f3xx_hal_flash.cyclo ./Drivers/STM32F3xx_HAL_Driver/Src/stm32f3xx_hal_flash.d ./Drivers/STM32F3xx_HAL_Driver/Src/stm32f3xx_hal_flash.o ./Drivers/STM32F3xx_HAL_Driver/Src/stm32f3xx_hal_flash.su ./Drivers/STM32F3xx_HAL_Driver/Src/stm32f3xx_hal_flash_ex.cyclo ./Drivers/STM32F3xx_HAL_Driver/Src/stm32f3xx_hal_flash_ex.d ./Drivers/STM32F3xx_HAL_Driver/Src/stm32f3xx_hal_flash_ex.o ./Drivers/STM32F3xx_HAL_Driver/Src/stm32f3xx_hal_flash_ex.su ./Drivers/STM32F3xx_HAL_Driver/Src/stm32f3xx_hal_gpio.cyclo ./Drivers/STM32F3xx_HAL_Driver/Src/stm32f3xx_hal_gpio.d ./Drivers/STM32F3xx_HAL_Driver/Src/stm32f3xx_hal_gpio.o ./Drivers/STM32F3xx_HAL_Driver/Src/stm32f3xx_hal_gpio.su ./Drivers/STM32F3xx_HAL_Driver/Src/stm32f3xx_hal_i2c.cyclo ./Drivers/STM32F3xx_HAL_Driver/Src/stm32f3xx_hal_i2c.d ./Drivers/STM32F3xx_HAL_Driver/Src/stm32f3xx_hal_i2c.o ./Drivers/STM32F3xx_HAL_Driver/Src/stm32f3xx_hal_i2c.su ./Drivers/STM32F3xx_HAL_Driver/Src/stm32f3xx_hal_i2c_ex.cyclo ./Drivers/STM32F3xx_HAL_Driver/Src/stm32f3xx_hal_i2c_ex.d ./Drivers/STM32F3xx_HAL_Driver/Src/stm32f3xx_hal_i2c_ex.o ./Drivers/STM32F3xx_HAL_Driver/Src/stm32f3xx_hal_i2c_ex.su ./Drivers/STM32F3xx_HAL_Driver/Src/stm32f3xx_hal_pwr.cyclo ./Drivers/STM32F3xx_HAL_Driver/Src/stm32f3xx_hal_pwr.d ./Drivers/STM32F3xx_HAL_Driver/Src/stm32f3xx_hal_pwr.o ./Drivers/STM32F3xx_HAL_Driver/Src/stm32f3xx_hal_pwr.su ./Drivers/STM32F3xx_HAL_Driver/Src/stm32f3xx_hal_pwr_ex.cyclo ./Drivers/STM32F3xx_HAL_Driver/Src/stm32f3xx_hal_pwr_ex.d ./Drivers/STM32F3xx_HAL_Driver/Src/stm32f3xx_hal_pwr_ex.o ./Drivers/STM32F3xx_HAL_Driver/Src/stm32f3xx_hal_pwr_ex.su ./Drivers/STM32F3xx_HAL_Driver/Src/stm32f3xx_hal_rcc.cyclo ./Drivers/STM32F3xx_HAL_Driver/Src/stm32f3xx_hal_rcc.d ./Drivers/STM32F3xx_HAL_Driver/Src/stm32f3xx_hal_rcc.o ./Drivers/STM32F3xx_HAL_Driver/Src/stm32f3xx_hal_rcc.su ./Drivers/STM32F3xx_HAL_Driver/Src/stm32f3xx_hal_rcc_ex.cyclo ./Drivers/STM32F3xx_HAL_Driver/Src/stm32f3xx_hal_rcc_ex.d ./Drivers/STM32F3xx_HAL_Driver/Src/stm32f3xx_hal_rcc_ex.o ./Drivers/STM32F3xx_HAL_Driver/Src/stm32f3xx_hal_rcc_ex.su ./Drivers/STM32F3xx_HAL_Driver/Src/stm32f3xx_hal_tim.cyclo ./Drivers/STM32F3xx_HAL_Driver/Src/stm32f3xx_hal_tim.d ./Drivers/STM32F3xx_HAL_Driver/Src/stm32f3xx_hal_tim.o ./Drivers/STM32F3xx_HAL_Driver/Src/stm32f3xx_hal_tim.su ./Drivers/STM32F3xx_HAL_Driver/Src/stm32f3xx_hal_tim_ex.cyclo ./Drivers/STM32F3xx_HAL_Driver/Src/stm32f3xx_hal_tim_ex.d ./Drivers/STM32F3xx_HAL_Driver/Src/stm32f3xx_hal_tim_ex.o ./Drivers/STM32F3xx_HAL_Driver/Src/stm32f3xx_hal_tim_ex.su
rm -rf ./Core/Startup/startup_stm32f303retx.d ./Core/Startup/startup_stm32f303retx.o
rm -rf ./Core/Src/main.cyclo ./Core/Src/main.d ./Core/Src/main.o ./Core/Src/main.su ./Core/Src/stm32f3xx_hal_msp.cyclo ./Core/Src/stm32f3xx_hal_msp.d ./Core/Src/stm32f3xx_hal_msp.o ./Core/Src/stm32f3xx_hal_msp.su ./Core/Src/stm32f3xx_it.cyclo ./Core/Src/stm32f3xx_it.d ./Core/Src/stm32f3xx_it.o ./Core/Src/stm32f3xx_it.su ./Core/Src/syscalls.cyclo ./Core/Src/syscalls.d ./Core/Src/syscalls.o ./Core/Src/syscalls.su ./Core/Src/sysmem.cyclo ./Core/Src/sysmem.d ./Core/Src/sysmem.o ./Core/Src/sysmem.su ./Core/Src/system_stm32f3xx.cyclo ./Core/Src/system_stm32f3xx.d ./Core/Src/system_stm32f3xx.o ./Core/Src/system_stm32f3xx.su
rm -rf default.size.stdout study_stm_1.bin study_stm_1.elf study_stm_1.hex study_stm_1.list study_stm_1.map
 
10:56:10 **** Build of configuration Debug for project study_stm_1 ****
make -j2 all 
arm-none-eabi-gcc "../Drivers/STM32F3xx_HAL_Driver/Src/stm32f3xx_hal.c" -mcpu=cortex-m4 -std=gnu11 -g3 -DDEBUG -DUSE_HAL_DRIVER -DSTM32F303xE -c -I../Core/Inc -I../Drivers/STM32F3xx_HAL_Driver/Inc/Legacy -I../Drivers/STM32F3xx_HAL_Driver/Inc -I../Drivers/CMSIS/Device/ST/STM32F3xx/Include -I../Drivers/CMSIS/Include -O0 -ffunction-sections -fdata-sections -Wall -fstack-usage -fcyclomatic-complexity -MMD -MP -MF"Drivers/STM32F3xx_HAL_Driver/Src/stm32f3xx_hal.d" -MT"Drivers/STM32F3xx_HAL_Driver/Src/stm32f3xx_hal.o" --specs=nano.specs -mfpu=fpv4-sp-d16 -mfloat-abi=hard -mthumb -o "Drivers/STM32F3xx_HAL_Driver/Src/stm32f3xx_hal.o"
arm-none-eabi-gcc "../Drivers/STM32F3xx_HAL_Driver/Src/stm32f3xx_hal_adc.c" -mcpu=cortex-m4 -std=gnu11 -g3 -DDEBUG -DUSE_HAL_DRIVER -DSTM32F303xE -c -I../Core/Inc -I../Drivers/STM32F3xx_HAL_Driver/Inc/Legacy -I../Drivers/STM32F3xx_HAL_Driver/Inc -I../Drivers/CMSIS/Device/ST/STM32F3xx/Include -I../Drivers/CMSIS/Include -O0 -ffunction-sections -fdata-sections -Wall -fstack-usage -fcyclomatic-complexity -MMD -MP -MF"Drivers/STM32F3xx_HAL_Driver/Src/stm32f3xx_hal_adc.d" -MT"Drivers/STM32F3xx_HAL_Driver/Src/stm32f3xx_hal_adc.o" --specs=nano.specs -mfpu=fpv4-sp-d16 -mfloat-abi=hard -mthumb -o "Drivers/STM32F3xx_HAL_Driver/Src/stm32f3xx_hal_adc.o"
arm-none-eabi-gcc "../Drivers/STM32F3xx_HAL_Driver/Src/stm32f3xx_hal_adc_ex.c" -mcpu=cortex-m4 -std=gnu11 -g3 -DDEBUG -DUSE_HAL_DRIVER -DSTM32F303xE -c -I../Core/Inc -I../Drivers/STM32F3xx_HAL_Driver/Inc/Legacy -I../Drivers/STM32F3xx_HAL_Driver/Inc -I../Drivers/CMSIS/Device/ST/STM32F3xx/Include -I../Drivers/CMSIS/Include -O0 -ffunction-sections -fdata-sections -Wall -fstack-usage -fcyclomatic-complexity -MMD -MP -MF"Drivers/STM32F3xx_HAL_Driver/Src/stm32f3xx_hal_adc_ex.d" -MT"Drivers/STM32F3xx_HAL_Driver/Src/stm32f3xx_hal_adc_ex.o" --specs=nano.specs -mfpu=fpv4-sp-d16 -mfloat-abi=hard -mthumb -o "Drivers/STM32F3xx_HAL_Driver/Src/stm32f3xx_hal_adc_ex.o"
arm-none-eabi-gcc "../Drivers/STM32F3xx_HAL_Driver/Src/stm32f3xx_hal_cortex.c" -mcpu=cortex-m4 -std=gnu11 -g3 -DDEBUG -DUSE_HAL_DRIVER -DSTM32F303xE -c -I../Core/Inc -I../Drivers/STM32F3xx_HAL_Driver/Inc/Legacy -I../Drivers/STM32F3xx_HAL_Driver/Inc -I../Drivers/CMSIS/Device/ST/STM32F3xx/Include -I../Drivers/CMSIS/Include -O0 -ffunction-sections -fdata-sections -Wall -fstack-usage -fcyclomatic-complexity -MMD -MP -MF"Drivers/STM32F3xx_HAL_Driver/Src/stm32f3xx_hal_cortex.d" -MT"Drivers/STM32F3xx_HAL_Driver/Src/stm32f3xx_hal_cortex.o" --specs=nano.specs -mfpu=fpv4-sp-d16 -mfloat-abi=hard -mthumb -o "Drivers/STM32F3xx_HAL_Driver/Src/stm32f3xx_hal_cortex.o"
arm-none-eabi-gcc "../Drivers/STM32F3xx_HAL_Driver/Src/stm32f3xx_hal_dac.c" -mcpu=cortex-m4 -std=gnu11 -g3 -DDEBUG -DUSE_HAL_DRIVER -DSTM32F303xE -c -I../Core/Inc -I../Drivers/STM32F3xx_HAL_Driver/Inc/Legacy -I../Drivers/STM32F3xx_HAL_Driver/Inc -I../Drivers/CMSIS/Device/ST/STM32F3xx/Include -I../Drivers/CMSIS/Include -O0 -ffunction-sections -fdata-sections -Wall -fstack-usage -fcyclomatic-complexity -MMD -MP -MF"Drivers/STM32F3xx_HAL_Driver/Src/stm32f3xx_hal_dac.d" -MT"Drivers/STM32F3xx_HAL_Driver/Src/stm32f3xx_hal_dac.o" --specs=nano.specs -mfpu=fpv4-sp-d16 -mfloat-abi=hard -mthumb -o "Drivers/STM32F3xx_HAL_Driver/Src/stm32f3xx_hal_dac.o"
arm-none-eabi-gcc "../Drivers/STM32F3xx_HAL_Driver/Src/stm32f3xx_hal_dac_ex.c" -mcpu=cortex-m4 -std=gnu11 -g3 -DDEBUG -DUSE_HAL_DRIVER -DSTM32F303xE -c -I../Core/Inc -I../Drivers/STM32F3xx_HAL_Driver/Inc/Legacy -I../Drivers/STM32F3xx_HAL_Driver/Inc -I../Drivers/CMSIS/Device/ST/STM32F3xx/Include -I../Drivers/CMSIS/Include -O0 -ffunction-sections -fdata-sections -Wall -fstack-usage -fcyclomatic-complexity -MMD -MP -MF"Drivers/STM32F3xx_HAL_Driver/Src/stm32f3xx_hal_dac_ex.d" -MT"Drivers/STM32F3xx_HAL_Driver/Src/stm32f3xx_hal_dac_ex.o" --specs=nano.specs -mfpu=fpv4-sp-d16 -mfloat-abi=hard -mthumb -o "Drivers/STM32F3xx_HAL_Driver/Src/stm32f3xx_hal_dac_ex.o"
arm-none-eabi-gcc "../Drivers/STM32F3xx_HAL_Driver/Src/stm32f3xx_hal_dma.c" -mcpu=cortex-m4 -std=gnu11 -g3 -DDEBUG -DUSE_HAL_DRIVER -DSTM32F303xE -c -I../Core/Inc -I../Drivers/STM32F3xx_HAL_Driver/Inc/Legacy -I../Drivers/STM32F3xx_HAL_Driver/Inc -I../Drivers/CMSIS/Device/ST/STM32F3xx/Include -I../Drivers/CMSIS/Include -O0 -ffunction-sections -fdata-sections -Wall -fstack-usage -fcyclomatic-complexity -MMD -MP -MF"Drivers/STM32F3xx_HAL_Driver/Src/stm32f3xx_hal_dma.d" -MT"Drivers/STM32F3xx_HAL_Driver/Src/stm32f3xx_hal_dma.o" --specs=nano.specs -mfpu=fpv4-sp-d16 -mfloat-abi=hard -mthumb -o "Drivers/STM32F3xx_HAL_Driver/Src/stm32f3xx_hal_dma.o"
arm-none-eabi-gcc "../Drivers/STM32F3xx_HAL_Driver/Src/stm32f3xx_hal_exti.c" -mcpu=cortex-m4 -std=gnu11 -g3 -DDEBUG -DUSE_HAL_DRIVER -DSTM32F303xE -c -I../Core/Inc -I../Drivers/STM32F3xx_HAL_Driver/Inc/Legacy -I../Drivers/STM32F3xx_HAL_Driver/Inc -I../Drivers/CMSIS/Device/ST/STM32F3xx/Include -I../Drivers/CMSIS/Include -O0 -ffunction-sections -fdata-sections -Wall -fstack-usage -fcyclomatic-complexity -MMD -MP -MF"Drivers/STM32F3xx_HAL_Driver/Src/stm32f3xx_hal_exti.d" -MT"Drivers/STM32F3xx_HAL_Driver/Src/stm32f3xx_hal_exti.o" --specs=nano.specs -mfpu=fpv4-sp-d16 -mfloat-abi=hard -mthumb -o "Drivers/STM32F3xx_HAL_Driver/Src/stm32f3xx_hal_exti.o"
arm-none-eabi-gcc "../Drivers/STM32F3xx_HAL_Driver/Src/stm32f3xx_hal_flash.c" -mcpu=cortex-m4 -std=gnu11 -g3 -DDEBUG -DUSE_HAL_DRIVER -DSTM32F303xE -c -I../Core/Inc -I../Drivers/STM32F3xx_HAL_Driver/Inc/Legacy -I../Drivers/STM32F3xx_HAL_Driver/Inc -I../Drivers/CMSIS/Device/ST/STM32F3xx/Include -I../Drivers/CMSIS/Include -O0 -ffunction-sections -fdata-sections -Wall -fstack-usage -fcyclomatic-complexity -MMD -MP -MF"Drivers/STM32F3xx_HAL_Driver/Src/stm32f3xx_hal_flash.d" -MT"Drivers/STM32F3xx_HAL_Driver/Src/stm32f3xx_hal_flash.o" --specs=nano.specs -mfpu=fpv4-sp-d16 -mfloat-abi=hard -mthumb -o "Drivers/STM32F3xx_HAL_Driver/Src/stm32f3xx_hal_flash.o"
arm-none-eabi-gcc "../Drivers/STM32F3xx_HAL_Driver/Src/stm32f3xx_hal_flash_ex.c" -mcpu=cortex-m4 -std=gnu11 -g3 -DDEBUG -DUSE_HAL_DRIVER -DSTM32F303xE -c -I../Core/Inc -I../Drivers/STM32F3xx_HAL_Driver/Inc/Legacy -I../Drivers/STM32F3xx_HAL_Driver/Inc -I../Drivers/CMSIS/Device/ST/STM32F3xx/Include -I../Drivers/CMSIS/Include -O0 -ffunction-sections -fdata-sections -Wall -fstack-usage -fcyclomatic-complexity -MMD -MP -MF"Drivers/STM32F3xx_HAL_Driver/Src/stm32f3xx_hal_flash_ex.d" -MT"Drivers/STM32F3xx_HAL_Driver/Src/stm32f3xx_hal_flash_ex.o" --specs=nano.specs -mfpu=fpv4-sp-d16 -mfloat-abi=hard -mthumb -o "Drivers/STM32F3xx_HAL_Driver/Src/stm32f3xx_hal_flash_ex.o"
arm-none-eabi-gcc "../Drivers/STM32F3xx_HAL_Driver/Src/stm32f3xx_hal_gpio.c" -mcpu=cortex-m4 -std=gnu11 -g3 -DDEBUG -DUSE_HAL_DRIVER -DSTM32F303xE -c -I../Core/Inc -I../Drivers/STM32F3xx_HAL_Driver/Inc/Legacy -I../Drivers/STM32F3xx_HAL_Driver/Inc -I../Drivers/CMSIS/Device/ST/STM32F3xx/Include -I../Drivers/CMSIS/Include -O0 -ffunction-sections -fdata-sections -Wall -fstack-usage -fcyclomatic-complexity -MMD -MP -MF"Drivers/STM32F3xx_HAL_Driver/Src/stm32f3xx_hal_gpio.d" -MT"Drivers/STM32F3xx_HAL_Driver/Src/stm32f3xx_hal_gpio.o" --specs=nano.specs -mfpu=fpv4-sp-d16 -mfloat-abi=hard -mthumb -o "Drivers/STM32F3xx_HAL_Driver/Src/stm32f3xx_hal_gpio.o"
arm-none-eabi-gcc "../Drivers/STM32F3xx_HAL_Driver/Src/stm32f3xx_hal_i2c.c" -mcpu=cortex-m4 -std=gnu11 -g3 -DDEBUG -DUSE_HAL_DRIVER -DSTM32F303xE -c -I../Core/Inc -I../Drivers/STM32F3xx_HAL_Driver/Inc/Legacy -I../Drivers/STM32F3xx_HAL_Driver/Inc -I../Drivers/CMSIS/Device/ST/STM32F3xx/Include -I../Drivers/CMSIS/Include -O0 -ffunction-sections -fdata-sections -Wall -fstack-usage -fcyclomatic-complexity -MMD -MP -MF"Drivers/STM32F3xx_HAL_Driver/Src/stm32f3xx_hal_i2c.d" -MT"Drivers/STM32F3xx_HAL_Driver/Src/stm32f3xx_hal_i2c.o" --specs=nano.specs -mfpu=fpv4-sp-d16 -mfloat-abi=hard -mthumb -o "Drivers/STM32F3xx_HAL_Driver/Src/stm32f3xx_hal_i2c.o"
arm-none-eabi-gcc "../Drivers/STM32F3xx_HAL_Driver/Src/stm32f3xx_hal_i2c_ex.c" -mcpu=cortex-m4 -std=gnu11 -g3 -DDEBUG -DUSE_HAL_DRIVER -DSTM32F303xE -c -I../Core/Inc -I../Drivers/STM32F3xx_HAL_Driver/Inc/Legacy -I../Drivers/STM32F3xx_HAL_Driver/Inc -I../Drivers/CMSIS/Device/ST/STM32F3xx/Include -I../Drivers/CMSIS/Include -O0 -ffunction-sections -fdata-sections -Wall -fstack-usage -fcyclomatic-complexity -MMD -MP -MF"Drivers/STM32F3xx_HAL_Driver/Src/stm32f3xx_hal_i2c_ex.d" -MT"Drivers/STM32F3xx_HAL_Driver/Src/stm32f3xx_hal_i2c_ex.o" --specs=nano.specs -mfpu=fpv4-sp-d16 -mfloat-abi=hard -mthumb -o "Drivers/STM32F3xx_HAL_Driver/Src/stm32f3xx_hal_i2c_ex.o"
arm-none-eabi-gcc "../Drivers/STM32F3xx_HAL_Driver/Src/stm32f3xx_hal_pwr.c" -mcpu=cortex-m4 -std=gnu11 -g3 -DDEBUG -DUSE_HAL_DRIVER -DSTM32F303xE -c -I../Core/Inc -I../Drivers/STM32F3xx_HAL_Driver/Inc/Legacy -I../Drivers/STM32F3xx_HAL_Driver/Inc -I../Drivers/CMSIS/Device/ST/STM32F3xx/Include -I../Drivers/CMSIS/Include -O0 -ffunction-sections -fdata-sections -Wall -fstack-usage -fcyclomatic-complexity -MMD -MP -MF"Drivers/STM32F3xx_HAL_Driver/Src/stm32f3xx_hal_pwr.d" -MT"Drivers/STM32F3xx_HAL_Driver/Src/stm32f3xx_hal_pwr.o" --specs=nano.specs -mfpu=fpv4-sp-d16 -mfloat-abi=hard -mthumb -o "Drivers/STM32F3xx_HAL_Driver/Src/stm32f3xx_hal_pwr.o"
arm-none-eabi-gcc "../Drivers/STM32F3xx_HAL_Driver/Src/stm32f3xx_hal_pwr_ex.c" -mcpu=cortex-m4 -std=gnu11 -g3 -DDEBUG -DUSE_HAL_DRIVER -DSTM32F303xE -c -I../Core/Inc -I../Drivers/STM32F3xx_HAL_Driver/Inc/Legacy -I../Drivers/STM32F3xx_HAL_Driver/Inc -I../Drivers/CMSIS/Device/ST/STM32F3xx/Include -I../Drivers/CMSIS/Include -O0 -ffunction-sections -fdata-sections -Wall -fstack-usage -fcyclomatic-complexity -MMD -MP -MF"Drivers/STM32F3xx_HAL_Driver/Src/stm32f3xx_hal_pwr_ex.d" -MT"Drivers/STM32F3xx_HAL_Driver/Src/stm32f3xx_hal_pwr_ex.o" --specs=nano.specs -mfpu=fpv4-sp-d16 -mfloat-abi=hard -mthumb -o "Drivers/STM32F3xx_HAL_Driver/Src/stm32f3xx_hal_pwr_ex.o"
arm-none-eabi-gcc "../Drivers/STM32F3xx_HAL_Driver/Src/stm32f3xx_hal_rcc.c" -mcpu=cortex-m4 -std=gnu11 -g3 -DDEBUG -DUSE_HAL_DRIVER -DSTM32F303xE -c -I../Core/Inc -I../Drivers/STM32F3xx_HAL_Driver/Inc/Legacy -I../Drivers/STM32F3xx_HAL_Driver/Inc -I../Drivers/CMSIS/Device/ST/STM32F3xx/Include -I../Drivers/CMSIS/Include -O0 -ffunction-sections -fdata-sections -Wall -fstack-usage -fcyclomatic-complexity -MMD -MP -MF"Drivers/STM32F3xx_HAL_Driver/Src/stm32f3xx_hal_rcc.d" -MT"Drivers/STM32F3xx_HAL_Driver/Src/stm32f3xx_hal_rcc.o" --specs=nano.specs -mfpu=fpv4-sp-d16 -mfloat-abi=hard -mthumb -o "Drivers/STM32F3xx_HAL_Driver/Src/stm32f3xx_hal_rcc.o"
arm-none-eabi-gcc "../Drivers/STM32F3xx_HAL_Driver/Src/stm32f3xx_hal_rcc_ex.c" -mcpu=cortex-m4 -std=gnu11 -g3 -DDEBUG -DUSE_HAL_DRIVER -DSTM32F303xE -c -I../Core/Inc -I../Drivers/STM32F3xx_HAL_Driver/Inc/Legacy -I../Drivers/STM32F3xx_HAL_Driver/Inc -I../Drivers/CMSIS/Device/ST/STM32F3xx/Include -I../Drivers/CMSIS/Include -O0 -ffunction-sections -fdata-sections -Wall -fstack-usage -fcyclomatic-complexity -MMD -MP -MF"Drivers/STM32F3xx_HAL_Driver/Src/stm32f3xx_hal_rcc_ex.d" -MT"Drivers/STM32F3xx_HAL_Driver/Src/stm32f3xx_hal_rcc_ex.o" --specs=nano.specs -mfpu=fpv4-sp-d16 -mfloat-abi=hard -mthumb -o "Drivers/STM32F3xx_HAL_Driver/Src/stm32f3xx_hal_rcc_ex.o"
arm-none-eabi-gcc "../Drivers/STM32F3xx_HAL_Driver/Src/stm32f3xx_hal_tim.c" -mcpu=cortex-m4 -std=gnu11 -g3 -DDEBUG -DUSE_HAL_DRIVER -DSTM32F303xE -c -I../Core/Inc -I../Drivers/STM32F3xx_HAL_Driver/Inc/Legacy -I../Drivers/STM32F3xx_HAL_Driver/Inc -I../Drivers/CMSIS/Device/ST/STM32F3xx/Include -I../Drivers/CMSIS/Include -O0 -ffunction-sections -fdata-sections -Wall -fstack-usage -fcyclomatic-complexity -MMD -MP -MF"Drivers/STM32F3xx_HAL_Driver/Src/stm32f3xx_hal_tim.d" -MT"Drivers/STM32F3xx_HAL_Driver/Src/stm32f3xx_hal_tim.o" --specs=nano.specs -mfpu=fpv4-sp-d16 -mfloat-abi=hard -mthumb -o "Drivers/STM32F3xx_HAL_Driver/Src/stm32f3xx_hal_tim.o"
arm-none-eabi-gcc "../Drivers/STM32F3xx_HAL_Driver/Src/stm32f3xx_hal_tim_ex.c" -mcpu=cortex-m4 -std=gnu11 -g3 -DDEBUG -DUSE_HAL_DRIVER -DSTM32F303xE -c -I../Core/Inc -I../Drivers/STM32F3xx_HAL_Driver/Inc/Legacy -I../Drivers/STM32F3xx_HAL_Driver/Inc -I../Drivers/CMSIS/Device/ST/STM32F3xx/Include -I../Drivers/CMSIS/Include -O0 -ffunction-sections -fdata-sections -Wall -fstack-usage -fcyclomatic-complexity -MMD -MP -MF"Drivers/STM32F3xx_HAL_Driver/Src/stm32f3xx_hal_tim_ex.d" -MT"Drivers/STM32F3xx_HAL_Driver/Src/stm32f3xx_hal_tim_ex.o" --specs=nano.specs -mfpu=fpv4-sp-d16 -mfloat-abi=hard -mthumb -o "Drivers/STM32F3xx_HAL_Driver/Src/stm32f3xx_hal_tim_ex.o"
arm-none-eabi-gcc -mcpu=cortex-m4 -g3 -DDEBUG -c -x assembler-with-cpp -MMD -MP -MF"Core/Startup/startup_stm32f303retx.d" -MT"Core/Startup/startup_stm32f303retx.o" --specs=nano.specs -mfpu=fpv4-sp-d16 -mfloat-abi=hard -mthumb -o "Core/Startup/startup_stm32f303retx.o" "../Core/Startup/startup_stm32f303retx.s"
arm-none-eabi-gcc "../Core/Src/main.c" -mcpu=cortex-m4 -std=gnu11 -g3 -DDEBUG -DUSE_HAL_DRIVER -DSTM32F303xE -c -I../Core/Inc -I../Drivers/STM32F3xx_HAL_Driver/Inc/Legacy -I../Drivers/STM32F3xx_HAL_Driver/Inc -I../Drivers/CMSIS/Device/ST/STM32F3xx/Include -I../Drivers/CMSIS/Include -O0 -ffunction-sections -fdata-sections -Wall -fstack-usage -fcyclomatic-complexity -MMD -MP -MF"Core/Src/main.d" -MT"Core/Src/main.o" --specs=nano.specs -mfpu=fpv4-sp-d16 -mfloat-abi=hard -mthumb -o "Core/Src/main.o"
arm-none-eabi-gcc "../Core/Src/stm32f3xx_hal_msp.c" -mcpu=cortex-m4 -std=gnu11 -g3 -DDEBUG -DUSE_HAL_DRIVER -DSTM32F303xE -c -I../Core/Inc -I../Drivers/STM32F3xx_HAL_Driver/Inc/Legacy -I../Drivers/STM32F3xx_HAL_Driver/Inc -I../Drivers/CMSIS/Device/ST/STM32F3xx/Include -I../Drivers/CMSIS/Include -O0 -ffunction-sections -fdata-sections -Wall -fstack-usage -fcyclomatic-complexity -MMD -MP -MF"Core/Src/stm32f3xx_hal_msp.d" -MT"Core/Src/stm32f3xx_hal_msp.o" --specs=nano.specs -mfpu=fpv4-sp-d16 -mfloat-abi=hard -mthumb -o "Core/Src/stm32f3xx_hal_msp.o"
../Core/Src/main.c: In function 'HAL_TIM_PeriodElapsedCallback':
../Core/Src/main.c:81:17: error: too many arguments to function 'HAL_GPIO_TogglePin'
   81 |                 HAL_GPIO_TogglePin(GPIOA, GPIO_PIN_5, GPIO_PIN_RESET);
      |                 ^~~~~~~~~~~~~~~~~~
In file included from ../Core/Inc/stm32f3xx_hal_conf.h:204,
                 from ../Drivers/STM32F3xx_HAL_Driver/Inc/stm32f3xx_hal.h:29,
                 from ../Core/Inc/main.h:30,
                 from ../Core/Src/main.c:20:
../Drivers/STM32F3xx_HAL_Driver/Inc/stm32f3xx_hal_gpio.h:296:19: note: declared here
  296 | void              HAL_GPIO_TogglePin(GPIO_TypeDef* GPIOx, uint16_t GPIO_Pin);
      |                   ^~~~~~~~~~~~~~~~~~
../Core/Src/main.c:82:17: error: too many arguments to function 'HAL_GPIO_TogglePin'
   82 |                 HAL_GPIO_TogglePin(GPIOA, GPIO_PIN_6, GPIO_PIN_RESET);
      |                 ^~~~~~~~~~~~~~~~~~
../Drivers/STM32F3xx_HAL_Driver/Inc/stm32f3xx_hal_gpio.h:296:19: note: declared here
  296 | void              HAL_GPIO_TogglePin(GPIO_TypeDef* GPIOx, uint16_t GPIO_Pin);
      |                   ^~~~~~~~~~~~~~~~~~
../Core/Src/main.c:83:17: error: too many arguments to function 'HAL_GPIO_TogglePin'
   83 |                 HAL_GPIO_TogglePin(GPIOA, GPIO_PIN_7, GPIO_PIN_RESET);
      |                 ^~~~~~~~~~~~~~~~~~
../Drivers/STM32F3xx_HAL_Driver/Inc/stm32f3xx_hal_gpio.h:296:19: note: declared here
  296 | void              HAL_GPIO_TogglePin(GPIO_TypeDef* GPIOx, uint16_t GPIO_Pin);
      |                   ^~~~~~~~~~~~~~~~~~
../Core/Src/main.c:84:17: error: too many arguments to function 'HAL_GPIO_TogglePin'
   84 |                 HAL_GPIO_TogglePin(GPIOB, GPIO_PIN_6, GPIO_PIN_RESET);
      |                 ^~~~~~~~~~~~~~~~~~
../Drivers/STM32F3xx_HAL_Driver/Inc/stm32f3xx_hal_gpio.h:296:19: note: declared here
  296 | void              HAL_GPIO_TogglePin(GPIO_TypeDef* GPIOx, uint16_t GPIO_Pin);
      |                   ^~~~~~~~~~~~~~~~~~
make: *** [Core/Src/subdir.mk:34: Core/Src/main.o] Error 1
make: *** Waiting for unfinished jobs....
"make -j2 all" terminated with exit code 2. Build might be incomplete.
10:57:05 **** Incremental Build of configuration Debug for project study_stm_1 ****
make -j2 all 
arm-none-eabi-gcc "../Core/Src/main.c" -mcpu=cortex-m4 -std=gnu11 -g3 -DDEBUG -DUSE_HAL_DRIVER -DSTM32F303xE -c -I../Core/Inc -I../Drivers/STM32F3xx_HAL_Driver/Inc/Legacy -I../Drivers/STM32F3xx_HAL_Driver/Inc -I../Drivers/CMSIS/Device/ST/STM32F3xx/Include -I../Drivers/CMSIS/Include -O0 -ffunction-sections -fdata-sections -Wall -fstack-usage -fcyclomatic-complexity -MMD -MP -MF"Core/Src/main.d" -MT"Core/Src/main.o" --specs=nano.specs -mfpu=fpv4-sp-d16 -mfloat-abi=hard -mthumb -o "Core/Src/main.o"
arm-none-eabi-gcc "../Core/Src/stm32f3xx_it.c" -mcpu=cortex-m4 -std=gnu11 -g3 -DDEBUG -DUSE_HAL_DRIVER -DSTM32F303xE -c -I../Core/Inc -I../Drivers/STM32F3xx_HAL_Driver/Inc/Legacy -I../Drivers/STM32F3xx_HAL_Driver/Inc -I../Drivers/CMSIS/Device/ST/STM32F3xx/Include -I../Drivers/CMSIS/Include -O0 -ffunction-sections -fdata-sections -Wall -fstack-usage -fcyclomatic-complexity -MMD -MP -MF"Core/Src/stm32f3xx_it.d" -MT"Core/Src/stm32f3xx_it.o" --specs=nano.specs -mfpu=fpv4-sp-d16 -mfloat-abi=hard -mthumb -o "Core/Src/stm32f3xx_it.o"
arm-none-eabi-gcc "../Core/Src/syscalls.c" -mcpu=cortex-m4 -std=gnu11 -g3 -DDEBUG -DUSE_HAL_DRIVER -DSTM32F303xE -c -I../Core/Inc -I../Drivers/STM32F3xx_HAL_Driver/Inc/Legacy -I../Drivers/STM32F3xx_HAL_Driver/Inc -I../Drivers/CMSIS/Device/ST/STM32F3xx/Include -I../Drivers/CMSIS/Include -O0 -ffunction-sections -fdata-sections -Wall -fstack-usage -fcyclomatic-complexity -MMD -MP -MF"Core/Src/syscalls.d" -MT"Core/Src/syscalls.o" --specs=nano.specs -mfpu=fpv4-sp-d16 -mfloat-abi=hard -mthumb -o "Core/Src/syscalls.o"
arm-none-eabi-gcc "../Core/Src/sysmem.c" -mcpu=cortex-m4 -std=gnu11 -g3 -DDEBUG -DUSE_HAL_DRIVER -DSTM32F303xE -c -I../Core/Inc -I../Drivers/STM32F3xx_HAL_Driver/Inc/Legacy -I../Drivers/STM32F3xx_HAL_Driver/Inc -I../Drivers/CMSIS/Device/ST/STM32F3xx/Include -I../Drivers/CMSIS/Include -O0 -ffunction-sections -fdata-sections -Wall -fstack-usage -fcyclomatic-complexity -MMD -MP -MF"Core/Src/sysmem.d" -MT"Core/Src/sysmem.o" --specs=nano.specs -mfpu=fpv4-sp-d16 -mfloat-abi=hard -mthumb -o "Core/Src/sysmem.o"
arm-none-eabi-gcc "../Core/Src/system_stm32f3xx.c" -mcpu=cortex-m4 -std=gnu11 -g3 -DDEBUG -DUSE_HAL_DRIVER -DSTM32F303xE -c -I../Core/Inc -I../Drivers/STM32F3xx_HAL_Driver/Inc/Legacy -I../Drivers/STM32F3xx_HAL_Driver/Inc -I../Drivers/CMSIS/Device/ST/STM32F3xx/Include -I../Drivers/CMSIS/Include -O0 -ffunction-sections -fdata-sections -Wall -fstack-usage -fcyclomatic-complexity -MMD -MP -MF"Core/Src/system_stm32f3xx.d" -MT"Core/Src/system_stm32f3xx.o" --specs=nano.specs -mfpu=fpv4-sp-d16 -mfloat-abi=hard -mthumb -o "Core/Src/system_stm32f3xx.o"
arm-none-eabi-gcc -o "study_stm_1.elf" @"objects.list"   -mcpu=cortex-m4 -T"C:\Program Files\STM32CubeIDE\workspace_1.18.0\study_stm\study_stm_1\STM32F303RETX_FLASH.ld" --specs=nosys.specs -Wl,-Map="study_stm_1.map" -Wl,--gc-sections -static --specs=nano.specs -mfpu=fpv4-sp-d16 -mfloat-abi=hard -mthumb -Wl,--start-group -lc -lm -Wl,--end-group
Finished building target: study_stm_1.elf
 
arm-none-eabi-size  study_stm_1.elf 
arm-none-eabi-objdump -h -S study_stm_1.elf  > "study_stm_1.list"
   text	   data	    bss	    dec	    hex	filename
  18136	     20	   2236	  20392	   4fa8	study_stm_1.elf
Finished building: default.size.stdout
 
arm-none-eabi-objcopy  -O ihex study_stm_1.elf  "study_stm_1.hex"
Finished building: study_stm_1.list
Finished building: study_stm_1.hex
 
 
arm-none-eabi-objcopy  -O binary study_stm_1.elf  "study_stm_1.bin"
Finished building: study_stm_1.bin
 
11:01:19 **** Incremental Build of configuration Debug for project study_stm_1 ****
make -j2 all 
arm-none-eabi-gcc "../Core/Src/main.c" -mcpu=cortex-m4 -std=gnu11 -g3 -DDEBUG -DUSE_HAL_DRIVER -DSTM32F303xE -c -I../Core/Inc -I../Drivers/STM32F3xx_HAL_Driver/Inc/Legacy -I../Drivers/STM32F3xx_HAL_Driver/Inc -I../Drivers/CMSIS/Device/ST/STM32F3xx/Include -I../Drivers/CMSIS/Include -O0 -ffunction-sections -fdata-sections -Wall -fstack-usage -fcyclomatic-complexity -MMD -MP -MF"Core/Src/main.d" -MT"Core/Src/main.o" --specs=nano.specs -mfpu=fpv4-sp-d16 -mfloat-abi=hard -mthumb -o "Core/Src/main.o"
arm-none-eabi-gcc -o "study_stm_1.elf" @"objects.list"   -mcpu=cortex-m4 -T"C:\Program Files\STM32CubeIDE\workspace_1.18.0\study_stm\study_stm_1\STM32F303RETX_FLASH.ld" --specs=nosys.specs -Wl,-Map="study_stm_1.map" -Wl,--gc-sections -static --specs=nano.specs -mfpu=fpv4-sp-d16 -mfloat-abi=hard -mthumb -Wl,--start-group -lc -lm -Wl,--end-group
Finished building target: study_stm_1.elf
 
arm-none-eabi-size  study_stm_1.elf 
arm-none-eabi-objdump -h -S study_stm_1.elf  > "study_stm_1.list"
   text	   data	    bss	    dec	    hex	filename
  18180	     20	   2244	  20444	   4fdc	study_stm_1.elf
Finished building: default.size.stdout
 
arm-none-eabi-objcopy  -O ihex study_stm_1.elf  "study_stm_1.hex"
Finished building: study_stm_1.list
 
arm-none-eabi-objcopy  -O binary study_stm_1.elf  "study_stm_1.bin"
Finished building: study_stm_1.hex
 
Finished building: study_stm_1.bin
 
11:03:03 **** Incremental Build of configuration Debug for project study_stm_1 ****
make -j2 all 
arm-none-eabi-gcc "../Core/Src/main.c" -mcpu=cortex-m4 -std=gnu11 -g3 -DDEBUG -DUSE_HAL_DRIVER -DSTM32F303xE -c -I../Core/Inc -I../Drivers/STM32F3xx_HAL_Driver/Inc/Legacy -I../Drivers/STM32F3xx_HAL_Driver/Inc -I../Drivers/CMSIS/Device/ST/STM32F3xx/Include -I../Drivers/CMSIS/Include -O0 -ffunction-sections -fdata-sections -Wall -fstack-usage -fcyclomatic-complexity -MMD -MP -MF"Core/Src/main.d" -MT"Core/Src/main.o" --specs=nano.specs -mfpu=fpv4-sp-d16 -mfloat-abi=hard -mthumb -o "Core/Src/main.o"
arm-none-eabi-gcc -o "study_stm_1.elf" @"objects.list"   -mcpu=cortex-m4 -T"C:\Program Files\STM32CubeIDE\workspace_1.18.0\study_stm\study_stm_1\STM32F303RETX_FLASH.ld" --specs=nosys.specs -Wl,-Map="study_stm_1.map" -Wl,--gc-sections -static --specs=nano.specs -mfpu=fpv4-sp-d16 -mfloat-abi=hard -mthumb -Wl,--start-group -lc -lm -Wl,--end-group
Finished building target: study_stm_1.elf
 
arm-none-eabi-size  study_stm_1.elf 
arm-none-eabi-objdump -h -S study_stm_1.elf  > "study_stm_1.list"
   text	   data	    bss	    dec	    hex	filename
  17860	     20	   2236	  20116	   4e94	study_stm_1.elf
Finished building: default.size.stdout
 
arm-none-eabi-objcopy  -O ihex study_stm_1.elf  "study_stm_1.hex"
Finished building: study_stm_1.list
 
Finished building: study_stm_1.hex
arm-none-eabi-objcopy  -O binary study_stm_1.elf  "study_stm_1.bin"
 
Finished building: study_stm_1.bin
 
11:06:28 **** Incremental Build of configuration Debug for project study_stm_1 ****
make -j2 all 
arm-none-eabi-gcc "../Core/Src/main.c" -mcpu=cortex-m4 -std=gnu11 -g3 -DDEBUG -DUSE_HAL_DRIVER -DSTM32F303xE -c -I../Core/Inc -I../Drivers/STM32F3xx_HAL_Driver/Inc/Legacy -I../Drivers/STM32F3xx_HAL_Driver/Inc -I../Drivers/CMSIS/Device/ST/STM32F3xx/Include -I../Drivers/CMSIS/Include -O0 -ffunction-sections -fdata-sections -Wall -fstack-usage -fcyclomatic-complexity -MMD -MP -MF"Core/Src/main.d" -MT"Core/Src/main.o" --specs=nano.specs -mfpu=fpv4-sp-d16 -mfloat-abi=hard -mthumb -o "Core/Src/main.o"
arm-none-eabi-gcc -o "study_stm_1.elf" @"objects.list"   -mcpu=cortex-m4 -T"C:\Program Files\STM32CubeIDE\workspace_1.18.0\study_stm\study_stm_1\STM32F303RETX_FLASH.ld" --specs=nosys.specs -Wl,-Map="study_stm_1.map" -Wl,--gc-sections -static --specs=nano.specs -mfpu=fpv4-sp-d16 -mfloat-abi=hard -mthumb -Wl,--start-group -lc -lm -Wl,--end-group
Finished building target: study_stm_1.elf
 
arm-none-eabi-size  study_stm_1.elf 
arm-none-eabi-objdump -h -S study_stm_1.elf  > "study_stm_1.list"
   text	   data	    bss	    dec	    hex	filename
  18524	     20	   2244	  20788	   5134	study_stm_1.elf
Finished building: default.size.stdout
 
arm-none-eabi-objcopy  -O ihex study_stm_1.elf  "study_stm_1.hex"
Finished building: study_stm_1.list
 
arm-none-eabi-objcopy  -O binary study_stm_1.elf  "study_stm_1.bin"
Finished building: study_stm_1.hex
 
Finished building: study_stm_1.bin
 
11:07:56 **** Incremental Build of configuration Debug for project study_stm_1 ****
make -j2 all 
arm-none-eabi-gcc "../Core/Src/main.c" -mcpu=cortex-m4 -std=gnu11 -g3 -DDEBUG -DUSE_HAL_DRIVER -DSTM32F303xE -c -I../Core/Inc -I../Drivers/STM32F3xx_HAL_Driver/Inc/Legacy -I../Drivers/STM32F3xx_HAL_Driver/Inc -I../Drivers/CMSIS/Device/ST/STM32F3xx/Include -I../Drivers/CMSIS/Include -O0 -ffunction-sections -fdata-sections -Wall -fstack-usage -fcyclomatic-complexity -MMD -MP -MF"Core/Src/main.d" -MT"Core/Src/main.o" --specs=nano.specs -mfpu=fpv4-sp-d16 -mfloat-abi=hard -mthumb -o "Core/Src/main.o"
arm-none-eabi-gcc -o "study_stm_1.elf" @"objects.list"   -mcpu=cortex-m4 -T"C:\Program Files\STM32CubeIDE\workspace_1.18.0\study_stm\study_stm_1\STM32F303RETX_FLASH.ld" --specs=nosys.specs -Wl,-Map="study_stm_1.map" -Wl,--gc-sections -static --specs=nano.specs -mfpu=fpv4-sp-d16 -mfloat-abi=hard -mthumb -Wl,--start-group -lc -lm -Wl,--end-group
Finished building target: study_stm_1.elf
 
arm-none-eabi-size  study_stm_1.elf 
arm-none-eabi-objdump -h -S study_stm_1.elf  > "study_stm_1.list"
   text	   data	    bss	    dec	    hex	filename
  18208	     20	   2244	  20472	   4ff8	study_stm_1.elf
Finished building: default.size.stdout
 
arm-none-eabi-objcopy  -O ihex study_stm_1.elf  "study_stm_1.hex"
Finished building: study_stm_1.list
 
Finished building: study_stm_1.hex
arm-none-eabi-objcopy  -O binary study_stm_1.elf  "study_stm_1.bin"
 
Finished building: study_stm_1.bin
 
11:09:18 **** Incremental Build of configuration Debug for project study_stm_1 ****
make -j2 all 
arm-none-eabi-gcc "../Core/Src/main.c" -mcpu=cortex-m4 -std=gnu11 -g3 -DDEBUG -DUSE_HAL_DRIVER -DSTM32F303xE -c -I../Core/Inc -I../Drivers/STM32F3xx_HAL_Driver/Inc/Legacy -I../Drivers/STM32F3xx_HAL_Driver/Inc -I../Drivers/CMSIS/Device/ST/STM32F3xx/Include -I../Drivers/CMSIS/Include -O0 -ffunction-sections -fdata-sections -Wall -fstack-usage -fcyclomatic-complexity -MMD -MP -MF"Core/Src/main.d" -MT"Core/Src/main.o" --specs=nano.specs -mfpu=fpv4-sp-d16 -mfloat-abi=hard -mthumb -o "Core/Src/main.o"
arm-none-eabi-gcc -o "study_stm_1.elf" @"objects.list"   -mcpu=cortex-m4 -T"C:\Program Files\STM32CubeIDE\workspace_1.18.0\study_stm\study_stm_1\STM32F303RETX_FLASH.ld" --specs=nosys.specs -Wl,-Map="study_stm_1.map" -Wl,--gc-sections -static --specs=nano.specs -mfpu=fpv4-sp-d16 -mfloat-abi=hard -mthumb -Wl,--start-group -lc -lm -Wl,--end-group
Finished building target: study_stm_1.elf
 
arm-none-eabi-size  study_stm_1.elf 
arm-none-eabi-objdump -h -S study_stm_1.elf  > "study_stm_1.list"
   text	   data	    bss	    dec	    hex	filename
  18200	     20	   2244	  20464	   4ff0	study_stm_1.elf
Finished building: default.size.stdout
 
arm-none-eabi-objcopy  -O ihex study_stm_1.elf  "study_stm_1.hex"
Finished building: study_stm_1.list
Finished building: study_stm_1.hex
 
arm-none-eabi-objcopy  -O binary study_stm_1.elf  "study_stm_1.bin"
 
Finished building: study_stm_1.bin
 
11:11:34 **** Incremental Build of configuration Debug for project study_stm_1 ****
make -j2 all 
arm-none-eabi-gcc "../Core/Src/main.c" -mcpu=cortex-m4 -std=gnu11 -g3 -DDEBUG -DUSE_HAL_DRIVER -DSTM32F303xE -c -I../Core/Inc -I../Drivers/STM32F3xx_HAL_Driver/Inc/Legacy -I../Drivers/STM32F3xx_HAL_Driver/Inc -I../Drivers/CMSIS/Device/ST/STM32F3xx/Include -I../Drivers/CMSIS/Include -O0 -ffunction-sections -fdata-sections -Wall -fstack-usage -fcyclomatic-complexity -MMD -MP -MF"Core/Src/main.d" -MT"Core/Src/main.o" --specs=nano.specs -mfpu=fpv4-sp-d16 -mfloat-abi=hard -mthumb -o "Core/Src/main.o"
../Core/Src/main.c: In function 'HAL_TIM_PeriodElapsedCallback':
../Core/Src/main.c:169:5: warning: 'main' is normally a non-static function [-Wmain]
  169 | int main(void)
      |     ^~~~
../Core/Src/main.c:307:13: error: invalid storage class for function 'MX_ADC1_Init'
  307 | static void MX_ADC1_Init(void)
      |             ^~~~~~~~~~~~
../Core/Src/main.c:373:13: error: invalid storage class for function 'MX_DAC1_Init'
  373 | static void MX_DAC1_Init(void)
      |             ^~~~~~~~~~~~
../Core/Src/main.c:413:13: error: invalid storage class for function 'MX_TIM1_Init'
  413 | static void MX_TIM1_Init(void)
      |             ^~~~~~~~~~~~
../Core/Src/main.c:460:13: error: invalid storage class for function 'MX_TIM2_Init'
  460 | static void MX_TIM2_Init(void)
      |             ^~~~~~~~~~~~
../Core/Src/main.c:505:13: error: invalid storage class for function 'MX_GPIO_Init'
  505 | static void MX_GPIO_Init(void)
      |             ^~~~~~~~~~~~
../Core/Src/main.c:558:1: error: expected declaration or statement at end of input
  558 | }
      | ^
../Core/Src/main.c: At top level:
../Core/Src/main.c:68:13: warning: 'MX_GPIO_Init' used but never defined
   68 | static void MX_GPIO_Init(void);
      |             ^~~~~~~~~~~~
../Core/Src/main.c:69:13: warning: 'MX_DAC1_Init' used but never defined
   69 | static void MX_DAC1_Init(void);
      |             ^~~~~~~~~~~~
../Core/Src/main.c:70:13: warning: 'MX_ADC1_Init' used but never defined
   70 | static void MX_ADC1_Init(void);
      |             ^~~~~~~~~~~~
../Core/Src/main.c:71:13: warning: 'MX_TIM2_Init' used but never defined
   71 | static void MX_TIM2_Init(void);
      |             ^~~~~~~~~~~~
../Core/Src/main.c:72:13: warning: 'MX_TIM1_Init' used but never defined
   72 | static void MX_TIM1_Init(void);
      |             ^~~~~~~~~~~~
../Core/Src/main.c:549:6: warning: 'Error_Handler' defined but not used [-Wunused-function]
  549 | void Error_Handler(void)
      |      ^~~~~~~~~~~~~
../Core/Src/main.c:505:13: warning: 'MX_GPIO_Init' defined but not used [-Wunused-function]
  505 | static void MX_GPIO_Init(void)
      |             ^~~~~~~~~~~~
../Core/Src/main.c:460:13: warning: 'MX_TIM2_Init' defined but not used [-Wunused-function]
  460 | static void MX_TIM2_Init(void)
      |             ^~~~~~~~~~~~
../Core/Src/main.c:413:13: warning: 'MX_TIM1_Init' defined but not used [-Wunused-function]
  413 | static void MX_TIM1_Init(void)
      |             ^~~~~~~~~~~~
../Core/Src/main.c:373:13: warning: 'MX_DAC1_Init' defined but not used [-Wunused-function]
  373 | static void MX_DAC1_Init(void)
      |             ^~~~~~~~~~~~
../Core/Src/main.c:307:13: warning: 'MX_ADC1_Init' defined but not used [-Wunused-function]
  307 | static void MX_ADC1_Init(void)
      |             ^~~~~~~~~~~~
../Core/Src/main.c:257:6: warning: 'SystemClock_Config' defined but not used [-Wunused-function]
  257 | void SystemClock_Config(void)
      |      ^~~~~~~~~~~~~~~~~~
../Core/Src/main.c:169:5: warning: 'main' defined but not used [-Wunused-function]
  169 | int main(void)
      |     ^~~~
make: *** [Core/Src/subdir.mk:34: Core/Src/main.o] Error 1
"make -j2 all" terminated with exit code 2. Build might be incomplete.
11:16:12 **** Incremental Build of configuration Debug for project study_stm_1 ****
make -j2 all 
arm-none-eabi-gcc "../Core/Src/main.c" -mcpu=cortex-m4 -std=gnu11 -g3 -DDEBUG -DUSE_HAL_DRIVER -DSTM32F303xE -c -I../Core/Inc -I../Drivers/STM32F3xx_HAL_Driver/Inc/Legacy -I../Drivers/STM32F3xx_HAL_Driver/Inc -I../Drivers/CMSIS/Device/ST/STM32F3xx/Include -I../Drivers/CMSIS/Include -O0 -ffunction-sections -fdata-sections -Wall -fstack-usage -fcyclomatic-complexity -MMD -MP -MF"Core/Src/main.d" -MT"Core/Src/main.o" --specs=nano.specs -mfpu=fpv4-sp-d16 -mfloat-abi=hard -mthumb -o "Core/Src/main.o"
arm-none-eabi-gcc -o "study_stm_1.elf" @"objects.list"   -mcpu=cortex-m4 -T"C:\Program Files\STM32CubeIDE\workspace_1.18.0\study_stm\study_stm_1\STM32F303RETX_FLASH.ld" --specs=nosys.specs -Wl,-Map="study_stm_1.map" -Wl,--gc-sections -static --specs=nano.specs -mfpu=fpv4-sp-d16 -mfloat-abi=hard -mthumb -Wl,--start-group -lc -lm -Wl,--end-group
Finished building target: study_stm_1.elf
 
arm-none-eabi-size  study_stm_1.elf 
arm-none-eabi-objdump -h -S study_stm_1.elf  > "study_stm_1.list"
   text	   data	    bss	    dec	    hex	filename
  17840	     20	   2236	  20096	   4e80	study_stm_1.elf
Finished building: default.size.stdout
 
arm-none-eabi-objcopy  -O ihex study_stm_1.elf  "study_stm_1.hex"
Finished building: study_stm_1.list
 
arm-none-eabi-objcopy  -O binary study_stm_1.elf  "study_stm_1.bin"
Finished building: study_stm_1.hex
 
Finished building: study_stm_1.bin
 
11:20:02 **** Incremental Build of configuration Debug for project study_stm_1 ****
make -j2 all 
arm-none-eabi-gcc "../Core/Src/main.c" -mcpu=cortex-m4 -std=gnu11 -g3 -DDEBUG -DUSE_HAL_DRIVER -DSTM32F303xE -c -I../Core/Inc -I../Drivers/STM32F3xx_HAL_Driver/Inc/Legacy -I../Drivers/STM32F3xx_HAL_Driver/Inc -I../Drivers/CMSIS/Device/ST/STM32F3xx/Include -I../Drivers/CMSIS/Include -O0 -ffunction-sections -fdata-sections -Wall -fstack-usage -fcyclomatic-complexity -MMD -MP -MF"Core/Src/main.d" -MT"Core/Src/main.o" --specs=nano.specs -mfpu=fpv4-sp-d16 -mfloat-abi=hard -mthumb -o "Core/Src/main.o"
arm-none-eabi-gcc -o "study_stm_1.elf" @"objects.list"   -mcpu=cortex-m4 -T"C:\Program Files\STM32CubeIDE\workspace_1.18.0\study_stm\study_stm_1\STM32F303RETX_FLASH.ld" --specs=nosys.specs -Wl,-Map="study_stm_1.map" -Wl,--gc-sections -static --specs=nano.specs -mfpu=fpv4-sp-d16 -mfloat-abi=hard -mthumb -Wl,--start-group -lc -lm -Wl,--end-group
Finished building target: study_stm_1.elf
 
arm-none-eabi-size  study_stm_1.elf 
arm-none-eabi-objdump -h -S study_stm_1.elf  > "study_stm_1.list"
   text	   data	    bss	    dec	    hex	filename
  18200	     20	   2244	  20464	   4ff0	study_stm_1.elf
Finished building: default.size.stdout
 
arm-none-eabi-objcopy  -O ihex study_stm_1.elf  "study_stm_1.hex"
Finished building: study_stm_1.list
Finished building: study_stm_1.hex
 
arm-none-eabi-objcopy  -O binary study_stm_1.elf  "study_stm_1.bin"
 
Finished building: study_stm_1.bin
 
11:22:21 **** Incremental Build of configuration Debug for project study_stm_1 ****
make -j2 all 
arm-none-eabi-gcc "../Core/Src/main.c" -mcpu=cortex-m4 -std=gnu11 -g3 -DDEBUG -DUSE_HAL_DRIVER -DSTM32F303xE -c -I../Core/Inc -I../Drivers/STM32F3xx_HAL_Driver/Inc/Legacy -I../Drivers/STM32F3xx_HAL_Driver/Inc -I../Drivers/CMSIS/Device/ST/STM32F3xx/Include -I../Drivers/CMSIS/Include -O0 -ffunction-sections -fdata-sections -Wall -fstack-usage -fcyclomatic-complexity -MMD -MP -MF"Core/Src/main.d" -MT"Core/Src/main.o" --specs=nano.specs -mfpu=fpv4-sp-d16 -mfloat-abi=hard -mthumb -o "Core/Src/main.o"
arm-none-eabi-gcc -o "study_stm_1.elf" @"objects.list"   -mcpu=cortex-m4 -T"C:\Program Files\STM32CubeIDE\workspace_1.18.0\study_stm\study_stm_1\STM32F303RETX_FLASH.ld" --specs=nosys.specs -Wl,-Map="study_stm_1.map" -Wl,--gc-sections -static --specs=nano.specs -mfpu=fpv4-sp-d16 -mfloat-abi=hard -mthumb -Wl,--start-group -lc -lm -Wl,--end-group
Finished building target: study_stm_1.elf
 
arm-none-eabi-size  study_stm_1.elf 
arm-none-eabi-objdump -h -S study_stm_1.elf  > "study_stm_1.list"
   text	   data	    bss	    dec	    hex	filename
  18184	     20	   2244	  20448	   4fe0	study_stm_1.elf
Finished building: default.size.stdout
 
arm-none-eabi-objcopy  -O ihex study_stm_1.elf  "study_stm_1.hex"
Finished building: study_stm_1.list
Finished building: study_stm_1.hex
 
 
arm-none-eabi-objcopy  -O binary study_stm_1.elf  "study_stm_1.bin"
Finished building: study_stm_1.bin
 
11:23:15 **** Incremental Build of configuration Debug for project study_stm_1 ****
make -j2 all 
arm-none-eabi-gcc "../Core/Src/main.c" -mcpu=cortex-m4 -std=gnu11 -g3 -DDEBUG -DUSE_HAL_DRIVER -DSTM32F303xE -c -I../Core/Inc -I../Drivers/STM32F3xx_HAL_Driver/Inc/Legacy -I../Drivers/STM32F3xx_HAL_Driver/Inc -I../Drivers/CMSIS/Device/ST/STM32F3xx/Include -I../Drivers/CMSIS/Include -O0 -ffunction-sections -fdata-sections -Wall -fstack-usage -fcyclomatic-complexity -MMD -MP -MF"Core/Src/main.d" -MT"Core/Src/main.o" --specs=nano.specs -mfpu=fpv4-sp-d16 -mfloat-abi=hard -mthumb -o "Core/Src/main.o"
arm-none-eabi-gcc -o "study_stm_1.elf" @"objects.list"   -mcpu=cortex-m4 -T"C:\Program Files\STM32CubeIDE\workspace_1.18.0\study_stm\study_stm_1\STM32F303RETX_FLASH.ld" --specs=nosys.specs -Wl,-Map="study_stm_1.map" -Wl,--gc-sections -static --specs=nano.specs -mfpu=fpv4-sp-d16 -mfloat-abi=hard -mthumb -Wl,--start-group -lc -lm -Wl,--end-group
Finished building target: study_stm_1.elf
 
arm-none-eabi-size  study_stm_1.elf 
arm-none-eabi-objdump -h -S study_stm_1.elf  > "study_stm_1.list"
   text	   data	    bss	    dec	    hex	filename
  18168	     20	   2244	  20432	   4fd0	study_stm_1.elf
Finished building: default.size.stdout
 
arm-none-eabi-objcopy  -O ihex study_stm_1.elf  "study_stm_1.hex"
Finished building: study_stm_1.list
 
Finished building: study_stm_1.hex
arm-none-eabi-objcopy  -O binary study_stm_1.elf  "study_stm_1.bin"
 
Finished building: study_stm_1.bin
 
11:28:57 **** Incremental Build of configuration Debug for project study_stm_1 ****
make -j2 all 
arm-none-eabi-gcc "../Core/Src/main.c" -mcpu=cortex-m4 -std=gnu11 -g3 -DDEBUG -DUSE_HAL_DRIVER -DSTM32F303xE -c -I../Core/Inc -I../Drivers/STM32F3xx_HAL_Driver/Inc/Legacy -I../Drivers/STM32F3xx_HAL_Driver/Inc -I../Drivers/CMSIS/Device/ST/STM32F3xx/Include -I../Drivers/CMSIS/Include -O0 -ffunction-sections -fdata-sections -Wall -fstack-usage -fcyclomatic-complexity -MMD -MP -MF"Core/Src/main.d" -MT"Core/Src/main.o" --specs=nano.specs -mfpu=fpv4-sp-d16 -mfloat-abi=hard -mthumb -o "Core/Src/main.o"
arm-none-eabi-gcc -o "study_stm_1.elf" @"objects.list"   -mcpu=cortex-m4 -T"C:\Program Files\STM32CubeIDE\workspace_1.18.0\study_stm\study_stm_1\STM32F303RETX_FLASH.ld" --specs=nosys.specs -Wl,-Map="study_stm_1.map" -Wl,--gc-sections -static --specs=nano.specs -mfpu=fpv4-sp-d16 -mfloat-abi=hard -mthumb -Wl,--start-group -lc -lm -Wl,--end-group
Finished building target: study_stm_1.elf
 
arm-none-eabi-size  study_stm_1.elf 
arm-none-eabi-objdump -h -S study_stm_1.elf  > "study_stm_1.list"
   text	   data	    bss	    dec	    hex	filename
  18496	     20	   2244	  20760	   5118	study_stm_1.elf
Finished building: default.size.stdout
 
arm-none-eabi-objcopy  -O ihex study_stm_1.elf  "study_stm_1.hex"
Finished building: study_stm_1.list
 
arm-none-eabi-objcopy  -O binary study_stm_1.elf  "study_stm_1.bin"
Finished building: study_stm_1.hex
 
Finished building: study_stm_1.bin
 
11:31:13 **** Incremental Build of configuration Debug for project study_stm_1 ****
make -j2 all 
arm-none-eabi-gcc "../Core/Src/main.c" -mcpu=cortex-m4 -std=gnu11 -g3 -DDEBUG -DUSE_HAL_DRIVER -DSTM32F303xE -c -I../Core/Inc -I../Drivers/STM32F3xx_HAL_Driver/Inc/Legacy -I../Drivers/STM32F3xx_HAL_Driver/Inc -I../Drivers/CMSIS/Device/ST/STM32F3xx/Include -I../Drivers/CMSIS/Include -O0 -ffunction-sections -fdata-sections -Wall -fstack-usage -fcyclomatic-complexity -MMD -MP -MF"Core/Src/main.d" -MT"Core/Src/main.o" --specs=nano.specs -mfpu=fpv4-sp-d16 -mfloat-abi=hard -mthumb -o "Core/Src/main.o"
arm-none-eabi-gcc -o "study_stm_1.elf" @"objects.list"   -mcpu=cortex-m4 -T"C:\Program Files\STM32CubeIDE\workspace_1.18.0\study_stm\study_stm_1\STM32F303RETX_FLASH.ld" --specs=nosys.specs -Wl,-Map="study_stm_1.map" -Wl,--gc-sections -static --specs=nano.specs -mfpu=fpv4-sp-d16 -mfloat-abi=hard -mthumb -Wl,--start-group -lc -lm -Wl,--end-group
Finished building target: study_stm_1.elf
 
arm-none-eabi-size  study_stm_1.elf 
arm-none-eabi-objdump -h -S study_stm_1.elf  > "study_stm_1.list"
   text	   data	    bss	    dec	    hex	filename
  18500	     20	   2244	  20764	   511c	study_stm_1.elf
Finished building: default.size.stdout
 
arm-none-eabi-objcopy  -O ihex study_stm_1.elf  "study_stm_1.hex"
Finished building: study_stm_1.list
 
arm-none-eabi-objcopy  -O binary study_stm_1.elf  "study_stm_1.bin"
Finished building: study_stm_1.hex
 
Finished building: study_stm_1.bin
 
11:32:54 **** Incremental Build of configuration Debug for project study_stm_1 ****
make -j2 all 
arm-none-eabi-size  study_stm_1.elf 
   text	   data	    bss	    dec	    hex	filename
  18500	     20	   2244	  20764	   511c	study_stm_1.elf
Finished building: default.size.stdout
 
11:49:15 **** Incremental Build of configuration Debug for project study_stm_1 ****
make -j2 all 
arm-none-eabi-gcc "../Core/Src/main.c" -mcpu=cortex-m4 -std=gnu11 -g3 -DDEBUG -DUSE_HAL_DRIVER -DSTM32F303xE -c -I../Core/Inc -I../Drivers/STM32F3xx_HAL_Driver/Inc/Legacy -I../Drivers/STM32F3xx_HAL_Driver/Inc -I../Drivers/CMSIS/Device/ST/STM32F3xx/Include -I../Drivers/CMSIS/Include -O0 -ffunction-sections -fdata-sections -Wall -fstack-usage -fcyclomatic-complexity -MMD -MP -MF"Core/Src/main.d" -MT"Core/Src/main.o" --specs=nano.specs -mfpu=fpv4-sp-d16 -mfloat-abi=hard -mthumb -o "Core/Src/main.o"
arm-none-eabi-gcc -o "study_stm_1.elf" @"objects.list"   -mcpu=cortex-m4 -T"C:\Program Files\STM32CubeIDE\workspace_1.18.0\study_stm\study_stm_1\STM32F303RETX_FLASH.ld" --specs=nosys.specs -Wl,-Map="study_stm_1.map" -Wl,--gc-sections -static --specs=nano.specs -mfpu=fpv4-sp-d16 -mfloat-abi=hard -mthumb -Wl,--start-group -lc -lm -Wl,--end-group
Finished building target: study_stm_1.elf
 
arm-none-eabi-size  study_stm_1.elf 
arm-none-eabi-objdump -h -S study_stm_1.elf  > "study_stm_1.list"
   text	   data	    bss	    dec	    hex	filename
  18516	     20	   2252	  20788	   5134	study_stm_1.elf
Finished building: default.size.stdout
 
arm-none-eabi-objcopy  -O ihex study_stm_1.elf  "study_stm_1.hex"
Finished building: study_stm_1.list
 
Finished building: study_stm_1.hex
arm-none-eabi-objcopy  -O binary study_stm_1.elf  "study_stm_1.bin"
 
Finished building: study_stm_1.bin
 
11:49:34 **** Incremental Build of configuration Debug for project study_stm_1 ****
make -j2 all 
arm-none-eabi-size  study_stm_1.elf 
   text	   data	    bss	    dec	    hex	filename
  18516	     20	   2252	  20788	   5134	study_stm_1.elf
Finished building: default.size.stdout
 
11:50:13 **** Incremental Build of configuration Debug for project study_stm_1 ****
make -j2 all 
arm-none-eabi-size  study_stm_1.elf 
   text	   data	    bss	    dec	    hex	filename
  18516	     20	   2252	  20788	   5134	study_stm_1.elf
Finished building: default.size.stdout
 
11:53:08 **** Incremental Build of configuration Debug for project study_stm_1 ****
make -j2 all 
arm-none-eabi-gcc "../Core/Src/main.c" -mcpu=cortex-m4 -std=gnu11 -g3 -DDEBUG -DUSE_HAL_DRIVER -DSTM32F303xE -c -I../Core/Inc -I../Drivers/STM32F3xx_HAL_Driver/Inc/Legacy -I../Drivers/STM32F3xx_HAL_Driver/Inc -I../Drivers/CMSIS/Device/ST/STM32F3xx/Include -I../Drivers/CMSIS/Include -O0 -ffunction-sections -fdata-sections -Wall -fstack-usage -fcyclomatic-complexity -MMD -MP -MF"Core/Src/main.d" -MT"Core/Src/main.o" --specs=nano.specs -mfpu=fpv4-sp-d16 -mfloat-abi=hard -mthumb -o "Core/Src/main.o"
arm-none-eabi-gcc -o "study_stm_1.elf" @"objects.list"   -mcpu=cortex-m4 -T"C:\Program Files\STM32CubeIDE\workspace_1.18.0\study_stm\study_stm_1\STM32F303RETX_FLASH.ld" --specs=nosys.specs -Wl,-Map="study_stm_1.map" -Wl,--gc-sections -static --specs=nano.specs -mfpu=fpv4-sp-d16 -mfloat-abi=hard -mthumb -Wl,--start-group -lc -lm -Wl,--end-group
Finished building target: study_stm_1.elf
 
arm-none-eabi-size  study_stm_1.elf 
arm-none-eabi-objdump -h -S study_stm_1.elf  > "study_stm_1.list"
   text	   data	    bss	    dec	    hex	filename
  18520	     20	   2044	  20584	   5068	study_stm_1.elf
Finished building: default.size.stdout
 
arm-none-eabi-objcopy  -O ihex study_stm_1.elf  "study_stm_1.hex"
Finished building: study_stm_1.list
 
Finished building: study_stm_1.hex
arm-none-eabi-objcopy  -O binary study_stm_1.elf  "study_stm_1.bin"
 
Finished building: study_stm_1.bin
 
12:00:11 **** Incremental Build of configuration Debug for project study_stm_1 ****
make -j2 all 
arm-none-eabi-gcc "../Core/Src/main.c" -mcpu=cortex-m4 -std=gnu11 -g3 -DDEBUG -DUSE_HAL_DRIVER -DSTM32F303xE -c -I../Core/Inc -I../Drivers/STM32F3xx_HAL_Driver/Inc/Legacy -I../Drivers/STM32F3xx_HAL_Driver/Inc -I../Drivers/CMSIS/Device/ST/STM32F3xx/Include -I../Drivers/CMSIS/Include -O0 -ffunction-sections -fdata-sections -Wall -fstack-usage -fcyclomatic-complexity -MMD -MP -MF"Core/Src/main.d" -MT"Core/Src/main.o" --specs=nano.specs -mfpu=fpv4-sp-d16 -mfloat-abi=hard -mthumb -o "Core/Src/main.o"
arm-none-eabi-gcc -o "study_stm_1.elf" @"objects.list"   -mcpu=cortex-m4 -T"C:\Program Files\STM32CubeIDE\workspace_1.18.0\study_stm\study_stm_1\STM32F303RETX_FLASH.ld" --specs=nosys.specs -Wl,-Map="study_stm_1.map" -Wl,--gc-sections -static --specs=nano.specs -mfpu=fpv4-sp-d16 -mfloat-abi=hard -mthumb -Wl,--start-group -lc -lm -Wl,--end-group
Finished building target: study_stm_1.elf
 
arm-none-eabi-size  study_stm_1.elf 
arm-none-eabi-objdump -h -S study_stm_1.elf  > "study_stm_1.list"
   text	   data	    bss	    dec	    hex	filename
  18508	     20	   2044	  20572	   505c	study_stm_1.elf
Finished building: default.size.stdout
 
arm-none-eabi-objcopy  -O ihex study_stm_1.elf  "study_stm_1.hex"
Finished building: study_stm_1.list
Finished building: study_stm_1.hex
 
arm-none-eabi-objcopy  -O binary study_stm_1.elf  "study_stm_1.bin"
 
Finished building: study_stm_1.bin
 
12:01:46 **** Incremental Build of configuration Debug for project study_stm_1 ****
make -j2 all 
arm-none-eabi-gcc "../Core/Src/main.c" -mcpu=cortex-m4 -std=gnu11 -g3 -DDEBUG -DUSE_HAL_DRIVER -DSTM32F303xE -c -I../Core/Inc -I../Drivers/STM32F3xx_HAL_Driver/Inc/Legacy -I../Drivers/STM32F3xx_HAL_Driver/Inc -I../Drivers/CMSIS/Device/ST/STM32F3xx/Include -I../Drivers/CMSIS/Include -O0 -ffunction-sections -fdata-sections -Wall -fstack-usage -fcyclomatic-complexity -MMD -MP -MF"Core/Src/main.d" -MT"Core/Src/main.o" --specs=nano.specs -mfpu=fpv4-sp-d16 -mfloat-abi=hard -mthumb -o "Core/Src/main.o"
arm-none-eabi-gcc -o "study_stm_1.elf" @"objects.list"   -mcpu=cortex-m4 -T"C:\Program Files\STM32CubeIDE\workspace_1.18.0\study_stm\study_stm_1\STM32F303RETX_FLASH.ld" --specs=nosys.specs -Wl,-Map="study_stm_1.map" -Wl,--gc-sections -static --specs=nano.specs -mfpu=fpv4-sp-d16 -mfloat-abi=hard -mthumb -Wl,--start-group -lc -lm -Wl,--end-group
Finished building target: study_stm_1.elf
 
arm-none-eabi-size  study_stm_1.elf 
arm-none-eabi-objdump -h -S study_stm_1.elf  > "study_stm_1.list"
   text	   data	    bss	    dec	    hex	filename
  18504	     20	   2044	  20568	   5058	study_stm_1.elf
Finished building: default.size.stdout
 
arm-none-eabi-objcopy  -O ihex study_stm_1.elf  "study_stm_1.hex"
Finished building: study_stm_1.list
 
arm-none-eabi-objcopy  -O binary study_stm_1.elf  "study_stm_1.bin"
Finished building: study_stm_1.hex
 
Finished building: study_stm_1.bin
 
12:06:10 **** Incremental Build of configuration Debug for project study_stm_1 ****
make -j2 all 
arm-none-eabi-gcc "../Core/Src/main.c" -mcpu=cortex-m4 -std=gnu11 -g3 -DDEBUG -DUSE_HAL_DRIVER -DSTM32F303xE -c -I../Core/Inc -I../Drivers/STM32F3xx_HAL_Driver/Inc/Legacy -I../Drivers/STM32F3xx_HAL_Driver/Inc -I../Drivers/CMSIS/Device/ST/STM32F3xx/Include -I../Drivers/CMSIS/Include -O0 -ffunction-sections -fdata-sections -Wall -fstack-usage -fcyclomatic-complexity -MMD -MP -MF"Core/Src/main.d" -MT"Core/Src/main.o" --specs=nano.specs -mfpu=fpv4-sp-d16 -mfloat-abi=hard -mthumb -o "Core/Src/main.o"
arm-none-eabi-gcc -o "study_stm_1.elf" @"objects.list"   -mcpu=cortex-m4 -T"C:\Program Files\STM32CubeIDE\workspace_1.18.0\study_stm\study_stm_1\STM32F303RETX_FLASH.ld" --specs=nosys.specs -Wl,-Map="study_stm_1.map" -Wl,--gc-sections -static --specs=nano.specs -mfpu=fpv4-sp-d16 -mfloat-abi=hard -mthumb -Wl,--start-group -lc -lm -Wl,--end-group
Finished building target: study_stm_1.elf
 
arm-none-eabi-size  study_stm_1.elf 
arm-none-eabi-objdump -h -S study_stm_1.elf  > "study_stm_1.list"
   text	   data	    bss	    dec	    hex	filename
  18504	     20	   2044	  20568	   5058	study_stm_1.elf
Finished building: default.size.stdout
 
arm-none-eabi-objcopy  -O ihex study_stm_1.elf  "study_stm_1.hex"
Finished building: study_stm_1.list
Finished building: study_stm_1.hex
 
arm-none-eabi-objcopy  -O binary study_stm_1.elf  "study_stm_1.bin"
 
Finished building: study_stm_1.bin
 
12:09:50 **** Incremental Build of configuration Debug for project study_stm_1 ****
make -j2 all 
arm-none-eabi-gcc "../Core/Src/main.c" -mcpu=cortex-m4 -std=gnu11 -g3 -DDEBUG -DUSE_HAL_DRIVER -DSTM32F303xE -c -I../Core/Inc -I../Drivers/STM32F3xx_HAL_Driver/Inc/Legacy -I../Drivers/STM32F3xx_HAL_Driver/Inc -I../Drivers/CMSIS/Device/ST/STM32F3xx/Include -I../Drivers/CMSIS/Include -O0 -ffunction-sections -fdata-sections -Wall -fstack-usage -fcyclomatic-complexity -MMD -MP -MF"Core/Src/main.d" -MT"Core/Src/main.o" --specs=nano.specs -mfpu=fpv4-sp-d16 -mfloat-abi=hard -mthumb -o "Core/Src/main.o"
arm-none-eabi-gcc -o "study_stm_1.elf" @"objects.list"   -mcpu=cortex-m4 -T"C:\Program Files\STM32CubeIDE\workspace_1.18.0\study_stm\study_stm_1\STM32F303RETX_FLASH.ld" --specs=nosys.specs -Wl,-Map="study_stm_1.map" -Wl,--gc-sections -static --specs=nano.specs -mfpu=fpv4-sp-d16 -mfloat-abi=hard -mthumb -Wl,--start-group -lc -lm -Wl,--end-group
Finished building target: study_stm_1.elf
 
arm-none-eabi-size  study_stm_1.elf 
arm-none-eabi-objdump -h -S study_stm_1.elf  > "study_stm_1.list"
   text	   data	    bss	    dec	    hex	filename
  18500	     20	   2044	  20564	   5054	study_stm_1.elf
Finished building: default.size.stdout
 
arm-none-eabi-objcopy  -O ihex study_stm_1.elf  "study_stm_1.hex"
Finished building: study_stm_1.list
 
arm-none-eabi-objcopy  -O binary study_stm_1.elf  "study_stm_1.bin"
Finished building: study_stm_1.hex
 
Finished building: study_stm_1.bin
 
12:15:13 **** Incremental Build of configuration Debug for project study_stm_1 ****
make -j2 all 
arm-none-eabi-gcc "../Core/Src/main.c" -mcpu=cortex-m4 -std=gnu11 -g3 -DDEBUG -DUSE_HAL_DRIVER -DSTM32F303xE -c -I../Core/Inc -I../Drivers/STM32F3xx_HAL_Driver/Inc/Legacy -I../Drivers/STM32F3xx_HAL_Driver/Inc -I../Drivers/CMSIS/Device/ST/STM32F3xx/Include -I../Drivers/CMSIS/Include -O0 -ffunction-sections -fdata-sections -Wall -fstack-usage -fcyclomatic-complexity -MMD -MP -MF"Core/Src/main.d" -MT"Core/Src/main.o" --specs=nano.specs -mfpu=fpv4-sp-d16 -mfloat-abi=hard -mthumb -o "Core/Src/main.o"
arm-none-eabi-gcc -o "study_stm_1.elf" @"objects.list"   -mcpu=cortex-m4 -T"C:\Program Files\STM32CubeIDE\workspace_1.18.0\study_stm\study_stm_1\STM32F303RETX_FLASH.ld" --specs=nosys.specs -Wl,-Map="study_stm_1.map" -Wl,--gc-sections -static --specs=nano.specs -mfpu=fpv4-sp-d16 -mfloat-abi=hard -mthumb -Wl,--start-group -lc -lm -Wl,--end-group
Finished building target: study_stm_1.elf
 
arm-none-eabi-size  study_stm_1.elf 
arm-none-eabi-objdump -h -S study_stm_1.elf  > "study_stm_1.list"
   text	   data	    bss	    dec	    hex	filename
  18512	     20	   2044	  20576	   5060	study_stm_1.elf
Finished building: default.size.stdout
 
arm-none-eabi-objcopy  -O ihex study_stm_1.elf  "study_stm_1.hex"
Finished building: study_stm_1.list
 
arm-none-eabi-objcopy  -O binary study_stm_1.elf  "study_stm_1.bin"
Finished building: study_stm_1.hex
 
Finished building: study_stm_1.bin
 
17:20:23 **** Build of configuration Debug for project study_stm_1 ****
make -j2 all 
arm-none-eabi-gcc "../Core/Src/main.c" -mcpu=cortex-m4 -std=gnu11 -g3 -DDEBUG -DUSE_HAL_DRIVER -DSTM32F303xE -c -I../Core/Inc -I../Drivers/STM32F3xx_HAL_Driver/Inc/Legacy -I../Drivers/STM32F3xx_HAL_Driver/Inc -I../Drivers/CMSIS/Device/ST/STM32F3xx/Include -I../Drivers/CMSIS/Include -O0 -ffunction-sections -fdata-sections -Wall -fstack-usage -fcyclomatic-complexity -MMD -MP -MF"Core/Src/main.d" -MT"Core/Src/main.o" --specs=nano.specs -mfpu=fpv4-sp-d16 -mfloat-abi=hard -mthumb -o "Core/Src/main.o"
arm-none-eabi-gcc -o "study_stm_1.elf" @"objects.list"   -mcpu=cortex-m4 -T"C:\Program Files\STM32CubeIDE\workspace_1.18.0\study_stm\study_stm_1\STM32F303RETX_FLASH.ld" --specs=nosys.specs -Wl,-Map="study_stm_1.map" -Wl,--gc-sections -static --specs=nano.specs -mfpu=fpv4-sp-d16 -mfloat-abi=hard -mthumb -Wl,--start-group -lc -lm -Wl,--end-group
Finished building target: study_stm_1.elf
 
arm-none-eabi-size  study_stm_1.elf 
arm-none-eabi-objdump -h -S study_stm_1.elf  > "study_stm_1.list"
   text	   data	    bss	    dec	    hex	filename
  18480	     20	   2044	  20544	   5040	study_stm_1.elf
Finished building: default.size.stdout
 
arm-none-eabi-objcopy  -O ihex study_stm_1.elf  "study_stm_1.hex"
Finished building: study_stm_1.hex
 
arm-none-eabi-objcopy  -O binary study_stm_1.elf  "study_stm_1.bin"
Finished building: study_stm_1.bin
 
Finished building: study_stm_1.list
 
16:31:46 **** Build of configuration Debug for project study_stm_1 ****
make -j2 all 
arm-none-eabi-gcc "../Core/Src/main.c" -mcpu=cortex-m4 -std=gnu11 -g3 -DDEBUG -DUSE_HAL_DRIVER -DSTM32F303xE -c -I../Core/Inc -I../Drivers/STM32F3xx_HAL_Driver/Inc/Legacy -I../Drivers/STM32F3xx_HAL_Driver/Inc -I../Drivers/CMSIS/Device/ST/STM32F3xx/Include -I../Drivers/CMSIS/Include -O0 -ffunction-sections -fdata-sections -Wall -fstack-usage -fcyclomatic-complexity -MMD -MP -MF"Core/Src/main.d" -MT"Core/Src/main.o" --specs=nano.specs -mfpu=fpv4-sp-d16 -mfloat-abi=hard -mthumb -o "Core/Src/main.o"
arm-none-eabi-gcc -o "study_stm_1.elf" @"objects.list"   -mcpu=cortex-m4 -T"C:\Program Files\STM32CubeIDE\workspace_1.18.0\study_stm\study_stm_1\STM32F303RETX_FLASH.ld" --specs=nosys.specs -Wl,-Map="study_stm_1.map" -Wl,--gc-sections -static --specs=nano.specs -mfpu=fpv4-sp-d16 -mfloat-abi=hard -mthumb -Wl,--start-group -lc -lm -Wl,--end-group
Finished building target: study_stm_1.elf
 
arm-none-eabi-size  study_stm_1.elf 
arm-none-eabi-objdump -h -S study_stm_1.elf  > "study_stm_1.list"
   text	   data	    bss	    dec	    hex	filename
  18480	     20	   2044	  20544	   5040	study_stm_1.elf
Finished building: default.size.stdout
 
arm-none-eabi-objcopy  -O ihex study_stm_1.elf  "study_stm_1.hex"
Finished building: study_stm_1.hex
 
arm-none-eabi-objcopy  -O binary study_stm_1.elf  "study_stm_1.bin"
Finished building: study_stm_1.bin
 
Finished building: study_stm_1.list
 
16:32:52 **** Incremental Build of configuration Debug for project study_stm_1 ****
make -j2 all 
arm-none-eabi-size  study_stm_1.elf 
   text	   data	    bss	    dec	    hex	filename
  18480	     20	   2044	  20544	   5040	study_stm_1.elf
Finished building: default.size.stdout
 
16:34:53 **** Incremental Build of configuration Debug for project study_stm_1 ****
make -j2 all 
arm-none-eabi-gcc "../Core/Src/main.c" -mcpu=cortex-m4 -std=gnu11 -g3 -DDEBUG -DUSE_HAL_DRIVER -DSTM32F303xE -c -I../Core/Inc -I../Drivers/STM32F3xx_HAL_Driver/Inc/Legacy -I../Drivers/STM32F3xx_HAL_Driver/Inc -I../Drivers/CMSIS/Device/ST/STM32F3xx/Include -I../Drivers/CMSIS/Include -O0 -ffunction-sections -fdata-sections -Wall -fstack-usage -fcyclomatic-complexity -MMD -MP -MF"Core/Src/main.d" -MT"Core/Src/main.o" --specs=nano.specs -mfpu=fpv4-sp-d16 -mfloat-abi=hard -mthumb -o "Core/Src/main.o"
arm-none-eabi-gcc -o "study_stm_1.elf" @"objects.list"   -mcpu=cortex-m4 -T"C:\Program Files\STM32CubeIDE\workspace_1.18.0\study_stm\study_stm_1\STM32F303RETX_FLASH.ld" --specs=nosys.specs -Wl,-Map="study_stm_1.map" -Wl,--gc-sections -static --specs=nano.specs -mfpu=fpv4-sp-d16 -mfloat-abi=hard -mthumb -Wl,--start-group -lc -lm -Wl,--end-group
Finished building target: study_stm_1.elf
 
arm-none-eabi-size  study_stm_1.elf 
arm-none-eabi-objdump -h -S study_stm_1.elf  > "study_stm_1.list"
   text	   data	    bss	    dec	    hex	filename
  18484	     20	   2044	  20548	   5044	study_stm_1.elf
Finished building: default.size.stdout
 
arm-none-eabi-objcopy  -O ihex study_stm_1.elf  "study_stm_1.hex"
Finished building: study_stm_1.list
 
arm-none-eabi-objcopy  -O binary study_stm_1.elf  "study_stm_1.bin"
Finished building: study_stm_1.hex
 
Finished building: study_stm_1.bin
 
16:40:40 **** Incremental Build of configuration Debug for project study_stm_1 ****
make -j2 all 
arm-none-eabi-gcc "../Core/Src/main.c" -mcpu=cortex-m4 -std=gnu11 -g3 -DDEBUG -DUSE_HAL_DRIVER -DSTM32F303xE -c -I../Core/Inc -I../Drivers/STM32F3xx_HAL_Driver/Inc/Legacy -I../Drivers/STM32F3xx_HAL_Driver/Inc -I../Drivers/CMSIS/Device/ST/STM32F3xx/Include -I../Drivers/CMSIS/Include -O0 -ffunction-sections -fdata-sections -Wall -fstack-usage -fcyclomatic-complexity -MMD -MP -MF"Core/Src/main.d" -MT"Core/Src/main.o" --specs=nano.specs -mfpu=fpv4-sp-d16 -mfloat-abi=hard -mthumb -o "Core/Src/main.o"
arm-none-eabi-gcc -o "study_stm_1.elf" @"objects.list"   -mcpu=cortex-m4 -T"C:\Program Files\STM32CubeIDE\workspace_1.18.0\study_stm\study_stm_1\STM32F303RETX_FLASH.ld" --specs=nosys.specs -Wl,-Map="study_stm_1.map" -Wl,--gc-sections -static --specs=nano.specs -mfpu=fpv4-sp-d16 -mfloat-abi=hard -mthumb -Wl,--start-group -lc -lm -Wl,--end-group
Finished building target: study_stm_1.elf
 
arm-none-eabi-size  study_stm_1.elf 
arm-none-eabi-objdump -h -S study_stm_1.elf  > "study_stm_1.list"
   text	   data	    bss	    dec	    hex	filename
  18476	     20	   2044	  20540	   503c	study_stm_1.elf
Finished building: default.size.stdout
 
arm-none-eabi-objcopy  -O ihex study_stm_1.elf  "study_stm_1.hex"
Finished building: study_stm_1.list
Finished building: study_stm_1.hex
 
 
arm-none-eabi-objcopy  -O binary study_stm_1.elf  "study_stm_1.bin"
Finished building: study_stm_1.bin
 
16:40:54 **** Incremental Build of configuration Debug for project study_stm_1 ****
make -j2 all 
arm-none-eabi-size  study_stm_1.elf 
   text	   data	    bss	    dec	    hex	filename
  18476	     20	   2044	  20540	   503c	study_stm_1.elf
Finished building: default.size.stdout
 
16:43:41 **** Incremental Build of configuration Debug for project study_stm_1 ****
make -j2 all 
arm-none-eabi-gcc "../Core/Src/main.c" -mcpu=cortex-m4 -std=gnu11 -g3 -DDEBUG -DUSE_HAL_DRIVER -DSTM32F303xE -c -I../Core/Inc -I../Drivers/STM32F3xx_HAL_Driver/Inc/Legacy -I../Drivers/STM32F3xx_HAL_Driver/Inc -I../Drivers/CMSIS/Device/ST/STM32F3xx/Include -I../Drivers/CMSIS/Include -O0 -ffunction-sections -fdata-sections -Wall -fstack-usage -fcyclomatic-complexity -MMD -MP -MF"Core/Src/main.d" -MT"Core/Src/main.o" --specs=nano.specs -mfpu=fpv4-sp-d16 -mfloat-abi=hard -mthumb -o "Core/Src/main.o"
arm-none-eabi-gcc -o "study_stm_1.elf" @"objects.list"   -mcpu=cortex-m4 -T"C:\Program Files\STM32CubeIDE\workspace_1.18.0\study_stm\study_stm_1\STM32F303RETX_FLASH.ld" --specs=nosys.specs -Wl,-Map="study_stm_1.map" -Wl,--gc-sections -static --specs=nano.specs -mfpu=fpv4-sp-d16 -mfloat-abi=hard -mthumb -Wl,--start-group -lc -lm -Wl,--end-group
Finished building target: study_stm_1.elf
 
arm-none-eabi-size  study_stm_1.elf 
arm-none-eabi-objdump -h -S study_stm_1.elf  > "study_stm_1.list"
   text	   data	    bss	    dec	    hex	filename
  18476	     20	   2044	  20540	   503c	study_stm_1.elf
Finished building: default.size.stdout
 
arm-none-eabi-objcopy  -O ihex study_stm_1.elf  "study_stm_1.hex"
Finished building: study_stm_1.list
 
arm-none-eabi-objcopy  -O binary study_stm_1.elf  "study_stm_1.bin"
Finished building: study_stm_1.hex
 
Finished building: study_stm_1.bin
 
16:51:06 **** Incremental Build of configuration Debug for project study_stm_1 ****
make -j2 all 
arm-none-eabi-gcc "../Core/Src/main.c" -mcpu=cortex-m4 -std=gnu11 -g3 -DDEBUG -DUSE_HAL_DRIVER -DSTM32F303xE -c -I../Core/Inc -I../Drivers/STM32F3xx_HAL_Driver/Inc/Legacy -I../Drivers/STM32F3xx_HAL_Driver/Inc -I../Drivers/CMSIS/Device/ST/STM32F3xx/Include -I../Drivers/CMSIS/Include -O0 -ffunction-sections -fdata-sections -Wall -fstack-usage -fcyclomatic-complexity -MMD -MP -MF"Core/Src/main.d" -MT"Core/Src/main.o" --specs=nano.specs -mfpu=fpv4-sp-d16 -mfloat-abi=hard -mthumb -o "Core/Src/main.o"
arm-none-eabi-gcc -o "study_stm_1.elf" @"objects.list"   -mcpu=cortex-m4 -T"C:\Program Files\STM32CubeIDE\workspace_1.18.0\study_stm\study_stm_1\STM32F303RETX_FLASH.ld" --specs=nosys.specs -Wl,-Map="study_stm_1.map" -Wl,--gc-sections -static --specs=nano.specs -mfpu=fpv4-sp-d16 -mfloat-abi=hard -mthumb -Wl,--start-group -lc -lm -Wl,--end-group
Finished building target: study_stm_1.elf
 
arm-none-eabi-size  study_stm_1.elf 
arm-none-eabi-objdump -h -S study_stm_1.elf  > "study_stm_1.list"
   text	   data	    bss	    dec	    hex	filename
  18452	     20	   2036	  20508	   501c	study_stm_1.elf
Finished building: default.size.stdout
 
arm-none-eabi-objcopy  -O ihex study_stm_1.elf  "study_stm_1.hex"
Finished building: study_stm_1.list
 
arm-none-eabi-objcopy  -O binary study_stm_1.elf  "study_stm_1.bin"
Finished building: study_stm_1.hex
 
Finished building: study_stm_1.bin
 
16:53:57 **** Incremental Build of configuration Debug for project study_stm_1 ****
make -j2 all 
arm-none-eabi-size  study_stm_1.elf 
   text	   data	    bss	    dec	    hex	filename
  18452	     20	   2036	  20508	   501c	study_stm_1.elf
Finished building: default.size.stdout
 
16:58:13 **** Incremental Build of configuration Debug for project study_stm_1 ****
make -j2 all 
arm-none-eabi-gcc "../Core/Src/main.c" -mcpu=cortex-m4 -std=gnu11 -g3 -DDEBUG -DUSE_HAL_DRIVER -DSTM32F303xE -c -I../Core/Inc -I../Drivers/STM32F3xx_HAL_Driver/Inc/Legacy -I../Drivers/STM32F3xx_HAL_Driver/Inc -I../Drivers/CMSIS/Device/ST/STM32F3xx/Include -I../Drivers/CMSIS/Include -O0 -ffunction-sections -fdata-sections -Wall -fstack-usage -fcyclomatic-complexity -MMD -MP -MF"Core/Src/main.d" -MT"Core/Src/main.o" --specs=nano.specs -mfpu=fpv4-sp-d16 -mfloat-abi=hard -mthumb -o "Core/Src/main.o"
arm-none-eabi-gcc -o "study_stm_1.elf" @"objects.list"   -mcpu=cortex-m4 -T"C:\Program Files\STM32CubeIDE\workspace_1.18.0\study_stm\study_stm_1\STM32F303RETX_FLASH.ld" --specs=nosys.specs -Wl,-Map="study_stm_1.map" -Wl,--gc-sections -static --specs=nano.specs -mfpu=fpv4-sp-d16 -mfloat-abi=hard -mthumb -Wl,--start-group -lc -lm -Wl,--end-group
Finished building target: study_stm_1.elf
 
arm-none-eabi-size  study_stm_1.elf 
arm-none-eabi-objdump -h -S study_stm_1.elf  > "study_stm_1.list"
   text	   data	    bss	    dec	    hex	filename
  18452	     16	   2040	  20508	   501c	study_stm_1.elf
Finished building: default.size.stdout
 
arm-none-eabi-objcopy  -O ihex study_stm_1.elf  "study_stm_1.hex"
Finished building: study_stm_1.list
 
arm-none-eabi-objcopy  -O binary study_stm_1.elf  "study_stm_1.bin"
Finished building: study_stm_1.hex
 
Finished building: study_stm_1.bin
 
16:59:37 **** Incremental Build of configuration Debug for project study_stm_1 ****
make -j2 all 
arm-none-eabi-gcc "../Core/Src/main.c" -mcpu=cortex-m4 -std=gnu11 -g3 -DDEBUG -DUSE_HAL_DRIVER -DSTM32F303xE -c -I../Core/Inc -I../Drivers/STM32F3xx_HAL_Driver/Inc/Legacy -I../Drivers/STM32F3xx_HAL_Driver/Inc -I../Drivers/CMSIS/Device/ST/STM32F3xx/Include -I../Drivers/CMSIS/Include -O0 -ffunction-sections -fdata-sections -Wall -fstack-usage -fcyclomatic-complexity -MMD -MP -MF"Core/Src/main.d" -MT"Core/Src/main.o" --specs=nano.specs -mfpu=fpv4-sp-d16 -mfloat-abi=hard -mthumb -o "Core/Src/main.o"
arm-none-eabi-gcc -o "study_stm_1.elf" @"objects.list"   -mcpu=cortex-m4 -T"C:\Program Files\STM32CubeIDE\workspace_1.18.0\study_stm\study_stm_1\STM32F303RETX_FLASH.ld" --specs=nosys.specs -Wl,-Map="study_stm_1.map" -Wl,--gc-sections -static --specs=nano.specs -mfpu=fpv4-sp-d16 -mfloat-abi=hard -mthumb -Wl,--start-group -lc -lm -Wl,--end-group
Finished building target: study_stm_1.elf
 
arm-none-eabi-size  study_stm_1.elf 
arm-none-eabi-objdump -h -S study_stm_1.elf  > "study_stm_1.list"
   text	   data	    bss	    dec	    hex	filename
  18452	     16	   2040	  20508	   501c	study_stm_1.elf
Finished building: default.size.stdout
 
arm-none-eabi-objcopy  -O ihex study_stm_1.elf  "study_stm_1.hex"
Finished building: study_stm_1.list
 
arm-none-eabi-objcopy  -O binary study_stm_1.elf  "study_stm_1.bin"
Finished building: study_stm_1.hex
 
Finished building: study_stm_1.bin
 
17:07:10 **** Incremental Build of configuration Debug for project study_stm_1 ****
make -j2 all 
arm-none-eabi-gcc "../Core/Src/main.c" -mcpu=cortex-m4 -std=gnu11 -g3 -DDEBUG -DUSE_HAL_DRIVER -DSTM32F303xE -c -I../Core/Inc -I../Drivers/STM32F3xx_HAL_Driver/Inc/Legacy -I../Drivers/STM32F3xx_HAL_Driver/Inc -I../Drivers/CMSIS/Device/ST/STM32F3xx/Include -I../Drivers/CMSIS/Include -O0 -ffunction-sections -fdata-sections -Wall -fstack-usage -fcyclomatic-complexity -MMD -MP -MF"Core/Src/main.d" -MT"Core/Src/main.o" --specs=nano.specs -mfpu=fpv4-sp-d16 -mfloat-abi=hard -mthumb -o "Core/Src/main.o"
arm-none-eabi-gcc -o "study_stm_1.elf" @"objects.list"   -mcpu=cortex-m4 -T"C:\Program Files\STM32CubeIDE\workspace_1.18.0\study_stm\study_stm_1\STM32F303RETX_FLASH.ld" --specs=nosys.specs -Wl,-Map="study_stm_1.map" -Wl,--gc-sections -static --specs=nano.specs -mfpu=fpv4-sp-d16 -mfloat-abi=hard -mthumb -Wl,--start-group -lc -lm -Wl,--end-group
Finished building target: study_stm_1.elf
 
arm-none-eabi-size  study_stm_1.elf 
arm-none-eabi-objdump -h -S study_stm_1.elf  > "study_stm_1.list"
   text	   data	    bss	    dec	    hex	filename
  18564	     16	   2040	  20620	   508c	study_stm_1.elf
Finished building: default.size.stdout
 
arm-none-eabi-objcopy  -O ihex study_stm_1.elf  "study_stm_1.hex"
Finished building: study_stm_1.list
 
arm-none-eabi-objcopy  -O binary study_stm_1.elf  "study_stm_1.bin"
Finished building: study_stm_1.hex
 
Finished building: study_stm_1.bin
 
17:17:12 **** Incremental Build of configuration Debug for project study_stm_1 ****
make -j2 all 
arm-none-eabi-gcc "../Core/Src/stm32f3xx_hal_msp.c" -mcpu=cortex-m4 -std=gnu11 -g3 -DDEBUG -DUSE_HAL_DRIVER -DSTM32F303xE -c -I../Core/Inc -I../Drivers/STM32F3xx_HAL_Driver/Inc/Legacy -I../Drivers/STM32F3xx_HAL_Driver/Inc -I../Drivers/CMSIS/Device/ST/STM32F3xx/Include -I../Drivers/CMSIS/Include -O0 -ffunction-sections -fdata-sections -Wall -fstack-usage -fcyclomatic-complexity -MMD -MP -MF"Core/Src/stm32f3xx_hal_msp.d" -MT"Core/Src/stm32f3xx_hal_msp.o" --specs=nano.specs -mfpu=fpv4-sp-d16 -mfloat-abi=hard -mthumb -o "Core/Src/stm32f3xx_hal_msp.o"
arm-none-eabi-gcc "../Core/Src/stm32f3xx_it.c" -mcpu=cortex-m4 -std=gnu11 -g3 -DDEBUG -DUSE_HAL_DRIVER -DSTM32F303xE -c -I../Core/Inc -I../Drivers/STM32F3xx_HAL_Driver/Inc/Legacy -I../Drivers/STM32F3xx_HAL_Driver/Inc -I../Drivers/CMSIS/Device/ST/STM32F3xx/Include -I../Drivers/CMSIS/Include -O0 -ffunction-sections -fdata-sections -Wall -fstack-usage -fcyclomatic-complexity -MMD -MP -MF"Core/Src/stm32f3xx_it.d" -MT"Core/Src/stm32f3xx_it.o" --specs=nano.specs -mfpu=fpv4-sp-d16 -mfloat-abi=hard -mthumb -o "Core/Src/stm32f3xx_it.o"
arm-none-eabi-gcc -o "study_stm_1.elf" @"objects.list"   -mcpu=cortex-m4 -T"C:\Program Files\STM32CubeIDE\workspace_1.18.0\study_stm\study_stm_1\STM32F303RETX_FLASH.ld" --specs=nosys.specs -Wl,-Map="study_stm_1.map" -Wl,--gc-sections -static --specs=nano.specs -mfpu=fpv4-sp-d16 -mfloat-abi=hard -mthumb -Wl,--start-group -lc -lm -Wl,--end-group
Finished building target: study_stm_1.elf
 
arm-none-eabi-size  study_stm_1.elf 
arm-none-eabi-objdump -h -S study_stm_1.elf  > "study_stm_1.list"
   text	   data	    bss	    dec	    hex	filename
  18600	     16	   2040	  20656	   50b0	study_stm_1.elf
Finished building: default.size.stdout
 
arm-none-eabi-objcopy  -O ihex study_stm_1.elf  "study_stm_1.hex"
Finished building: study_stm_1.hex
 
arm-none-eabi-objcopy  -O binary study_stm_1.elf  "study_stm_1.bin"
Finished building: study_stm_1.bin
 
Finished building: study_stm_1.list
 
17:50:12 **** Incremental Build of configuration Debug for project study_stm_1 ****
make -j2 all 
arm-none-eabi-gcc "../Core/Src/main.c" -mcpu=cortex-m4 -std=gnu11 -g3 -DDEBUG -DUSE_HAL_DRIVER -DSTM32F303xE -c -I../Core/Inc -I../Drivers/STM32F3xx_HAL_Driver/Inc/Legacy -I../Drivers/STM32F3xx_HAL_Driver/Inc -I../Drivers/CMSIS/Device/ST/STM32F3xx/Include -I../Drivers/CMSIS/Include -O0 -ffunction-sections -fdata-sections -Wall -fstack-usage -fcyclomatic-complexity -MMD -MP -MF"Core/Src/main.d" -MT"Core/Src/main.o" --specs=nano.specs -mfpu=fpv4-sp-d16 -mfloat-abi=hard -mthumb -o "Core/Src/main.o"
arm-none-eabi-gcc -o "study_stm_1.elf" @"objects.list"   -mcpu=cortex-m4 -T"C:\Program Files\STM32CubeIDE\workspace_1.18.0\study_stm\study_stm_1\STM32F303RETX_FLASH.ld" --specs=nosys.specs -Wl,-Map="study_stm_1.map" -Wl,--gc-sections -static --specs=nano.specs -mfpu=fpv4-sp-d16 -mfloat-abi=hard -mthumb -Wl,--start-group -lc -lm -Wl,--end-group
Finished building target: study_stm_1.elf
 
arm-none-eabi-size  study_stm_1.elf 
arm-none-eabi-objdump -h -S study_stm_1.elf  > "study_stm_1.list"
   text	   data	    bss	    dec	    hex	filename
  18744	     16	   2040	  20800	   5140	study_stm_1.elf
Finished building: default.size.stdout
 
arm-none-eabi-objcopy  -O ihex study_stm_1.elf  "study_stm_1.hex"
Finished building: study_stm_1.list
Finished building: study_stm_1.hex
 
arm-none-eabi-objcopy  -O binary study_stm_1.elf  "study_stm_1.bin"
 
Finished building: study_stm_1.bin
 
17:54:41 **** Incremental Build of configuration Debug for project study_stm_1 ****
make -j2 all 
arm-none-eabi-gcc "../Core/Src/main.c" -mcpu=cortex-m4 -std=gnu11 -g3 -DDEBUG -DUSE_HAL_DRIVER -DSTM32F303xE -c -I../Core/Inc -I../Drivers/STM32F3xx_HAL_Driver/Inc/Legacy -I../Drivers/STM32F3xx_HAL_Driver/Inc -I../Drivers/CMSIS/Device/ST/STM32F3xx/Include -I../Drivers/CMSIS/Include -O0 -ffunction-sections -fdata-sections -Wall -fstack-usage -fcyclomatic-complexity -MMD -MP -MF"Core/Src/main.d" -MT"Core/Src/main.o" --specs=nano.specs -mfpu=fpv4-sp-d16 -mfloat-abi=hard -mthumb -o "Core/Src/main.o"
arm-none-eabi-gcc -o "study_stm_1.elf" @"objects.list"   -mcpu=cortex-m4 -T"C:\Program Files\STM32CubeIDE\workspace_1.18.0\study_stm\study_stm_1\STM32F303RETX_FLASH.ld" --specs=nosys.specs -Wl,-Map="study_stm_1.map" -Wl,--gc-sections -static --specs=nano.specs -mfpu=fpv4-sp-d16 -mfloat-abi=hard -mthumb -Wl,--start-group -lc -lm -Wl,--end-group
Finished building target: study_stm_1.elf
 
arm-none-eabi-size  study_stm_1.elf 
arm-none-eabi-objdump -h -S study_stm_1.elf  > "study_stm_1.list"
   text	   data	    bss	    dec	    hex	filename
  18736	     16	   2040	  20792	   5138	study_stm_1.elf
Finished building: default.size.stdout
 
arm-none-eabi-objcopy  -O ihex study_stm_1.elf  "study_stm_1.hex"
Finished building: study_stm_1.list
 
Finished building: study_stm_1.hex
arm-none-eabi-objcopy  -O binary study_stm_1.elf  "study_stm_1.bin"
 
Finished building: study_stm_1.bin
 
17:59:08 **** Incremental Build of configuration Debug for project study_stm_1 ****
make -j2 all 
arm-none-eabi-gcc "../Core/Src/main.c" -mcpu=cortex-m4 -std=gnu11 -g3 -DDEBUG -DUSE_HAL_DRIVER -DSTM32F303xE -c -I../Core/Inc -I../Drivers/STM32F3xx_HAL_Driver/Inc/Legacy -I../Drivers/STM32F3xx_HAL_Driver/Inc -I../Drivers/CMSIS/Device/ST/STM32F3xx/Include -I../Drivers/CMSIS/Include -O0 -ffunction-sections -fdata-sections -Wall -fstack-usage -fcyclomatic-complexity -MMD -MP -MF"Core/Src/main.d" -MT"Core/Src/main.o" --specs=nano.specs -mfpu=fpv4-sp-d16 -mfloat-abi=hard -mthumb -o "Core/Src/main.o"
arm-none-eabi-gcc -o "study_stm_1.elf" @"objects.list"   -mcpu=cortex-m4 -T"C:\Program Files\STM32CubeIDE\workspace_1.18.0\study_stm\study_stm_1\STM32F303RETX_FLASH.ld" --specs=nosys.specs -Wl,-Map="study_stm_1.map" -Wl,--gc-sections -static --specs=nano.specs -mfpu=fpv4-sp-d16 -mfloat-abi=hard -mthumb -Wl,--start-group -lc -lm -Wl,--end-group
Finished building target: study_stm_1.elf
 
arm-none-eabi-size  study_stm_1.elf 
arm-none-eabi-objdump -h -S study_stm_1.elf  > "study_stm_1.list"
   text	   data	    bss	    dec	    hex	filename
  18712	     16	   2040	  20768	   5120	study_stm_1.elf
Finished building: default.size.stdout
 
arm-none-eabi-objcopy  -O ihex study_stm_1.elf  "study_stm_1.hex"
Finished building: study_stm_1.list
Finished building: study_stm_1.hex
 
 
arm-none-eabi-objcopy  -O binary study_stm_1.elf  "study_stm_1.bin"
Finished building: study_stm_1.bin
 
18:01:46 **** Incremental Build of configuration Debug for project study_stm_1 ****
make -j2 all 
arm-none-eabi-gcc "../Core/Src/main.c" -mcpu=cortex-m4 -std=gnu11 -g3 -DDEBUG -DUSE_HAL_DRIVER -DSTM32F303xE -c -I../Core/Inc -I../Drivers/STM32F3xx_HAL_Driver/Inc/Legacy -I../Drivers/STM32F3xx_HAL_Driver/Inc -I../Drivers/CMSIS/Device/ST/STM32F3xx/Include -I../Drivers/CMSIS/Include -O0 -ffunction-sections -fdata-sections -Wall -fstack-usage -fcyclomatic-complexity -MMD -MP -MF"Core/Src/main.d" -MT"Core/Src/main.o" --specs=nano.specs -mfpu=fpv4-sp-d16 -mfloat-abi=hard -mthumb -o "Core/Src/main.o"
arm-none-eabi-gcc -o "study_stm_1.elf" @"objects.list"   -mcpu=cortex-m4 -T"C:\Program Files\STM32CubeIDE\workspace_1.18.0\study_stm\study_stm_1\STM32F303RETX_FLASH.ld" --specs=nosys.specs -Wl,-Map="study_stm_1.map" -Wl,--gc-sections -static --specs=nano.specs -mfpu=fpv4-sp-d16 -mfloat-abi=hard -mthumb -Wl,--start-group -lc -lm -Wl,--end-group
Finished building target: study_stm_1.elf
 
arm-none-eabi-size  study_stm_1.elf 
arm-none-eabi-objdump -h -S study_stm_1.elf  > "study_stm_1.list"
   text	   data	    bss	    dec	    hex	filename
  18744	     16	   2040	  20800	   5140	study_stm_1.elf
Finished building: default.size.stdout
 
arm-none-eabi-objcopy  -O ihex study_stm_1.elf  "study_stm_1.hex"
Finished building: study_stm_1.list
 
Finished building: study_stm_1.hex
arm-none-eabi-objcopy  -O binary study_stm_1.elf  "study_stm_1.bin"
 
Finished building: study_stm_1.bin
 
18:04:48 **** Incremental Build of configuration Debug for project study_stm_1 ****
make -j2 all 
arm-none-eabi-gcc "../Core/Src/main.c" -mcpu=cortex-m4 -std=gnu11 -g3 -DDEBUG -DUSE_HAL_DRIVER -DSTM32F303xE -c -I../Core/Inc -I../Drivers/STM32F3xx_HAL_Driver/Inc/Legacy -I../Drivers/STM32F3xx_HAL_Driver/Inc -I../Drivers/CMSIS/Device/ST/STM32F3xx/Include -I../Drivers/CMSIS/Include -O0 -ffunction-sections -fdata-sections -Wall -fstack-usage -fcyclomatic-complexity -MMD -MP -MF"Core/Src/main.d" -MT"Core/Src/main.o" --specs=nano.specs -mfpu=fpv4-sp-d16 -mfloat-abi=hard -mthumb -o "Core/Src/main.o"
arm-none-eabi-gcc -o "study_stm_1.elf" @"objects.list"   -mcpu=cortex-m4 -T"C:\Program Files\STM32CubeIDE\workspace_1.18.0\study_stm\study_stm_1\STM32F303RETX_FLASH.ld" --specs=nosys.specs -Wl,-Map="study_stm_1.map" -Wl,--gc-sections -static --specs=nano.specs -mfpu=fpv4-sp-d16 -mfloat-abi=hard -mthumb -Wl,--start-group -lc -lm -Wl,--end-group
Finished building target: study_stm_1.elf
 
arm-none-eabi-size  study_stm_1.elf 
arm-none-eabi-objdump -h -S study_stm_1.elf  > "study_stm_1.list"
   text	   data	    bss	    dec	    hex	filename
  18744	     16	   2040	  20800	   5140	study_stm_1.elf
Finished building: default.size.stdout
 
arm-none-eabi-objcopy  -O ihex study_stm_1.elf  "study_stm_1.hex"
Finished building: study_stm_1.hex
 
arm-none-eabi-objcopy  -O binary study_stm_1.elf  "study_stm_1.bin"
Finished building: study_stm_1.bin
 
Finished building: study_stm_1.list
 
21:03:28 **** Build of configuration Debug for project study_stm_2 ****
make -j2 all 
arm-none-eabi-gcc "../Drivers/STM32F3xx_HAL_Driver/Src/stm32f3xx_hal.c" -mcpu=cortex-m4 -std=gnu11 -g3 -DDEBUG -DUSE_HAL_DRIVER -DSTM32F303xE -c -I../Core/Inc -I../Drivers/STM32F3xx_HAL_Driver/Inc/Legacy -I../Drivers/STM32F3xx_HAL_Driver/Inc -I../Drivers/CMSIS/Device/ST/STM32F3xx/Include -I../Drivers/CMSIS/Include -O0 -ffunction-sections -fdata-sections -Wall -fstack-usage -fcyclomatic-complexity -MMD -MP -MF"Drivers/STM32F3xx_HAL_Driver/Src/stm32f3xx_hal.d" -MT"Drivers/STM32F3xx_HAL_Driver/Src/stm32f3xx_hal.o" --specs=nano.specs -mfpu=fpv4-sp-d16 -mfloat-abi=hard -mthumb -o "Drivers/STM32F3xx_HAL_Driver/Src/stm32f3xx_hal.o"
arm-none-eabi-gcc "../Drivers/STM32F3xx_HAL_Driver/Src/stm32f3xx_hal_adc.c" -mcpu=cortex-m4 -std=gnu11 -g3 -DDEBUG -DUSE_HAL_DRIVER -DSTM32F303xE -c -I../Core/Inc -I../Drivers/STM32F3xx_HAL_Driver/Inc/Legacy -I../Drivers/STM32F3xx_HAL_Driver/Inc -I../Drivers/CMSIS/Device/ST/STM32F3xx/Include -I../Drivers/CMSIS/Include -O0 -ffunction-sections -fdata-sections -Wall -fstack-usage -fcyclomatic-complexity -MMD -MP -MF"Drivers/STM32F3xx_HAL_Driver/Src/stm32f3xx_hal_adc.d" -MT"Drivers/STM32F3xx_HAL_Driver/Src/stm32f3xx_hal_adc.o" --specs=nano.specs -mfpu=fpv4-sp-d16 -mfloat-abi=hard -mthumb -o "Drivers/STM32F3xx_HAL_Driver/Src/stm32f3xx_hal_adc.o"
arm-none-eabi-gcc "../Drivers/STM32F3xx_HAL_Driver/Src/stm32f3xx_hal_adc_ex.c" -mcpu=cortex-m4 -std=gnu11 -g3 -DDEBUG -DUSE_HAL_DRIVER -DSTM32F303xE -c -I../Core/Inc -I../Drivers/STM32F3xx_HAL_Driver/Inc/Legacy -I../Drivers/STM32F3xx_HAL_Driver/Inc -I../Drivers/CMSIS/Device/ST/STM32F3xx/Include -I../Drivers/CMSIS/Include -O0 -ffunction-sections -fdata-sections -Wall -fstack-usage -fcyclomatic-complexity -MMD -MP -MF"Drivers/STM32F3xx_HAL_Driver/Src/stm32f3xx_hal_adc_ex.d" -MT"Drivers/STM32F3xx_HAL_Driver/Src/stm32f3xx_hal_adc_ex.o" --specs=nano.specs -mfpu=fpv4-sp-d16 -mfloat-abi=hard -mthumb -o "Drivers/STM32F3xx_HAL_Driver/Src/stm32f3xx_hal_adc_ex.o"
arm-none-eabi-gcc "../Drivers/STM32F3xx_HAL_Driver/Src/stm32f3xx_hal_cortex.c" -mcpu=cortex-m4 -std=gnu11 -g3 -DDEBUG -DUSE_HAL_DRIVER -DSTM32F303xE -c -I../Core/Inc -I../Drivers/STM32F3xx_HAL_Driver/Inc/Legacy -I../Drivers/STM32F3xx_HAL_Driver/Inc -I../Drivers/CMSIS/Device/ST/STM32F3xx/Include -I../Drivers/CMSIS/Include -O0 -ffunction-sections -fdata-sections -Wall -fstack-usage -fcyclomatic-complexity -MMD -MP -MF"Drivers/STM32F3xx_HAL_Driver/Src/stm32f3xx_hal_cortex.d" -MT"Drivers/STM32F3xx_HAL_Driver/Src/stm32f3xx_hal_cortex.o" --specs=nano.specs -mfpu=fpv4-sp-d16 -mfloat-abi=hard -mthumb -o "Drivers/STM32F3xx_HAL_Driver/Src/stm32f3xx_hal_cortex.o"
arm-none-eabi-gcc "../Drivers/STM32F3xx_HAL_Driver/Src/stm32f3xx_hal_dac.c" -mcpu=cortex-m4 -std=gnu11 -g3 -DDEBUG -DUSE_HAL_DRIVER -DSTM32F303xE -c -I../Core/Inc -I../Drivers/STM32F3xx_HAL_Driver/Inc/Legacy -I../Drivers/STM32F3xx_HAL_Driver/Inc -I../Drivers/CMSIS/Device/ST/STM32F3xx/Include -I../Drivers/CMSIS/Include -O0 -ffunction-sections -fdata-sections -Wall -fstack-usage -fcyclomatic-complexity -MMD -MP -MF"Drivers/STM32F3xx_HAL_Driver/Src/stm32f3xx_hal_dac.d" -MT"Drivers/STM32F3xx_HAL_Driver/Src/stm32f3xx_hal_dac.o" --specs=nano.specs -mfpu=fpv4-sp-d16 -mfloat-abi=hard -mthumb -o "Drivers/STM32F3xx_HAL_Driver/Src/stm32f3xx_hal_dac.o"
arm-none-eabi-gcc "../Drivers/STM32F3xx_HAL_Driver/Src/stm32f3xx_hal_dac_ex.c" -mcpu=cortex-m4 -std=gnu11 -g3 -DDEBUG -DUSE_HAL_DRIVER -DSTM32F303xE -c -I../Core/Inc -I../Drivers/STM32F3xx_HAL_Driver/Inc/Legacy -I../Drivers/STM32F3xx_HAL_Driver/Inc -I../Drivers/CMSIS/Device/ST/STM32F3xx/Include -I../Drivers/CMSIS/Include -O0 -ffunction-sections -fdata-sections -Wall -fstack-usage -fcyclomatic-complexity -MMD -MP -MF"Drivers/STM32F3xx_HAL_Driver/Src/stm32f3xx_hal_dac_ex.d" -MT"Drivers/STM32F3xx_HAL_Driver/Src/stm32f3xx_hal_dac_ex.o" --specs=nano.specs -mfpu=fpv4-sp-d16 -mfloat-abi=hard -mthumb -o "Drivers/STM32F3xx_HAL_Driver/Src/stm32f3xx_hal_dac_ex.o"
arm-none-eabi-gcc "../Drivers/STM32F3xx_HAL_Driver/Src/stm32f3xx_hal_dma.c" -mcpu=cortex-m4 -std=gnu11 -g3 -DDEBUG -DUSE_HAL_DRIVER -DSTM32F303xE -c -I../Core/Inc -I../Drivers/STM32F3xx_HAL_Driver/Inc/Legacy -I../Drivers/STM32F3xx_HAL_Driver/Inc -I../Drivers/CMSIS/Device/ST/STM32F3xx/Include -I../Drivers/CMSIS/Include -O0 -ffunction-sections -fdata-sections -Wall -fstack-usage -fcyclomatic-complexity -MMD -MP -MF"Drivers/STM32F3xx_HAL_Driver/Src/stm32f3xx_hal_dma.d" -MT"Drivers/STM32F3xx_HAL_Driver/Src/stm32f3xx_hal_dma.o" --specs=nano.specs -mfpu=fpv4-sp-d16 -mfloat-abi=hard -mthumb -o "Drivers/STM32F3xx_HAL_Driver/Src/stm32f3xx_hal_dma.o"
arm-none-eabi-gcc "../Drivers/STM32F3xx_HAL_Driver/Src/stm32f3xx_hal_exti.c" -mcpu=cortex-m4 -std=gnu11 -g3 -DDEBUG -DUSE_HAL_DRIVER -DSTM32F303xE -c -I../Core/Inc -I../Drivers/STM32F3xx_HAL_Driver/Inc/Legacy -I../Drivers/STM32F3xx_HAL_Driver/Inc -I../Drivers/CMSIS/Device/ST/STM32F3xx/Include -I../Drivers/CMSIS/Include -O0 -ffunction-sections -fdata-sections -Wall -fstack-usage -fcyclomatic-complexity -MMD -MP -MF"Drivers/STM32F3xx_HAL_Driver/Src/stm32f3xx_hal_exti.d" -MT"Drivers/STM32F3xx_HAL_Driver/Src/stm32f3xx_hal_exti.o" --specs=nano.specs -mfpu=fpv4-sp-d16 -mfloat-abi=hard -mthumb -o "Drivers/STM32F3xx_HAL_Driver/Src/stm32f3xx_hal_exti.o"
arm-none-eabi-gcc "../Drivers/STM32F3xx_HAL_Driver/Src/stm32f3xx_hal_flash.c" -mcpu=cortex-m4 -std=gnu11 -g3 -DDEBUG -DUSE_HAL_DRIVER -DSTM32F303xE -c -I../Core/Inc -I../Drivers/STM32F3xx_HAL_Driver/Inc/Legacy -I../Drivers/STM32F3xx_HAL_Driver/Inc -I../Drivers/CMSIS/Device/ST/STM32F3xx/Include -I../Drivers/CMSIS/Include -O0 -ffunction-sections -fdata-sections -Wall -fstack-usage -fcyclomatic-complexity -MMD -MP -MF"Drivers/STM32F3xx_HAL_Driver/Src/stm32f3xx_hal_flash.d" -MT"Drivers/STM32F3xx_HAL_Driver/Src/stm32f3xx_hal_flash.o" --specs=nano.specs -mfpu=fpv4-sp-d16 -mfloat-abi=hard -mthumb -o "Drivers/STM32F3xx_HAL_Driver/Src/stm32f3xx_hal_flash.o"
arm-none-eabi-gcc "../Drivers/STM32F3xx_HAL_Driver/Src/stm32f3xx_hal_flash_ex.c" -mcpu=cortex-m4 -std=gnu11 -g3 -DDEBUG -DUSE_HAL_DRIVER -DSTM32F303xE -c -I../Core/Inc -I../Drivers/STM32F3xx_HAL_Driver/Inc/Legacy -I../Drivers/STM32F3xx_HAL_Driver/Inc -I../Drivers/CMSIS/Device/ST/STM32F3xx/Include -I../Drivers/CMSIS/Include -O0 -ffunction-sections -fdata-sections -Wall -fstack-usage -fcyclomatic-complexity -MMD -MP -MF"Drivers/STM32F3xx_HAL_Driver/Src/stm32f3xx_hal_flash_ex.d" -MT"Drivers/STM32F3xx_HAL_Driver/Src/stm32f3xx_hal_flash_ex.o" --specs=nano.specs -mfpu=fpv4-sp-d16 -mfloat-abi=hard -mthumb -o "Drivers/STM32F3xx_HAL_Driver/Src/stm32f3xx_hal_flash_ex.o"
arm-none-eabi-gcc "../Drivers/STM32F3xx_HAL_Driver/Src/stm32f3xx_hal_gpio.c" -mcpu=cortex-m4 -std=gnu11 -g3 -DDEBUG -DUSE_HAL_DRIVER -DSTM32F303xE -c -I../Core/Inc -I../Drivers/STM32F3xx_HAL_Driver/Inc/Legacy -I../Drivers/STM32F3xx_HAL_Driver/Inc -I../Drivers/CMSIS/Device/ST/STM32F3xx/Include -I../Drivers/CMSIS/Include -O0 -ffunction-sections -fdata-sections -Wall -fstack-usage -fcyclomatic-complexity -MMD -MP -MF"Drivers/STM32F3xx_HAL_Driver/Src/stm32f3xx_hal_gpio.d" -MT"Drivers/STM32F3xx_HAL_Driver/Src/stm32f3xx_hal_gpio.o" --specs=nano.specs -mfpu=fpv4-sp-d16 -mfloat-abi=hard -mthumb -o "Drivers/STM32F3xx_HAL_Driver/Src/stm32f3xx_hal_gpio.o"
arm-none-eabi-gcc "../Drivers/STM32F3xx_HAL_Driver/Src/stm32f3xx_hal_i2c.c" -mcpu=cortex-m4 -std=gnu11 -g3 -DDEBUG -DUSE_HAL_DRIVER -DSTM32F303xE -c -I../Core/Inc -I../Drivers/STM32F3xx_HAL_Driver/Inc/Legacy -I../Drivers/STM32F3xx_HAL_Driver/Inc -I../Drivers/CMSIS/Device/ST/STM32F3xx/Include -I../Drivers/CMSIS/Include -O0 -ffunction-sections -fdata-sections -Wall -fstack-usage -fcyclomatic-complexity -MMD -MP -MF"Drivers/STM32F3xx_HAL_Driver/Src/stm32f3xx_hal_i2c.d" -MT"Drivers/STM32F3xx_HAL_Driver/Src/stm32f3xx_hal_i2c.o" --specs=nano.specs -mfpu=fpv4-sp-d16 -mfloat-abi=hard -mthumb -o "Drivers/STM32F3xx_HAL_Driver/Src/stm32f3xx_hal_i2c.o"
arm-none-eabi-gcc "../Drivers/STM32F3xx_HAL_Driver/Src/stm32f3xx_hal_i2c_ex.c" -mcpu=cortex-m4 -std=gnu11 -g3 -DDEBUG -DUSE_HAL_DRIVER -DSTM32F303xE -c -I../Core/Inc -I../Drivers/STM32F3xx_HAL_Driver/Inc/Legacy -I../Drivers/STM32F3xx_HAL_Driver/Inc -I../Drivers/CMSIS/Device/ST/STM32F3xx/Include -I../Drivers/CMSIS/Include -O0 -ffunction-sections -fdata-sections -Wall -fstack-usage -fcyclomatic-complexity -MMD -MP -MF"Drivers/STM32F3xx_HAL_Driver/Src/stm32f3xx_hal_i2c_ex.d" -MT"Drivers/STM32F3xx_HAL_Driver/Src/stm32f3xx_hal_i2c_ex.o" --specs=nano.specs -mfpu=fpv4-sp-d16 -mfloat-abi=hard -mthumb -o "Drivers/STM32F3xx_HAL_Driver/Src/stm32f3xx_hal_i2c_ex.o"
arm-none-eabi-gcc "../Drivers/STM32F3xx_HAL_Driver/Src/stm32f3xx_hal_pwr.c" -mcpu=cortex-m4 -std=gnu11 -g3 -DDEBUG -DUSE_HAL_DRIVER -DSTM32F303xE -c -I../Core/Inc -I../Drivers/STM32F3xx_HAL_Driver/Inc/Legacy -I../Drivers/STM32F3xx_HAL_Driver/Inc -I../Drivers/CMSIS/Device/ST/STM32F3xx/Include -I../Drivers/CMSIS/Include -O0 -ffunction-sections -fdata-sections -Wall -fstack-usage -fcyclomatic-complexity -MMD -MP -MF"Drivers/STM32F3xx_HAL_Driver/Src/stm32f3xx_hal_pwr.d" -MT"Drivers/STM32F3xx_HAL_Driver/Src/stm32f3xx_hal_pwr.o" --specs=nano.specs -mfpu=fpv4-sp-d16 -mfloat-abi=hard -mthumb -o "Drivers/STM32F3xx_HAL_Driver/Src/stm32f3xx_hal_pwr.o"
arm-none-eabi-gcc "../Drivers/STM32F3xx_HAL_Driver/Src/stm32f3xx_hal_pwr_ex.c" -mcpu=cortex-m4 -std=gnu11 -g3 -DDEBUG -DUSE_HAL_DRIVER -DSTM32F303xE -c -I../Core/Inc -I../Drivers/STM32F3xx_HAL_Driver/Inc/Legacy -I../Drivers/STM32F3xx_HAL_Driver/Inc -I../Drivers/CMSIS/Device/ST/STM32F3xx/Include -I../Drivers/CMSIS/Include -O0 -ffunction-sections -fdata-sections -Wall -fstack-usage -fcyclomatic-complexity -MMD -MP -MF"Drivers/STM32F3xx_HAL_Driver/Src/stm32f3xx_hal_pwr_ex.d" -MT"Drivers/STM32F3xx_HAL_Driver/Src/stm32f3xx_hal_pwr_ex.o" --specs=nano.specs -mfpu=fpv4-sp-d16 -mfloat-abi=hard -mthumb -o "Drivers/STM32F3xx_HAL_Driver/Src/stm32f3xx_hal_pwr_ex.o"
arm-none-eabi-gcc "../Drivers/STM32F3xx_HAL_Driver/Src/stm32f3xx_hal_rcc.c" -mcpu=cortex-m4 -std=gnu11 -g3 -DDEBUG -DUSE_HAL_DRIVER -DSTM32F303xE -c -I../Core/Inc -I../Drivers/STM32F3xx_HAL_Driver/Inc/Legacy -I../Drivers/STM32F3xx_HAL_Driver/Inc -I../Drivers/CMSIS/Device/ST/STM32F3xx/Include -I../Drivers/CMSIS/Include -O0 -ffunction-sections -fdata-sections -Wall -fstack-usage -fcyclomatic-complexity -MMD -MP -MF"Drivers/STM32F3xx_HAL_Driver/Src/stm32f3xx_hal_rcc.d" -MT"Drivers/STM32F3xx_HAL_Driver/Src/stm32f3xx_hal_rcc.o" --specs=nano.specs -mfpu=fpv4-sp-d16 -mfloat-abi=hard -mthumb -o "Drivers/STM32F3xx_HAL_Driver/Src/stm32f3xx_hal_rcc.o"
arm-none-eabi-gcc "../Drivers/STM32F3xx_HAL_Driver/Src/stm32f3xx_hal_rcc_ex.c" -mcpu=cortex-m4 -std=gnu11 -g3 -DDEBUG -DUSE_HAL_DRIVER -DSTM32F303xE -c -I../Core/Inc -I../Drivers/STM32F3xx_HAL_Driver/Inc/Legacy -I../Drivers/STM32F3xx_HAL_Driver/Inc -I../Drivers/CMSIS/Device/ST/STM32F3xx/Include -I../Drivers/CMSIS/Include -O0 -ffunction-sections -fdata-sections -Wall -fstack-usage -fcyclomatic-complexity -MMD -MP -MF"Drivers/STM32F3xx_HAL_Driver/Src/stm32f3xx_hal_rcc_ex.d" -MT"Drivers/STM32F3xx_HAL_Driver/Src/stm32f3xx_hal_rcc_ex.o" --specs=nano.specs -mfpu=fpv4-sp-d16 -mfloat-abi=hard -mthumb -o "Drivers/STM32F3xx_HAL_Driver/Src/stm32f3xx_hal_rcc_ex.o"
arm-none-eabi-gcc "../Drivers/STM32F3xx_HAL_Driver/Src/stm32f3xx_hal_tim.c" -mcpu=cortex-m4 -std=gnu11 -g3 -DDEBUG -DUSE_HAL_DRIVER -DSTM32F303xE -c -I../Core/Inc -I../Drivers/STM32F3xx_HAL_Driver/Inc/Legacy -I../Drivers/STM32F3xx_HAL_Driver/Inc -I../Drivers/CMSIS/Device/ST/STM32F3xx/Include -I../Drivers/CMSIS/Include -O0 -ffunction-sections -fdata-sections -Wall -fstack-usage -fcyclomatic-complexity -MMD -MP -MF"Drivers/STM32F3xx_HAL_Driver/Src/stm32f3xx_hal_tim.d" -MT"Drivers/STM32F3xx_HAL_Driver/Src/stm32f3xx_hal_tim.o" --specs=nano.specs -mfpu=fpv4-sp-d16 -mfloat-abi=hard -mthumb -o "Drivers/STM32F3xx_HAL_Driver/Src/stm32f3xx_hal_tim.o"
arm-none-eabi-gcc "../Drivers/STM32F3xx_HAL_Driver/Src/stm32f3xx_hal_tim_ex.c" -mcpu=cortex-m4 -std=gnu11 -g3 -DDEBUG -DUSE_HAL_DRIVER -DSTM32F303xE -c -I../Core/Inc -I../Drivers/STM32F3xx_HAL_Driver/Inc/Legacy -I../Drivers/STM32F3xx_HAL_Driver/Inc -I../Drivers/CMSIS/Device/ST/STM32F3xx/Include -I../Drivers/CMSIS/Include -O0 -ffunction-sections -fdata-sections -Wall -fstack-usage -fcyclomatic-complexity -MMD -MP -MF"Drivers/STM32F3xx_HAL_Driver/Src/stm32f3xx_hal_tim_ex.d" -MT"Drivers/STM32F3xx_HAL_Driver/Src/stm32f3xx_hal_tim_ex.o" --specs=nano.specs -mfpu=fpv4-sp-d16 -mfloat-abi=hard -mthumb -o "Drivers/STM32F3xx_HAL_Driver/Src/stm32f3xx_hal_tim_ex.o"
arm-none-eabi-gcc -mcpu=cortex-m4 -g3 -DDEBUG -c -x assembler-with-cpp -MMD -MP -MF"Core/Startup/startup_stm32f303retx.d" -MT"Core/Startup/startup_stm32f303retx.o" --specs=nano.specs -mfpu=fpv4-sp-d16 -mfloat-abi=hard -mthumb -o "Core/Startup/startup_stm32f303retx.o" "../Core/Startup/startup_stm32f303retx.s"
arm-none-eabi-gcc "../Core/Src/main.c" -mcpu=cortex-m4 -std=gnu11 -g3 -DDEBUG -DUSE_HAL_DRIVER -DSTM32F303xE -c -I../Core/Inc -I../Drivers/STM32F3xx_HAL_Driver/Inc/Legacy -I../Drivers/STM32F3xx_HAL_Driver/Inc -I../Drivers/CMSIS/Device/ST/STM32F3xx/Include -I../Drivers/CMSIS/Include -O0 -ffunction-sections -fdata-sections -Wall -fstack-usage -fcyclomatic-complexity -MMD -MP -MF"Core/Src/main.d" -MT"Core/Src/main.o" --specs=nano.specs -mfpu=fpv4-sp-d16 -mfloat-abi=hard -mthumb -o "Core/Src/main.o"
arm-none-eabi-gcc "../Core/Src/stm32f3xx_hal_msp.c" -mcpu=cortex-m4 -std=gnu11 -g3 -DDEBUG -DUSE_HAL_DRIVER -DSTM32F303xE -c -I../Core/Inc -I../Drivers/STM32F3xx_HAL_Driver/Inc/Legacy -I../Drivers/STM32F3xx_HAL_Driver/Inc -I../Drivers/CMSIS/Device/ST/STM32F3xx/Include -I../Drivers/CMSIS/Include -O0 -ffunction-sections -fdata-sections -Wall -fstack-usage -fcyclomatic-complexity -MMD -MP -MF"Core/Src/stm32f3xx_hal_msp.d" -MT"Core/Src/stm32f3xx_hal_msp.o" --specs=nano.specs -mfpu=fpv4-sp-d16 -mfloat-abi=hard -mthumb -o "Core/Src/stm32f3xx_hal_msp.o"
../Core/Src/main.c:79:7: warning: conflicting types for built-in function 'pow'; expected 'double(double,  double)' [-Wbuiltin-declaration-mismatch]
   79 | float pow(float x, byte y){
      |       ^~~
../Core/Src/main.c:21:1: note: 'pow' is declared in header '<math.h>'
   20 | #include "main.h"
  +++ |+#include <math.h>
   21 | 
../Core/Src/main.c:83:7: warning: conflicting types for built-in function 'sin'; expected 'double(double)' [-Wbuiltin-declaration-mismatch]
   83 | float sin(float x){
      |       ^~~
../Core/Src/main.c:83:7: note: 'sin' is declared in header '<math.h>'
../Core/Src/main.c: In function 'HAL_TIM_PeriodElapsedCallback':
../Core/Src/main.c:96:76: error: invalid operands to binary % (have 'float' and 'int')
   96 |                                         dac_value = dac_float - (dac_float % 1);
      |                                                                            ^
../Core/Src/main.c: In function 'main':
../Core/Src/main.c:167:11: error: 'adc_value' undeclared (first use in this function); did you mean 'dac_value'?
  167 |           adc_value = HAL_ADC_GetValue(&hadc1);
      |           ^~~~~~~~~
      |           dac_value
../Core/Src/main.c:167:11: note: each undeclared identifier is reported only once for each function it appears in
../Core/Src/main.c:168:21: error: 'i' undeclared (first use in this function)
  168 |           adc_array[i] = adc_value;
      |                     ^
../Core/Src/main.c:170:31: error: expected ';' before '}' token
  170 |           if (i == 1000){i = 0}
      |                               ^
      |                               ;
make: *** [Core/Src/subdir.mk:34: Core/Src/main.o] Error 1
make: *** Waiting for unfinished jobs....
"make -j2 all" terminated with exit code 2. Build might be incomplete.
21:07:51 **** Incremental Build of configuration Debug for project study_stm_2 ****
make -j2 all 
arm-none-eabi-gcc "../Core/Src/main.c" -mcpu=cortex-m4 -std=gnu11 -g3 -DDEBUG -DUSE_HAL_DRIVER -DSTM32F303xE -c -I../Core/Inc -I../Drivers/STM32F3xx_HAL_Driver/Inc/Legacy -I../Drivers/STM32F3xx_HAL_Driver/Inc -I../Drivers/CMSIS/Device/ST/STM32F3xx/Include -I../Drivers/CMSIS/Include -O0 -ffunction-sections -fdata-sections -Wall -fstack-usage -fcyclomatic-complexity -MMD -MP -MF"Core/Src/main.d" -MT"Core/Src/main.o" --specs=nano.specs -mfpu=fpv4-sp-d16 -mfloat-abi=hard -mthumb -o "Core/Src/main.o"
arm-none-eabi-gcc "../Core/Src/stm32f3xx_it.c" -mcpu=cortex-m4 -std=gnu11 -g3 -DDEBUG -DUSE_HAL_DRIVER -DSTM32F303xE -c -I../Core/Inc -I../Drivers/STM32F3xx_HAL_Driver/Inc/Legacy -I../Drivers/STM32F3xx_HAL_Driver/Inc -I../Drivers/CMSIS/Device/ST/STM32F3xx/Include -I../Drivers/CMSIS/Include -O0 -ffunction-sections -fdata-sections -Wall -fstack-usage -fcyclomatic-complexity -MMD -MP -MF"Core/Src/stm32f3xx_it.d" -MT"Core/Src/stm32f3xx_it.o" --specs=nano.specs -mfpu=fpv4-sp-d16 -mfloat-abi=hard -mthumb -o "Core/Src/stm32f3xx_it.o"
../Core/Src/main.c:81:8: warning: conflicting types for built-in function 'pow'; expected 'double(double,  double)' [-Wbuiltin-declaration-mismatch]
   81 | double pow(double x, byte y){
      |        ^~~
../Core/Src/main.c:21:1: note: 'pow' is declared in header '<math.h>'
   20 | #include "main.h"
  +++ |+#include <math.h>
   21 | 
../Core/Src/main.c: In function 'HAL_TIM_PeriodElapsedCallback':
../Core/Src/main.c:97:70: error: invalid operands to binary % (have 'double' and 'int')
   97 |                                         double dac_float = dac_float % 1;
      |                                                                      ^
../Core/Src/main.c: In function 'main':
../Core/Src/main.c:172:31: error: expected ';' before '}' token
  172 |           if (i == 1000){i = 0}
      |                               ^
      |                               ;
make: *** [Core/Src/subdir.mk:34: Core/Src/main.o] Error 1
make: *** Waiting for unfinished jobs....
"make -j2 all" terminated with exit code 2. Build might be incomplete.
21:08:26 **** Incremental Build of configuration Debug for project study_stm_2 ****
make -j2 all 
arm-none-eabi-gcc "../Core/Src/main.c" -mcpu=cortex-m4 -std=gnu11 -g3 -DDEBUG -DUSE_HAL_DRIVER -DSTM32F303xE -c -I../Core/Inc -I../Drivers/STM32F3xx_HAL_Driver/Inc/Legacy -I../Drivers/STM32F3xx_HAL_Driver/Inc -I../Drivers/CMSIS/Device/ST/STM32F3xx/Include -I../Drivers/CMSIS/Include -O0 -ffunction-sections -fdata-sections -Wall -fstack-usage -fcyclomatic-complexity -MMD -MP -MF"Core/Src/main.d" -MT"Core/Src/main.o" --specs=nano.specs -mfpu=fpv4-sp-d16 -mfloat-abi=hard -mthumb -o "Core/Src/main.o"
arm-none-eabi-gcc "../Core/Src/syscalls.c" -mcpu=cortex-m4 -std=gnu11 -g3 -DDEBUG -DUSE_HAL_DRIVER -DSTM32F303xE -c -I../Core/Inc -I../Drivers/STM32F3xx_HAL_Driver/Inc/Legacy -I../Drivers/STM32F3xx_HAL_Driver/Inc -I../Drivers/CMSIS/Device/ST/STM32F3xx/Include -I../Drivers/CMSIS/Include -O0 -ffunction-sections -fdata-sections -Wall -fstack-usage -fcyclomatic-complexity -MMD -MP -MF"Core/Src/syscalls.d" -MT"Core/Src/syscalls.o" --specs=nano.specs -mfpu=fpv4-sp-d16 -mfloat-abi=hard -mthumb -o "Core/Src/syscalls.o"
../Core/Src/main.c:81:8: warning: conflicting types for built-in function 'pow'; expected 'double(double,  double)' [-Wbuiltin-declaration-mismatch]
   81 | double pow(double x, byte y){
      |        ^~~
../Core/Src/main.c:21:1: note: 'pow' is declared in header '<math.h>'
   20 | #include "main.h"
  +++ |+#include <math.h>
   21 | 
../Core/Src/main.c: In function 'HAL_TIM_PeriodElapsedCallback':
../Core/Src/main.c:97:70: error: invalid operands to binary % (have 'double' and 'int')
   97 |                                         double dac_float = dac_float % 1;
      |                                                                      ^
../Core/Src/main.c: In function 'main':
../Core/Src/main.c:172:31: error: expected ';' before '}' token
  172 |           if (i == 1000){i = 0}
      |                               ^
      |                               ;
make: *** [Core/Src/subdir.mk:34: Core/Src/main.o] Error 1
make: *** Waiting for unfinished jobs....
"make -j2 all" terminated with exit code 2. Build might be incomplete.
21:11:07 **** Incremental Build of configuration Debug for project study_stm_2 ****
make -j2 all 
arm-none-eabi-gcc "../Core/Src/main.c" -mcpu=cortex-m4 -std=gnu11 -g3 -DDEBUG -DUSE_HAL_DRIVER -DSTM32F303xE -c -I../Core/Inc -I../Drivers/STM32F3xx_HAL_Driver/Inc/Legacy -I../Drivers/STM32F3xx_HAL_Driver/Inc -I../Drivers/CMSIS/Device/ST/STM32F3xx/Include -I../Drivers/CMSIS/Include -O0 -ffunction-sections -fdata-sections -Wall -fstack-usage -fcyclomatic-complexity -MMD -MP -MF"Core/Src/main.d" -MT"Core/Src/main.o" --specs=nano.specs -mfpu=fpv4-sp-d16 -mfloat-abi=hard -mthumb -o "Core/Src/main.o"
arm-none-eabi-gcc "../Core/Src/sysmem.c" -mcpu=cortex-m4 -std=gnu11 -g3 -DDEBUG -DUSE_HAL_DRIVER -DSTM32F303xE -c -I../Core/Inc -I../Drivers/STM32F3xx_HAL_Driver/Inc/Legacy -I../Drivers/STM32F3xx_HAL_Driver/Inc -I../Drivers/CMSIS/Device/ST/STM32F3xx/Include -I../Drivers/CMSIS/Include -O0 -ffunction-sections -fdata-sections -Wall -fstack-usage -fcyclomatic-complexity -MMD -MP -MF"Core/Src/sysmem.d" -MT"Core/Src/sysmem.o" --specs=nano.specs -mfpu=fpv4-sp-d16 -mfloat-abi=hard -mthumb -o "Core/Src/sysmem.o"
../Core/Src/main.c:81:8: warning: conflicting types for built-in function 'pow'; expected 'double(double,  double)' [-Wbuiltin-declaration-mismatch]
   81 | double pow(double x, byte y){
      |        ^~~
../Core/Src/main.c:21:1: note: 'pow' is declared in header '<math.h>'
   20 | #include "main.h"
  +++ |+#include <math.h>
   21 | 
../Core/Src/main.c: In function 'HAL_TIM_PeriodElapsedCallback':
../Core/Src/main.c:97:70: error: invalid operands to binary % (have 'double' and 'int')
   97 |                                         double dac_float = dac_float % 1;
      |                                                                      ^
../Core/Src/main.c: In function 'main':
../Core/Src/main.c:172:31: error: expected ';' before '}' token
  172 |           if (i == 1000){i = 0}
      |                               ^
      |                               ;
make: *** [Core/Src/subdir.mk:34: Core/Src/main.o] Error 1
make: *** Waiting for unfinished jobs....
"make -j2 all" terminated with exit code 2. Build might be incomplete.
21:12:03 **** Incremental Build of configuration Debug for project study_stm_2 ****
make -j2 all 
arm-none-eabi-gcc "../Core/Src/main.c" -mcpu=cortex-m4 -std=gnu11 -g3 -DDEBUG -DUSE_HAL_DRIVER -DSTM32F303xE -c -I../Core/Inc -I../Drivers/STM32F3xx_HAL_Driver/Inc/Legacy -I../Drivers/STM32F3xx_HAL_Driver/Inc -I../Drivers/CMSIS/Device/ST/STM32F3xx/Include -I../Drivers/CMSIS/Include -O0 -ffunction-sections -fdata-sections -Wall -fstack-usage -fcyclomatic-complexity -MMD -MP -MF"Core/Src/main.d" -MT"Core/Src/main.o" --specs=nano.specs -mfpu=fpv4-sp-d16 -mfloat-abi=hard -mthumb -o "Core/Src/main.o"
arm-none-eabi-gcc "../Core/Src/system_stm32f3xx.c" -mcpu=cortex-m4 -std=gnu11 -g3 -DDEBUG -DUSE_HAL_DRIVER -DSTM32F303xE -c -I../Core/Inc -I../Drivers/STM32F3xx_HAL_Driver/Inc/Legacy -I../Drivers/STM32F3xx_HAL_Driver/Inc -I../Drivers/CMSIS/Device/ST/STM32F3xx/Include -I../Drivers/CMSIS/Include -O0 -ffunction-sections -fdata-sections -Wall -fstack-usage -fcyclomatic-complexity -MMD -MP -MF"Core/Src/system_stm32f3xx.d" -MT"Core/Src/system_stm32f3xx.o" --specs=nano.specs -mfpu=fpv4-sp-d16 -mfloat-abi=hard -mthumb -o "Core/Src/system_stm32f3xx.o"
../Core/Src/main.c:81:8: warning: conflicting types for built-in function 'pow'; expected 'double(double,  double)' [-Wbuiltin-declaration-mismatch]
   81 | double pow(double x, byte y){
      |        ^~~
../Core/Src/main.c:21:1: note: 'pow' is declared in header '<math.h>'
   20 | #include "main.h"
  +++ |+#include <math.h>
   21 | 
../Core/Src/main.c: In function 'HAL_TIM_PeriodElapsedCallback':
../Core/Src/main.c:97:70: error: invalid operands to binary % (have 'double' and 'int')
   97 |                                         double dac_float = dac_float % 1;
      |                                                                      ^
../Core/Src/main.c: In function 'main':
../Core/Src/main.c:172:31: error: expected ';' before '}' token
  172 |           if (i == 1000){i = 0}
      |                               ^
      |                               ;
make: *** [Core/Src/subdir.mk:34: Core/Src/main.o] Error 1
make: *** Waiting for unfinished jobs....
"make -j2 all" terminated with exit code 2. Build might be incomplete.
21:13:08 **** Incremental Build of configuration Debug for project study_stm_2 ****
make -j2 all 
arm-none-eabi-gcc "../Core/Src/main.c" -mcpu=cortex-m4 -std=gnu11 -g3 -DDEBUG -DUSE_HAL_DRIVER -DSTM32F303xE -c -I../Core/Inc -I../Drivers/STM32F3xx_HAL_Driver/Inc/Legacy -I../Drivers/STM32F3xx_HAL_Driver/Inc -I../Drivers/CMSIS/Device/ST/STM32F3xx/Include -I../Drivers/CMSIS/Include -O0 -ffunction-sections -fdata-sections -Wall -fstack-usage -fcyclomatic-complexity -MMD -MP -MF"Core/Src/main.d" -MT"Core/Src/main.o" --specs=nano.specs -mfpu=fpv4-sp-d16 -mfloat-abi=hard -mthumb -o "Core/Src/main.o"
../Core/Src/main.c:81:8: warning: conflicting types for built-in function 'pow'; expected 'double(double,  double)' [-Wbuiltin-declaration-mismatch]
   81 | double pow(double x, byte y){
      |        ^~~
../Core/Src/main.c:21:1: note: 'pow' is declared in header '<math.h>'
   20 | #include "main.h"
  +++ |+#include <math.h>
   21 | 
../Core/Src/main.c: In function 'HAL_TIM_PeriodElapsedCallback':
../Core/Src/main.c:97:70: error: invalid operands to binary % (have 'double' and 'int')
   97 |                                         double dac_float = dac_float % 1;
      |                                                                      ^
../Core/Src/main.c: In function 'main':
../Core/Src/main.c:172:31: error: expected ';' before '}' token
  172 |           if (i == 1000){i = 0}
      |                               ^
      |                               ;
make: *** [Core/Src/subdir.mk:34: Core/Src/main.o] Error 1
"make -j2 all" terminated with exit code 2. Build might be incomplete.
21:13:46 **** Incremental Build of configuration Debug for project study_stm_2 ****
make -j2 all 
arm-none-eabi-gcc "../Core/Src/main.c" -mcpu=cortex-m4 -std=gnu11 -g3 -DDEBUG -DUSE_HAL_DRIVER -DSTM32F303xE -c -I../Core/Inc -I../Drivers/STM32F3xx_HAL_Driver/Inc/Legacy -I../Drivers/STM32F3xx_HAL_Driver/Inc -I../Drivers/CMSIS/Device/ST/STM32F3xx/Include -I../Drivers/CMSIS/Include -O0 -ffunction-sections -fdata-sections -Wall -fstack-usage -fcyclomatic-complexity -MMD -MP -MF"Core/Src/main.d" -MT"Core/Src/main.o" --specs=nano.specs -mfpu=fpv4-sp-d16 -mfloat-abi=hard -mthumb -o "Core/Src/main.o"
../Core/Src/main.c: In function 'main':
../Core/Src/main.c:171:31: error: expected ';' before '}' token
  171 |           if (i == 1000){i = 0}
      |                               ^
      |                               ;
make: *** [Core/Src/subdir.mk:34: Core/Src/main.o] Error 1
"make -j2 all" terminated with exit code 2. Build might be incomplete.
21:15:06 **** Incremental Build of configuration Debug for project study_stm_2 ****
make -j2 all 
arm-none-eabi-gcc "../Core/Src/main.c" -mcpu=cortex-m4 -std=gnu11 -g3 -DDEBUG -DUSE_HAL_DRIVER -DSTM32F303xE -c -I../Core/Inc -I../Drivers/STM32F3xx_HAL_Driver/Inc/Legacy -I../Drivers/STM32F3xx_HAL_Driver/Inc -I../Drivers/CMSIS/Device/ST/STM32F3xx/Include -I../Drivers/CMSIS/Include -O0 -ffunction-sections -fdata-sections -Wall -fstack-usage -fcyclomatic-complexity -MMD -MP -MF"Core/Src/main.d" -MT"Core/Src/main.o" --specs=nano.specs -mfpu=fpv4-sp-d16 -mfloat-abi=hard -mthumb -o "Core/Src/main.o"
../Core/Src/main.c: In function 'main':
../Core/Src/main.c:171:31: error: expected ';' before '}' token
  171 |           if (i == 1000){i = 0}
      |                               ^
      |                               ;
make: *** [Core/Src/subdir.mk:34: Core/Src/main.o] Error 1
"make -j2 all" terminated with exit code 2. Build might be incomplete.
21:15:36 **** Incremental Build of configuration Debug for project study_stm_2 ****
make -j2 all 
arm-none-eabi-gcc "../Core/Src/main.c" -mcpu=cortex-m4 -std=gnu11 -g3 -DDEBUG -DUSE_HAL_DRIVER -DSTM32F303xE -c -I../Core/Inc -I../Drivers/STM32F3xx_HAL_Driver/Inc/Legacy -I../Drivers/STM32F3xx_HAL_Driver/Inc -I../Drivers/CMSIS/Device/ST/STM32F3xx/Include -I../Drivers/CMSIS/Include -O0 -ffunction-sections -fdata-sections -Wall -fstack-usage -fcyclomatic-complexity -MMD -MP -MF"Core/Src/main.d" -MT"Core/Src/main.o" --specs=nano.specs -mfpu=fpv4-sp-d16 -mfloat-abi=hard -mthumb -o "Core/Src/main.o"
../Core/Src/main.c: In function 'main':
../Core/Src/main.c:226:13: error: invalid storage class for function 'MX_ADC1_Init'
  226 | static void MX_ADC1_Init(void)
      |             ^~~~~~~~~~~~
../Core/Src/main.c:292:13: error: invalid storage class for function 'MX_DAC1_Init'
  292 | static void MX_DAC1_Init(void)
      |             ^~~~~~~~~~~~
../Core/Src/main.c:332:13: error: invalid storage class for function 'MX_TIM1_Init'
  332 | static void MX_TIM1_Init(void)
      |             ^~~~~~~~~~~~
../Core/Src/main.c:379:13: error: invalid storage class for function 'MX_GPIO_Init'
  379 | static void MX_GPIO_Init(void)
      |             ^~~~~~~~~~~~
../Core/Src/main.c:410:1: error: expected declaration or statement at end of input
  410 | }
      | ^
../Core/Src/main.c: At top level:
../Core/Src/main.c:71:13: warning: 'MX_GPIO_Init' used but never defined
   71 | static void MX_GPIO_Init(void);
      |             ^~~~~~~~~~~~
../Core/Src/main.c:72:13: warning: 'MX_ADC1_Init' used but never defined
   72 | static void MX_ADC1_Init(void);
      |             ^~~~~~~~~~~~
../Core/Src/main.c:73:13: warning: 'MX_DAC1_Init' used but never defined
   73 | static void MX_DAC1_Init(void);
      |             ^~~~~~~~~~~~
../Core/Src/main.c:74:13: warning: 'MX_TIM1_Init' used but never defined
   74 | static void MX_TIM1_Init(void);
      |             ^~~~~~~~~~~~
../Core/Src/main.c:401:6: warning: 'Error_Handler' defined but not used [-Wunused-function]
  401 | void Error_Handler(void)
      |      ^~~~~~~~~~~~~
../Core/Src/main.c:379:13: warning: 'MX_GPIO_Init' defined but not used [-Wunused-function]
  379 | static void MX_GPIO_Init(void)
      |             ^~~~~~~~~~~~
../Core/Src/main.c:332:13: warning: 'MX_TIM1_Init' defined but not used [-Wunused-function]
  332 | static void MX_TIM1_Init(void)
      |             ^~~~~~~~~~~~
../Core/Src/main.c:292:13: warning: 'MX_DAC1_Init' defined but not used [-Wunused-function]
  292 | static void MX_DAC1_Init(void)
      |             ^~~~~~~~~~~~
../Core/Src/main.c:226:13: warning: 'MX_ADC1_Init' defined but not used [-Wunused-function]
  226 | static void MX_ADC1_Init(void)
      |             ^~~~~~~~~~~~
../Core/Src/main.c:178:6: warning: 'SystemClock_Config' defined but not used [-Wunused-function]
  178 | void SystemClock_Config(void)
      |      ^~~~~~~~~~~~~~~~~~
make: *** [Core/Src/subdir.mk:34: Core/Src/main.o] Error 1
"make -j2 all" terminated with exit code 2. Build might be incomplete.
21:16:15 **** Incremental Build of configuration Debug for project study_stm_2 ****
make -j2 all 
arm-none-eabi-gcc "../Core/Src/main.c" -mcpu=cortex-m4 -std=gnu11 -g3 -DDEBUG -DUSE_HAL_DRIVER -DSTM32F303xE -c -I../Core/Inc -I../Drivers/STM32F3xx_HAL_Driver/Inc/Legacy -I../Drivers/STM32F3xx_HAL_Driver/Inc -I../Drivers/CMSIS/Device/ST/STM32F3xx/Include -I../Drivers/CMSIS/Include -O0 -ffunction-sections -fdata-sections -Wall -fstack-usage -fcyclomatic-complexity -MMD -MP -MF"Core/Src/main.d" -MT"Core/Src/main.o" --specs=nano.specs -mfpu=fpv4-sp-d16 -mfloat-abi=hard -mthumb -o "Core/Src/main.o"
arm-none-eabi-gcc -o "study_stm_2.elf" @"objects.list"   -mcpu=cortex-m4 -T"C:\Program Files\STM32CubeIDE\workspace_1.18.0\study_stm\study_stm_2\STM32F303RETX_FLASH.ld" --specs=nosys.specs -Wl,-Map="study_stm_2.map" -Wl,--gc-sections -static --specs=nano.specs -mfpu=fpv4-sp-d16 -mfloat-abi=hard -mthumb -Wl,--start-group -lc -lm -Wl,--end-group
Finished building target: study_stm_2.elf
 
arm-none-eabi-size  study_stm_2.elf 
arm-none-eabi-objdump -h -S study_stm_2.elf  > "study_stm_2.list"
   text	   data	    bss	    dec	    hex	filename
  23816	     96	   4080	  27992	   6d58	study_stm_2.elf
Finished building: default.size.stdout
 
Finished building: study_stm_2.list
 
21:16:40 **** Incremental Build of configuration Debug for project study_stm_2 ****
make -j2 all 
arm-none-eabi-size  study_stm_2.elf 
   text	   data	    bss	    dec	    hex	filename
  23816	     96	   4080	  27992	   6d58	study_stm_2.elf
Finished building: default.size.stdout
 
21:34:20 **** Incremental Build of configuration Debug for project study_stm_2 ****
make -j2 all 
arm-none-eabi-gcc "../Core/Src/main.c" -mcpu=cortex-m4 -std=gnu11 -g3 -DDEBUG -DUSE_HAL_DRIVER -DSTM32F303xE -c -I../Core/Inc -I../Drivers/STM32F3xx_HAL_Driver/Inc/Legacy -I../Drivers/STM32F3xx_HAL_Driver/Inc -I../Drivers/CMSIS/Device/ST/STM32F3xx/Include -I../Drivers/CMSIS/Include -O0 -ffunction-sections -fdata-sections -Wall -fstack-usage -fcyclomatic-complexity -MMD -MP -MF"Core/Src/main.d" -MT"Core/Src/main.o" --specs=nano.specs -mfpu=fpv4-sp-d16 -mfloat-abi=hard -mthumb -o "Core/Src/main.o"
arm-none-eabi-gcc "../Core/Src/stm32f3xx_hal_msp.c" -mcpu=cortex-m4 -std=gnu11 -g3 -DDEBUG -DUSE_HAL_DRIVER -DSTM32F303xE -c -I../Core/Inc -I../Drivers/STM32F3xx_HAL_Driver/Inc/Legacy -I../Drivers/STM32F3xx_HAL_Driver/Inc -I../Drivers/CMSIS/Device/ST/STM32F3xx/Include -I../Drivers/CMSIS/Include -O0 -ffunction-sections -fdata-sections -Wall -fstack-usage -fcyclomatic-complexity -MMD -MP -MF"Core/Src/stm32f3xx_hal_msp.d" -MT"Core/Src/stm32f3xx_hal_msp.o" --specs=nano.specs -mfpu=fpv4-sp-d16 -mfloat-abi=hard -mthumb -o "Core/Src/stm32f3xx_hal_msp.o"
../Core/Src/main.c: In function 'sin':
../Core/Src/main.c:90:25: warning: implicit declaration of function 'pow' [-Wimplicit-function-declaration]
   90 |         float res = x - pow(x, 3) / 6 + pow(x, 5) / 120 - pow(x, 7) / 5040;
      |                         ^~~
../Core/Src/main.c:21:1: note: include '<math.h>' or provide a declaration of 'pow'
   20 | #include "main.h"
  +++ |+#include <math.h>
   21 | 
../Core/Src/main.c:90:25: warning: incompatible implicit declaration of built-in function 'pow' [-Wbuiltin-declaration-mismatch]
   90 |         float res = x - pow(x, 3) / 6 + pow(x, 5) / 120 - pow(x, 7) / 5040;
      |                         ^~~
../Core/Src/main.c:90:25: note: include '<math.h>' or provide a declaration of 'pow'
arm-none-eabi-gcc -o "study_stm_2.elf" @"objects.list"   -mcpu=cortex-m4 -T"C:\Program Files\STM32CubeIDE\workspace_1.18.0\study_stm\study_stm_2\STM32F303RETX_FLASH.ld" --specs=nosys.specs -Wl,-Map="study_stm_2.map" -Wl,--gc-sections -static --specs=nano.specs -mfpu=fpv4-sp-d16 -mfloat-abi=hard -mthumb -Wl,--start-group -lc -lm -Wl,--end-group
Finished building target: study_stm_2.elf
 
arm-none-eabi-size  study_stm_2.elf 
arm-none-eabi-objdump -h -S study_stm_2.elf  > "study_stm_2.list"
   text	   data	    bss	    dec	    hex	filename
  24312	     96	   4152	  28560	   6f90	study_stm_2.elf
Finished building: default.size.stdout
 
Finished building: study_stm_2.list
 
21:41:16 **** Incremental Build of configuration Debug for project study_stm_2 ****
make -j2 all 
arm-none-eabi-gcc "../Core/Src/main.c" -mcpu=cortex-m4 -std=gnu11 -g3 -DDEBUG -DUSE_HAL_DRIVER -DSTM32F303xE -c -I../Core/Inc -I../Drivers/STM32F3xx_HAL_Driver/Inc/Legacy -I../Drivers/STM32F3xx_HAL_Driver/Inc -I../Drivers/CMSIS/Device/ST/STM32F3xx/Include -I../Drivers/CMSIS/Include -O0 -ffunction-sections -fdata-sections -Wall -fstack-usage -fcyclomatic-complexity -MMD -MP -MF"Core/Src/main.d" -MT"Core/Src/main.o" --specs=nano.specs -mfpu=fpv4-sp-d16 -mfloat-abi=hard -mthumb -o "Core/Src/main.o"
../Core/Src/main.c: In function 'raiseToPow':
../Core/Src/main.c:92:9: warning: unused variable 'i' [-Wunused-variable]
   92 |     int i;
      |         ^
arm-none-eabi-gcc -o "study_stm_2.elf" @"objects.list"   -mcpu=cortex-m4 -T"C:\Program Files\STM32CubeIDE\workspace_1.18.0\study_stm\study_stm_2\STM32F303RETX_FLASH.ld" --specs=nosys.specs -Wl,-Map="study_stm_2.map" -Wl,--gc-sections -static --specs=nano.specs -mfpu=fpv4-sp-d16 -mfloat-abi=hard -mthumb -Wl,--start-group -lc -lm -Wl,--end-group
Finished building target: study_stm_2.elf
 
arm-none-eabi-size  study_stm_2.elf 
arm-none-eabi-objdump -h -S study_stm_2.elf  > "study_stm_2.list"
   text	   data	    bss	    dec	    hex	filename
  20232	     16	   3840	  24088	   5e18	study_stm_2.elf
Finished building: default.size.stdout
 
Finished building: study_stm_2.list
 
21:44:32 **** Incremental Build of configuration Debug for project study_stm_2 ****
make -j2 all 
arm-none-eabi-gcc "../Core/Src/main.c" -mcpu=cortex-m4 -std=gnu11 -g3 -DDEBUG -DUSE_HAL_DRIVER -DSTM32F303xE -c -I../Core/Inc -I../Drivers/STM32F3xx_HAL_Driver/Inc/Legacy -I../Drivers/STM32F3xx_HAL_Driver/Inc -I../Drivers/CMSIS/Device/ST/STM32F3xx/Include -I../Drivers/CMSIS/Include -O0 -ffunction-sections -fdata-sections -Wall -fstack-usage -fcyclomatic-complexity -MMD -MP -MF"Core/Src/main.d" -MT"Core/Src/main.o" --specs=nano.specs -mfpu=fpv4-sp-d16 -mfloat-abi=hard -mthumb -o "Core/Src/main.o"
arm-none-eabi-gcc -o "study_stm_2.elf" @"objects.list"   -mcpu=cortex-m4 -T"C:\Program Files\STM32CubeIDE\workspace_1.18.0\study_stm\study_stm_2\STM32F303RETX_FLASH.ld" --specs=nosys.specs -Wl,-Map="study_stm_2.map" -Wl,--gc-sections -static --specs=nano.specs -mfpu=fpv4-sp-d16 -mfloat-abi=hard -mthumb -Wl,--start-group -lc -lm -Wl,--end-group
Finished building target: study_stm_2.elf
 
arm-none-eabi-size  study_stm_2.elf 
arm-none-eabi-objdump -h -S study_stm_2.elf  > "study_stm_2.list"
   text	   data	    bss	    dec	    hex	filename
  20208	     16	   3840	  24064	   5e00	study_stm_2.elf
Finished building: default.size.stdout
 
Finished building: study_stm_2.list
 
21:54:42 **** Incremental Build of configuration Debug for project study_stm_2 ****
make -j2 all 
arm-none-eabi-gcc "../Core/Src/main.c" -mcpu=cortex-m4 -std=gnu11 -g3 -DDEBUG -DUSE_HAL_DRIVER -DSTM32F303xE -c -I../Core/Inc -I../Drivers/STM32F3xx_HAL_Driver/Inc/Legacy -I../Drivers/STM32F3xx_HAL_Driver/Inc -I../Drivers/CMSIS/Device/ST/STM32F3xx/Include -I../Drivers/CMSIS/Include -O0 -ffunction-sections -fdata-sections -Wall -fstack-usage -fcyclomatic-complexity -MMD -MP -MF"Core/Src/main.d" -MT"Core/Src/main.o" --specs=nano.specs -mfpu=fpv4-sp-d16 -mfloat-abi=hard -mthumb -o "Core/Src/main.o"
arm-none-eabi-gcc "../Core/Src/stm32f3xx_hal_msp.c" -mcpu=cortex-m4 -std=gnu11 -g3 -DDEBUG -DUSE_HAL_DRIVER -DSTM32F303xE -c -I../Core/Inc -I../Drivers/STM32F3xx_HAL_Driver/Inc/Legacy -I../Drivers/STM32F3xx_HAL_Driver/Inc -I../Drivers/CMSIS/Device/ST/STM32F3xx/Include -I../Drivers/CMSIS/Include -O0 -ffunction-sections -fdata-sections -Wall -fstack-usage -fcyclomatic-complexity -MMD -MP -MF"Core/Src/stm32f3xx_hal_msp.d" -MT"Core/Src/stm32f3xx_hal_msp.o" --specs=nano.specs -mfpu=fpv4-sp-d16 -mfloat-abi=hard -mthumb -o "Core/Src/stm32f3xx_hal_msp.o"
arm-none-eabi-gcc "../Core/Src/stm32f3xx_it.c" -mcpu=cortex-m4 -std=gnu11 -g3 -DDEBUG -DUSE_HAL_DRIVER -DSTM32F303xE -c -I../Core/Inc -I../Drivers/STM32F3xx_HAL_Driver/Inc/Legacy -I../Drivers/STM32F3xx_HAL_Driver/Inc -I../Drivers/CMSIS/Device/ST/STM32F3xx/Include -I../Drivers/CMSIS/Include -O0 -ffunction-sections -fdata-sections -Wall -fstack-usage -fcyclomatic-complexity -MMD -MP -MF"Core/Src/stm32f3xx_it.d" -MT"Core/Src/stm32f3xx_it.o" --specs=nano.specs -mfpu=fpv4-sp-d16 -mfloat-abi=hard -mthumb -o "Core/Src/stm32f3xx_it.o"
arm-none-eabi-gcc -o "study_stm_2.elf" @"objects.list"   -mcpu=cortex-m4 -T"C:\Program Files\STM32CubeIDE\workspace_1.18.0\study_stm\study_stm_2\STM32F303RETX_FLASH.ld" --specs=nosys.specs -Wl,-Map="study_stm_2.map" -Wl,--gc-sections -static --specs=nano.specs -mfpu=fpv4-sp-d16 -mfloat-abi=hard -mthumb -Wl,--start-group -lc -lm -Wl,--end-group
Finished building target: study_stm_2.elf
 
arm-none-eabi-size  study_stm_2.elf 
arm-none-eabi-objdump -h -S study_stm_2.elf  > "study_stm_2.list"
   text	   data	    bss	    dec	    hex	filename
  20156	     16	   3840	  24012	   5dcc	study_stm_2.elf
Finished building: default.size.stdout
 
Finished building: study_stm_2.list
 
21:56:44 **** Incremental Build of configuration Debug for project study_stm_2 ****
make -j2 all 
arm-none-eabi-gcc "../Core/Src/stm32f3xx_hal_msp.c" -mcpu=cortex-m4 -std=gnu11 -g3 -DDEBUG -DUSE_HAL_DRIVER -DSTM32F303xE -c -I../Core/Inc -I../Drivers/STM32F3xx_HAL_Driver/Inc/Legacy -I../Drivers/STM32F3xx_HAL_Driver/Inc -I../Drivers/CMSIS/Device/ST/STM32F3xx/Include -I../Drivers/CMSIS/Include -O0 -ffunction-sections -fdata-sections -Wall -fstack-usage -fcyclomatic-complexity -MMD -MP -MF"Core/Src/stm32f3xx_hal_msp.d" -MT"Core/Src/stm32f3xx_hal_msp.o" --specs=nano.specs -mfpu=fpv4-sp-d16 -mfloat-abi=hard -mthumb -o "Core/Src/stm32f3xx_hal_msp.o"
arm-none-eabi-gcc "../Core/Src/stm32f3xx_it.c" -mcpu=cortex-m4 -std=gnu11 -g3 -DDEBUG -DUSE_HAL_DRIVER -DSTM32F303xE -c -I../Core/Inc -I../Drivers/STM32F3xx_HAL_Driver/Inc/Legacy -I../Drivers/STM32F3xx_HAL_Driver/Inc -I../Drivers/CMSIS/Device/ST/STM32F3xx/Include -I../Drivers/CMSIS/Include -O0 -ffunction-sections -fdata-sections -Wall -fstack-usage -fcyclomatic-complexity -MMD -MP -MF"Core/Src/stm32f3xx_it.d" -MT"Core/Src/stm32f3xx_it.o" --specs=nano.specs -mfpu=fpv4-sp-d16 -mfloat-abi=hard -mthumb -o "Core/Src/stm32f3xx_it.o"
arm-none-eabi-gcc -o "study_stm_2.elf" @"objects.list"   -mcpu=cortex-m4 -T"C:\Program Files\STM32CubeIDE\workspace_1.18.0\study_stm\study_stm_2\STM32F303RETX_FLASH.ld" --specs=nosys.specs -Wl,-Map="study_stm_2.map" -Wl,--gc-sections -static --specs=nano.specs -mfpu=fpv4-sp-d16 -mfloat-abi=hard -mthumb -Wl,--start-group -lc -lm -Wl,--end-group
Finished building target: study_stm_2.elf
 
arm-none-eabi-size  study_stm_2.elf 
arm-none-eabi-objdump -h -S study_stm_2.elf  > "study_stm_2.list"
   text	   data	    bss	    dec	    hex	filename
  20192	     16	   3840	  24048	   5df0	study_stm_2.elf
Finished building: default.size.stdout
 
Finished building: study_stm_2.list
 
22:00:47 **** Incremental Build of configuration Debug for project study_stm_2 ****
make -j2 all 
arm-none-eabi-gcc "../Core/Src/main.c" -mcpu=cortex-m4 -std=gnu11 -g3 -DDEBUG -DUSE_HAL_DRIVER -DSTM32F303xE -c -I../Core/Inc -I../Drivers/STM32F3xx_HAL_Driver/Inc/Legacy -I../Drivers/STM32F3xx_HAL_Driver/Inc -I../Drivers/CMSIS/Device/ST/STM32F3xx/Include -I../Drivers/CMSIS/Include -O0 -ffunction-sections -fdata-sections -Wall -fstack-usage -fcyclomatic-complexity -MMD -MP -MF"Core/Src/main.d" -MT"Core/Src/main.o" --specs=nano.specs -mfpu=fpv4-sp-d16 -mfloat-abi=hard -mthumb -o "Core/Src/main.o"
arm-none-eabi-gcc -o "study_stm_2.elf" @"objects.list"   -mcpu=cortex-m4 -T"C:\Program Files\STM32CubeIDE\workspace_1.18.0\study_stm\study_stm_2\STM32F303RETX_FLASH.ld" --specs=nosys.specs -Wl,-Map="study_stm_2.map" -Wl,--gc-sections -static --specs=nano.specs -mfpu=fpv4-sp-d16 -mfloat-abi=hard -mthumb -Wl,--start-group -lc -lm -Wl,--end-group
Finished building target: study_stm_2.elf
 
arm-none-eabi-size  study_stm_2.elf 
arm-none-eabi-objdump -h -S study_stm_2.elf  > "study_stm_2.list"
   text	   data	    bss	    dec	    hex	filename
  20196	     16	   3840	  24052	   5df4	study_stm_2.elf
Finished building: default.size.stdout
 
Finished building: study_stm_2.list
 
22:11:41 **** Incremental Build of configuration Debug for project study_stm_2 ****
make -j2 all 
arm-none-eabi-gcc "../Core/Src/main.c" -mcpu=cortex-m4 -std=gnu11 -g3 -DDEBUG -DUSE_HAL_DRIVER -DSTM32F303xE -c -I../Core/Inc -I../Drivers/STM32F3xx_HAL_Driver/Inc/Legacy -I../Drivers/STM32F3xx_HAL_Driver/Inc -I../Drivers/CMSIS/Device/ST/STM32F3xx/Include -I../Drivers/CMSIS/Include -O0 -ffunction-sections -fdata-sections -Wall -fstack-usage -fcyclomatic-complexity -MMD -MP -MF"Core/Src/main.d" -MT"Core/Src/main.o" --specs=nano.specs -mfpu=fpv4-sp-d16 -mfloat-abi=hard -mthumb -o "Core/Src/main.o"
arm-none-eabi-gcc "../Core/Src/stm32f3xx_hal_msp.c" -mcpu=cortex-m4 -std=gnu11 -g3 -DDEBUG -DUSE_HAL_DRIVER -DSTM32F303xE -c -I../Core/Inc -I../Drivers/STM32F3xx_HAL_Driver/Inc/Legacy -I../Drivers/STM32F3xx_HAL_Driver/Inc -I../Drivers/CMSIS/Device/ST/STM32F3xx/Include -I../Drivers/CMSIS/Include -O0 -ffunction-sections -fdata-sections -Wall -fstack-usage -fcyclomatic-complexity -MMD -MP -MF"Core/Src/stm32f3xx_hal_msp.d" -MT"Core/Src/stm32f3xx_hal_msp.o" --specs=nano.specs -mfpu=fpv4-sp-d16 -mfloat-abi=hard -mthumb -o "Core/Src/stm32f3xx_hal_msp.o"
arm-none-eabi-gcc "../Core/Src/stm32f3xx_it.c" -mcpu=cortex-m4 -std=gnu11 -g3 -DDEBUG -DUSE_HAL_DRIVER -DSTM32F303xE -c -I../Core/Inc -I../Drivers/STM32F3xx_HAL_Driver/Inc/Legacy -I../Drivers/STM32F3xx_HAL_Driver/Inc -I../Drivers/CMSIS/Device/ST/STM32F3xx/Include -I../Drivers/CMSIS/Include -O0 -ffunction-sections -fdata-sections -Wall -fstack-usage -fcyclomatic-complexity -MMD -MP -MF"Core/Src/stm32f3xx_it.d" -MT"Core/Src/stm32f3xx_it.o" --specs=nano.specs -mfpu=fpv4-sp-d16 -mfloat-abi=hard -mthumb -o "Core/Src/stm32f3xx_it.o"
arm-none-eabi-gcc -o "study_stm_2.elf" @"objects.list"   -mcpu=cortex-m4 -T"C:\Program Files\STM32CubeIDE\workspace_1.18.0\study_stm\study_stm_2\STM32F303RETX_FLASH.ld" --specs=nosys.specs -Wl,-Map="study_stm_2.map" -Wl,--gc-sections -static --specs=nano.specs -mfpu=fpv4-sp-d16 -mfloat-abi=hard -mthumb -Wl,--start-group -lc -lm -Wl,--end-group
Finished building target: study_stm_2.elf
 
arm-none-eabi-size  study_stm_2.elf 
arm-none-eabi-objdump -h -S study_stm_2.elf  > "study_stm_2.list"
   text	   data	    bss	    dec	    hex	filename
  21852	     16	   3840	  25708	   646c	study_stm_2.elf
Finished building: default.size.stdout
 
Finished building: study_stm_2.list
 
22:16:36 **** Incremental Build of configuration Debug for project study_stm_2 ****
make -j2 all 
arm-none-eabi-gcc "../Core/Src/main.c" -mcpu=cortex-m4 -std=gnu11 -g3 -DDEBUG -DUSE_HAL_DRIVER -DSTM32F303xE -c -I../Core/Inc -I../Drivers/STM32F3xx_HAL_Driver/Inc/Legacy -I../Drivers/STM32F3xx_HAL_Driver/Inc -I../Drivers/CMSIS/Device/ST/STM32F3xx/Include -I../Drivers/CMSIS/Include -O0 -ffunction-sections -fdata-sections -Wall -fstack-usage -fcyclomatic-complexity -MMD -MP -MF"Core/Src/main.d" -MT"Core/Src/main.o" --specs=nano.specs -mfpu=fpv4-sp-d16 -mfloat-abi=hard -mthumb -o "Core/Src/main.o"
arm-none-eabi-gcc "../Core/Src/stm32f3xx_hal_msp.c" -mcpu=cortex-m4 -std=gnu11 -g3 -DDEBUG -DUSE_HAL_DRIVER -DSTM32F303xE -c -I../Core/Inc -I../Drivers/STM32F3xx_HAL_Driver/Inc/Legacy -I../Drivers/STM32F3xx_HAL_Driver/Inc -I../Drivers/CMSIS/Device/ST/STM32F3xx/Include -I../Drivers/CMSIS/Include -O0 -ffunction-sections -fdata-sections -Wall -fstack-usage -fcyclomatic-complexity -MMD -MP -MF"Core/Src/stm32f3xx_hal_msp.d" -MT"Core/Src/stm32f3xx_hal_msp.o" --specs=nano.specs -mfpu=fpv4-sp-d16 -mfloat-abi=hard -mthumb -o "Core/Src/stm32f3xx_hal_msp.o"
../Core/Src/main.c: In function 'main':
../Core/Src/main.c:182:13: error: 'clculate_flag' undeclared (first use in this function); did you mean 'calculate_flag'?
  182 |         if (clculate_flag){
      |             ^~~~~~~~~~~~~
      |             calculate_flag
../Core/Src/main.c:182:13: note: each undeclared identifier is reported only once for each function it appears in
make: *** [Core/Src/subdir.mk:34: Core/Src/main.o] Error 1
make: *** Waiting for unfinished jobs....
"make -j2 all" terminated with exit code 2. Build might be incomplete.
22:17:01 **** Incremental Build of configuration Debug for project study_stm_2 ****
make -j2 all 
arm-none-eabi-gcc "../Core/Src/main.c" -mcpu=cortex-m4 -std=gnu11 -g3 -DDEBUG -DUSE_HAL_DRIVER -DSTM32F303xE -c -I../Core/Inc -I../Drivers/STM32F3xx_HAL_Driver/Inc/Legacy -I../Drivers/STM32F3xx_HAL_Driver/Inc -I../Drivers/CMSIS/Device/ST/STM32F3xx/Include -I../Drivers/CMSIS/Include -O0 -ffunction-sections -fdata-sections -Wall -fstack-usage -fcyclomatic-complexity -MMD -MP -MF"Core/Src/main.d" -MT"Core/Src/main.o" --specs=nano.specs -mfpu=fpv4-sp-d16 -mfloat-abi=hard -mthumb -o "Core/Src/main.o"
arm-none-eabi-gcc "../Core/Src/stm32f3xx_it.c" -mcpu=cortex-m4 -std=gnu11 -g3 -DDEBUG -DUSE_HAL_DRIVER -DSTM32F303xE -c -I../Core/Inc -I../Drivers/STM32F3xx_HAL_Driver/Inc/Legacy -I../Drivers/STM32F3xx_HAL_Driver/Inc -I../Drivers/CMSIS/Device/ST/STM32F3xx/Include -I../Drivers/CMSIS/Include -O0 -ffunction-sections -fdata-sections -Wall -fstack-usage -fcyclomatic-complexity -MMD -MP -MF"Core/Src/stm32f3xx_it.d" -MT"Core/Src/stm32f3xx_it.o" --specs=nano.specs -mfpu=fpv4-sp-d16 -mfloat-abi=hard -mthumb -o "Core/Src/stm32f3xx_it.o"
arm-none-eabi-gcc -o "study_stm_2.elf" @"objects.list"   -mcpu=cortex-m4 -T"C:\Program Files\STM32CubeIDE\workspace_1.18.0\study_stm\study_stm_2\STM32F303RETX_FLASH.ld" --specs=nosys.specs -Wl,-Map="study_stm_2.map" -Wl,--gc-sections -static --specs=nano.specs -mfpu=fpv4-sp-d16 -mfloat-abi=hard -mthumb -Wl,--start-group -lc -lm -Wl,--end-group
Finished building target: study_stm_2.elf
 
arm-none-eabi-size  study_stm_2.elf 
arm-none-eabi-objdump -h -S study_stm_2.elf  > "study_stm_2.list"
   text	   data	    bss	    dec	    hex	filename
  20220	     16	   3840	  24076	   5e0c	study_stm_2.elf
Finished building: default.size.stdout
 
Finished building: study_stm_2.list
 
22:27:11 **** Incremental Build of configuration Debug for project study_stm_1 ****
make -j2 all 
arm-none-eabi-size  study_stm_1.elf 
   text	   data	    bss	    dec	    hex	filename
  18744	     16	   2040	  20800	   5140	study_stm_1.elf
Finished building: default.size.stdout
 
22:27:14 **** Incremental Build of configuration Debug for project study_stm_2 ****
make -j2 all 
arm-none-eabi-gcc "../Core/Src/main.c" -mcpu=cortex-m4 -std=gnu11 -g3 -DDEBUG -DUSE_HAL_DRIVER -DSTM32F303xE -c -I../Core/Inc -I../Drivers/STM32F3xx_HAL_Driver/Inc/Legacy -I../Drivers/STM32F3xx_HAL_Driver/Inc -I../Drivers/CMSIS/Device/ST/STM32F3xx/Include -I../Drivers/CMSIS/Include -O0 -ffunction-sections -fdata-sections -Wall -fstack-usage -fcyclomatic-complexity -MMD -MP -MF"Core/Src/main.d" -MT"Core/Src/main.o" --specs=nano.specs -mfpu=fpv4-sp-d16 -mfloat-abi=hard -mthumb -o "Core/Src/main.o"
arm-none-eabi-gcc -o "study_stm_2.elf" @"objects.list"   -mcpu=cortex-m4 -T"C:\Program Files\STM32CubeIDE\workspace_1.18.0\study_stm\study_stm_2\STM32F303RETX_FLASH.ld" --specs=nosys.specs -Wl,-Map="study_stm_2.map" -Wl,--gc-sections -static --specs=nano.specs -mfpu=fpv4-sp-d16 -mfloat-abi=hard -mthumb -Wl,--start-group -lc -lm -Wl,--end-group
Finished building target: study_stm_2.elf
 
arm-none-eabi-size  study_stm_2.elf 
arm-none-eabi-objdump -h -S study_stm_2.elf  > "study_stm_2.list"
   text	   data	    bss	    dec	    hex	filename
  20868	     16	   3840	  24724	   6094	study_stm_2.elf
Finished building: default.size.stdout
 
Finished building: study_stm_2.list
 
22:29:41 **** Incremental Build of configuration Debug for project study_stm_2 ****
make -j2 all 
arm-none-eabi-gcc "../Core/Src/main.c" -mcpu=cortex-m4 -std=gnu11 -g3 -DDEBUG -DUSE_HAL_DRIVER -DSTM32F303xE -c -I../Core/Inc -I../Drivers/STM32F3xx_HAL_Driver/Inc/Legacy -I../Drivers/STM32F3xx_HAL_Driver/Inc -I../Drivers/CMSIS/Device/ST/STM32F3xx/Include -I../Drivers/CMSIS/Include -O0 -ffunction-sections -fdata-sections -Wall -fstack-usage -fcyclomatic-complexity -MMD -MP -MF"Core/Src/main.d" -MT"Core/Src/main.o" --specs=nano.specs -mfpu=fpv4-sp-d16 -mfloat-abi=hard -mthumb -o "Core/Src/main.o"
arm-none-eabi-gcc -o "study_stm_2.elf" @"objects.list"   -mcpu=cortex-m4 -T"C:\Program Files\STM32CubeIDE\workspace_1.18.0\study_stm\study_stm_2\STM32F303RETX_FLASH.ld" --specs=nosys.specs -Wl,-Map="study_stm_2.map" -Wl,--gc-sections -static --specs=nano.specs -mfpu=fpv4-sp-d16 -mfloat-abi=hard -mthumb -Wl,--start-group -lc -lm -Wl,--end-group
Finished building target: study_stm_2.elf
 
arm-none-eabi-size  study_stm_2.elf 
arm-none-eabi-objdump -h -S study_stm_2.elf  > "study_stm_2.list"
   text	   data	    bss	    dec	    hex	filename
  20220	     16	   3840	  24076	   5e0c	study_stm_2.elf
Finished building: default.size.stdout
 
Finished building: study_stm_2.list
 
22:30:51 **** Incremental Build of configuration Debug for project study_stm_2 ****
make -j2 all 
arm-none-eabi-gcc "../Core/Src/main.c" -mcpu=cortex-m4 -std=gnu11 -g3 -DDEBUG -DUSE_HAL_DRIVER -DSTM32F303xE -c -I../Core/Inc -I../Drivers/STM32F3xx_HAL_Driver/Inc/Legacy -I../Drivers/STM32F3xx_HAL_Driver/Inc -I../Drivers/CMSIS/Device/ST/STM32F3xx/Include -I../Drivers/CMSIS/Include -O0 -ffunction-sections -fdata-sections -Wall -fstack-usage -fcyclomatic-complexity -MMD -MP -MF"Core/Src/main.d" -MT"Core/Src/main.o" --specs=nano.specs -mfpu=fpv4-sp-d16 -mfloat-abi=hard -mthumb -o "Core/Src/main.o"
arm-none-eabi-gcc -o "study_stm_2.elf" @"objects.list"   -mcpu=cortex-m4 -T"C:\Program Files\STM32CubeIDE\workspace_1.18.0\study_stm\study_stm_2\STM32F303RETX_FLASH.ld" --specs=nosys.specs -Wl,-Map="study_stm_2.map" -Wl,--gc-sections -static --specs=nano.specs -mfpu=fpv4-sp-d16 -mfloat-abi=hard -mthumb -Wl,--start-group -lc -lm -Wl,--end-group
Finished building target: study_stm_2.elf
 
arm-none-eabi-size  study_stm_2.elf 
arm-none-eabi-objdump -h -S study_stm_2.elf  > "study_stm_2.list"
   text	   data	    bss	    dec	    hex	filename
  20208	     16	   3840	  24064	   5e00	study_stm_2.elf
Finished building: default.size.stdout
 
Finished building: study_stm_2.list
 
22:31:59 **** Incremental Build of configuration Debug for project study_stm_2 ****
make -j2 all 
arm-none-eabi-gcc "../Core/Src/main.c" -mcpu=cortex-m4 -std=gnu11 -g3 -DDEBUG -DUSE_HAL_DRIVER -DSTM32F303xE -c -I../Core/Inc -I../Drivers/STM32F3xx_HAL_Driver/Inc/Legacy -I../Drivers/STM32F3xx_HAL_Driver/Inc -I../Drivers/CMSIS/Device/ST/STM32F3xx/Include -I../Drivers/CMSIS/Include -O0 -ffunction-sections -fdata-sections -Wall -fstack-usage -fcyclomatic-complexity -MMD -MP -MF"Core/Src/main.d" -MT"Core/Src/main.o" --specs=nano.specs -mfpu=fpv4-sp-d16 -mfloat-abi=hard -mthumb -o "Core/Src/main.o"
arm-none-eabi-gcc -o "study_stm_2.elf" @"objects.list"   -mcpu=cortex-m4 -T"C:\Program Files\STM32CubeIDE\workspace_1.18.0\study_stm\study_stm_2\STM32F303RETX_FLASH.ld" --specs=nosys.specs -Wl,-Map="study_stm_2.map" -Wl,--gc-sections -static --specs=nano.specs -mfpu=fpv4-sp-d16 -mfloat-abi=hard -mthumb -Wl,--start-group -lc -lm -Wl,--end-group
Finished building target: study_stm_2.elf
 
arm-none-eabi-size  study_stm_2.elf 
arm-none-eabi-objdump -h -S study_stm_2.elf  > "study_stm_2.list"
   text	   data	    bss	    dec	    hex	filename
  20200	     16	   3840	  24056	   5df8	study_stm_2.elf
Finished building: default.size.stdout
 
Finished building: study_stm_2.list
 
22:33:40 **** Incremental Build of configuration Debug for project study_stm_2 ****
make -j2 all 
arm-none-eabi-gcc "../Core/Src/main.c" -mcpu=cortex-m4 -std=gnu11 -g3 -DDEBUG -DUSE_HAL_DRIVER -DSTM32F303xE -c -I../Core/Inc -I../Drivers/STM32F3xx_HAL_Driver/Inc/Legacy -I../Drivers/STM32F3xx_HAL_Driver/Inc -I../Drivers/CMSIS/Device/ST/STM32F3xx/Include -I../Drivers/CMSIS/Include -O0 -ffunction-sections -fdata-sections -Wall -fstack-usage -fcyclomatic-complexity -MMD -MP -MF"Core/Src/main.d" -MT"Core/Src/main.o" --specs=nano.specs -mfpu=fpv4-sp-d16 -mfloat-abi=hard -mthumb -o "Core/Src/main.o"
arm-none-eabi-gcc -o "study_stm_2.elf" @"objects.list"   -mcpu=cortex-m4 -T"C:\Program Files\STM32CubeIDE\workspace_1.18.0\study_stm\study_stm_2\STM32F303RETX_FLASH.ld" --specs=nosys.specs -Wl,-Map="study_stm_2.map" -Wl,--gc-sections -static --specs=nano.specs -mfpu=fpv4-sp-d16 -mfloat-abi=hard -mthumb -Wl,--start-group -lc -lm -Wl,--end-group
Finished building target: study_stm_2.elf
 
arm-none-eabi-size  study_stm_2.elf 
arm-none-eabi-objdump -h -S study_stm_2.elf  > "study_stm_2.list"
   text	   data	    bss	    dec	    hex	filename
  20268	     16	   3840	  24124	   5e3c	study_stm_2.elf
Finished building: default.size.stdout
 
Finished building: study_stm_2.list
 
22:34:21 **** Incremental Build of configuration Debug for project study_stm_2 ****
make -j2 all 
arm-none-eabi-size  study_stm_2.elf 
   text	   data	    bss	    dec	    hex	filename
  20268	     16	   3840	  24124	   5e3c	study_stm_2.elf
Finished building: default.size.stdout
 
22:38:54 **** Incremental Build of configuration Debug for project study_stm_2 ****
make -j2 all 
arm-none-eabi-gcc "../Core/Src/main.c" -mcpu=cortex-m4 -std=gnu11 -g3 -DDEBUG -DUSE_HAL_DRIVER -DSTM32F303xE -c -I../Core/Inc -I../Drivers/STM32F3xx_HAL_Driver/Inc/Legacy -I../Drivers/STM32F3xx_HAL_Driver/Inc -I../Drivers/CMSIS/Device/ST/STM32F3xx/Include -I../Drivers/CMSIS/Include -O0 -ffunction-sections -fdata-sections -Wall -fstack-usage -fcyclomatic-complexity -MMD -MP -MF"Core/Src/main.d" -MT"Core/Src/main.o" --specs=nano.specs -mfpu=fpv4-sp-d16 -mfloat-abi=hard -mthumb -o "Core/Src/main.o"
arm-none-eabi-gcc -o "study_stm_2.elf" @"objects.list"   -mcpu=cortex-m4 -T"C:\Program Files\STM32CubeIDE\workspace_1.18.0\study_stm\study_stm_2\STM32F303RETX_FLASH.ld" --specs=nosys.specs -Wl,-Map="study_stm_2.map" -Wl,--gc-sections -static --specs=nano.specs -mfpu=fpv4-sp-d16 -mfloat-abi=hard -mthumb -Wl,--start-group -lc -lm -Wl,--end-group
Finished building target: study_stm_2.elf
 
arm-none-eabi-size  study_stm_2.elf 
arm-none-eabi-objdump -h -S study_stm_2.elf  > "study_stm_2.list"
   text	   data	    bss	    dec	    hex	filename
  20268	     16	   3840	  24124	   5e3c	study_stm_2.elf
Finished building: default.size.stdout
 
Finished building: study_stm_2.list
 
22:46:39 **** Incremental Build of configuration Debug for project study_stm_2 ****
make -j2 all 
arm-none-eabi-gcc "../Core/Src/main.c" -mcpu=cortex-m4 -std=gnu11 -g3 -DDEBUG -DUSE_HAL_DRIVER -DSTM32F303xE -c -I../Core/Inc -I../Drivers/STM32F3xx_HAL_Driver/Inc/Legacy -I../Drivers/STM32F3xx_HAL_Driver/Inc -I../Drivers/CMSIS/Device/ST/STM32F3xx/Include -I../Drivers/CMSIS/Include -O0 -ffunction-sections -fdata-sections -Wall -fstack-usage -fcyclomatic-complexity -MMD -MP -MF"Core/Src/main.d" -MT"Core/Src/main.o" --specs=nano.specs -mfpu=fpv4-sp-d16 -mfloat-abi=hard -mthumb -o "Core/Src/main.o"
arm-none-eabi-gcc -o "study_stm_2.elf" @"objects.list"   -mcpu=cortex-m4 -T"C:\Program Files\STM32CubeIDE\workspace_1.18.0\study_stm\study_stm_2\STM32F303RETX_FLASH.ld" --specs=nosys.specs -Wl,-Map="study_stm_2.map" -Wl,--gc-sections -static --specs=nano.specs -mfpu=fpv4-sp-d16 -mfloat-abi=hard -mthumb -Wl,--start-group -lc -lm -Wl,--end-group
Finished building target: study_stm_2.elf
 
arm-none-eabi-size  study_stm_2.elf 
arm-none-eabi-objdump -h -S study_stm_2.elf  > "study_stm_2.list"
   text	   data	    bss	    dec	    hex	filename
  20272	     16	   3840	  24128	   5e40	study_stm_2.elf
Finished building: default.size.stdout
 
Finished building: study_stm_2.list
 
22:54:26 **** Incremental Build of configuration Debug for project study_stm_2 ****
make -j2 all 
arm-none-eabi-gcc "../Core/Src/main.c" -mcpu=cortex-m4 -std=gnu11 -g3 -DDEBUG -DUSE_HAL_DRIVER -DSTM32F303xE -c -I../Core/Inc -I../Drivers/STM32F3xx_HAL_Driver/Inc/Legacy -I../Drivers/STM32F3xx_HAL_Driver/Inc -I../Drivers/CMSIS/Device/ST/STM32F3xx/Include -I../Drivers/CMSIS/Include -O0 -ffunction-sections -fdata-sections -Wall -fstack-usage -fcyclomatic-complexity -MMD -MP -MF"Core/Src/main.d" -MT"Core/Src/main.o" --specs=nano.specs -mfpu=fpv4-sp-d16 -mfloat-abi=hard -mthumb -o "Core/Src/main.o"
arm-none-eabi-gcc -o "study_stm_2.elf" @"objects.list"   -mcpu=cortex-m4 -T"C:\Program Files\STM32CubeIDE\workspace_1.18.0\study_stm\study_stm_2\STM32F303RETX_FLASH.ld" --specs=nosys.specs -Wl,-Map="study_stm_2.map" -Wl,--gc-sections -static --specs=nano.specs -mfpu=fpv4-sp-d16 -mfloat-abi=hard -mthumb -Wl,--start-group -lc -lm -Wl,--end-group
Finished building target: study_stm_2.elf
 
arm-none-eabi-size  study_stm_2.elf 
arm-none-eabi-objdump -h -S study_stm_2.elf  > "study_stm_2.list"
   text	   data	    bss	    dec	    hex	filename
  20308	     16	   3840	  24164	   5e64	study_stm_2.elf
Finished building: default.size.stdout
 
Finished building: study_stm_2.list
 
23:00:19 **** Incremental Build of configuration Debug for project study_stm_2 ****
make -j2 all 
arm-none-eabi-gcc "../Core/Src/main.c" -mcpu=cortex-m4 -std=gnu11 -g3 -DDEBUG -DUSE_HAL_DRIVER -DSTM32F303xE -c -I../Core/Inc -I../Drivers/STM32F3xx_HAL_Driver/Inc/Legacy -I../Drivers/STM32F3xx_HAL_Driver/Inc -I../Drivers/CMSIS/Device/ST/STM32F3xx/Include -I../Drivers/CMSIS/Include -O0 -ffunction-sections -fdata-sections -Wall -fstack-usage -fcyclomatic-complexity -MMD -MP -MF"Core/Src/main.d" -MT"Core/Src/main.o" --specs=nano.specs -mfpu=fpv4-sp-d16 -mfloat-abi=hard -mthumb -o "Core/Src/main.o"
arm-none-eabi-gcc -o "study_stm_2.elf" @"objects.list"   -mcpu=cortex-m4 -T"C:\Program Files\STM32CubeIDE\workspace_1.18.0\study_stm\study_stm_2\STM32F303RETX_FLASH.ld" --specs=nosys.specs -Wl,-Map="study_stm_2.map" -Wl,--gc-sections -static --specs=nano.specs -mfpu=fpv4-sp-d16 -mfloat-abi=hard -mthumb -Wl,--start-group -lc -lm -Wl,--end-group
Finished building target: study_stm_2.elf
 
arm-none-eabi-size  study_stm_2.elf 
arm-none-eabi-objdump -h -S study_stm_2.elf  > "study_stm_2.list"
   text	   data	    bss	    dec	    hex	filename
  20332	     16	   3840	  24188	   5e7c	study_stm_2.elf
Finished building: default.size.stdout
 
Finished building: study_stm_2.list
 
23:06:03 **** Incremental Build of configuration Debug for project study_stm_2 ****
make -j2 all 
arm-none-eabi-gcc "../Core/Src/main.c" -mcpu=cortex-m4 -std=gnu11 -g3 -DDEBUG -DUSE_HAL_DRIVER -DSTM32F303xE -c -I../Core/Inc -I../Drivers/STM32F3xx_HAL_Driver/Inc/Legacy -I../Drivers/STM32F3xx_HAL_Driver/Inc -I../Drivers/CMSIS/Device/ST/STM32F3xx/Include -I../Drivers/CMSIS/Include -O0 -ffunction-sections -fdata-sections -Wall -fstack-usage -fcyclomatic-complexity -MMD -MP -MF"Core/Src/main.d" -MT"Core/Src/main.o" --specs=nano.specs -mfpu=fpv4-sp-d16 -mfloat-abi=hard -mthumb -o "Core/Src/main.o"
arm-none-eabi-gcc -o "study_stm_2.elf" @"objects.list"   -mcpu=cortex-m4 -T"C:\Program Files\STM32CubeIDE\workspace_1.18.0\study_stm\study_stm_2\STM32F303RETX_FLASH.ld" --specs=nosys.specs -Wl,-Map="study_stm_2.map" -Wl,--gc-sections -static --specs=nano.specs -mfpu=fpv4-sp-d16 -mfloat-abi=hard -mthumb -Wl,--start-group -lc -lm -Wl,--end-group
Finished building target: study_stm_2.elf
 
arm-none-eabi-size  study_stm_2.elf 
arm-none-eabi-objdump -h -S study_stm_2.elf  > "study_stm_2.list"
   text	   data	    bss	    dec	    hex	filename
  20360	     16	   3856	  24232	   5ea8	study_stm_2.elf
Finished building: default.size.stdout
 
Finished building: study_stm_2.list
 
23:09:21 **** Incremental Build of configuration Debug for project study_stm_2 ****
make -j2 all 
arm-none-eabi-gcc "../Core/Src/main.c" -mcpu=cortex-m4 -std=gnu11 -g3 -DDEBUG -DUSE_HAL_DRIVER -DSTM32F303xE -c -I../Core/Inc -I../Drivers/STM32F3xx_HAL_Driver/Inc/Legacy -I../Drivers/STM32F3xx_HAL_Driver/Inc -I../Drivers/CMSIS/Device/ST/STM32F3xx/Include -I../Drivers/CMSIS/Include -O0 -ffunction-sections -fdata-sections -Wall -fstack-usage -fcyclomatic-complexity -MMD -MP -MF"Core/Src/main.d" -MT"Core/Src/main.o" --specs=nano.specs -mfpu=fpv4-sp-d16 -mfloat-abi=hard -mthumb -o "Core/Src/main.o"
arm-none-eabi-gcc -o "study_stm_2.elf" @"objects.list"   -mcpu=cortex-m4 -T"C:\Program Files\STM32CubeIDE\workspace_1.18.0\study_stm\study_stm_2\STM32F303RETX_FLASH.ld" --specs=nosys.specs -Wl,-Map="study_stm_2.map" -Wl,--gc-sections -static --specs=nano.specs -mfpu=fpv4-sp-d16 -mfloat-abi=hard -mthumb -Wl,--start-group -lc -lm -Wl,--end-group
Finished building target: study_stm_2.elf
 
arm-none-eabi-size  study_stm_2.elf 
arm-none-eabi-objdump -h -S study_stm_2.elf  > "study_stm_2.list"
   text	   data	    bss	    dec	    hex	filename
  20360	     16	   3856	  24232	   5ea8	study_stm_2.elf
Finished building: default.size.stdout
 
Finished building: study_stm_2.list
 
23:10:23 **** Incremental Build of configuration Debug for project study_stm_2 ****
make -j2 all 
arm-none-eabi-gcc "../Core/Src/main.c" -mcpu=cortex-m4 -std=gnu11 -g3 -DDEBUG -DUSE_HAL_DRIVER -DSTM32F303xE -c -I../Core/Inc -I../Drivers/STM32F3xx_HAL_Driver/Inc/Legacy -I../Drivers/STM32F3xx_HAL_Driver/Inc -I../Drivers/CMSIS/Device/ST/STM32F3xx/Include -I../Drivers/CMSIS/Include -O0 -ffunction-sections -fdata-sections -Wall -fstack-usage -fcyclomatic-complexity -MMD -MP -MF"Core/Src/main.d" -MT"Core/Src/main.o" --specs=nano.specs -mfpu=fpv4-sp-d16 -mfloat-abi=hard -mthumb -o "Core/Src/main.o"
arm-none-eabi-gcc -o "study_stm_2.elf" @"objects.list"   -mcpu=cortex-m4 -T"C:\Program Files\STM32CubeIDE\workspace_1.18.0\study_stm\study_stm_2\STM32F303RETX_FLASH.ld" --specs=nosys.specs -Wl,-Map="study_stm_2.map" -Wl,--gc-sections -static --specs=nano.specs -mfpu=fpv4-sp-d16 -mfloat-abi=hard -mthumb -Wl,--start-group -lc -lm -Wl,--end-group
Finished building target: study_stm_2.elf
 
arm-none-eabi-size  study_stm_2.elf 
arm-none-eabi-objdump -h -S study_stm_2.elf  > "study_stm_2.list"
   text	   data	    bss	    dec	    hex	filename
  20352	     16	   3856	  24224	   5ea0	study_stm_2.elf
Finished building: default.size.stdout
 
Finished building: study_stm_2.list
 
23:14:03 **** Incremental Build of configuration Debug for project study_stm_2 ****
make -j2 all 
arm-none-eabi-gcc "../Core/Src/main.c" -mcpu=cortex-m4 -std=gnu11 -g3 -DDEBUG -DUSE_HAL_DRIVER -DSTM32F303xE -c -I../Core/Inc -I../Drivers/STM32F3xx_HAL_Driver/Inc/Legacy -I../Drivers/STM32F3xx_HAL_Driver/Inc -I../Drivers/CMSIS/Device/ST/STM32F3xx/Include -I../Drivers/CMSIS/Include -O0 -ffunction-sections -fdata-sections -Wall -fstack-usage -fcyclomatic-complexity -MMD -MP -MF"Core/Src/main.d" -MT"Core/Src/main.o" --specs=nano.specs -mfpu=fpv4-sp-d16 -mfloat-abi=hard -mthumb -o "Core/Src/main.o"
arm-none-eabi-gcc -o "study_stm_2.elf" @"objects.list"   -mcpu=cortex-m4 -T"C:\Program Files\STM32CubeIDE\workspace_1.18.0\study_stm\study_stm_2\STM32F303RETX_FLASH.ld" --specs=nosys.specs -Wl,-Map="study_stm_2.map" -Wl,--gc-sections -static --specs=nano.specs -mfpu=fpv4-sp-d16 -mfloat-abi=hard -mthumb -Wl,--start-group -lc -lm -Wl,--end-group
Finished building target: study_stm_2.elf
 
arm-none-eabi-size  study_stm_2.elf 
arm-none-eabi-objdump -h -S study_stm_2.elf  > "study_stm_2.list"
   text	   data	    bss	    dec	    hex	filename
  20332	     16	   3840	  24188	   5e7c	study_stm_2.elf
Finished building: default.size.stdout
 
Finished building: study_stm_2.list
 
23:21:51 **** Incremental Build of configuration Debug for project study_stm_2 ****
make -j2 all 
arm-none-eabi-gcc "../Core/Src/main.c" -mcpu=cortex-m4 -std=gnu11 -g3 -DDEBUG -DUSE_HAL_DRIVER -DSTM32F303xE -c -I../Core/Inc -I../Drivers/STM32F3xx_HAL_Driver/Inc/Legacy -I../Drivers/STM32F3xx_HAL_Driver/Inc -I../Drivers/CMSIS/Device/ST/STM32F3xx/Include -I../Drivers/CMSIS/Include -O0 -ffunction-sections -fdata-sections -Wall -fstack-usage -fcyclomatic-complexity -MMD -MP -MF"Core/Src/main.d" -MT"Core/Src/main.o" --specs=nano.specs -mfpu=fpv4-sp-d16 -mfloat-abi=hard -mthumb -o "Core/Src/main.o"
arm-none-eabi-gcc -o "study_stm_2.elf" @"objects.list"   -mcpu=cortex-m4 -T"C:\Program Files\STM32CubeIDE\workspace_1.18.0\study_stm\study_stm_2\STM32F303RETX_FLASH.ld" --specs=nosys.specs -Wl,-Map="study_stm_2.map" -Wl,--gc-sections -static --specs=nano.specs -mfpu=fpv4-sp-d16 -mfloat-abi=hard -mthumb -Wl,--start-group -lc -lm -Wl,--end-group
Finished building target: study_stm_2.elf
 
arm-none-eabi-size  study_stm_2.elf 
arm-none-eabi-objdump -h -S study_stm_2.elf  > "study_stm_2.list"
   text	   data	    bss	    dec	    hex	filename
  20308	     16	   3848	  24172	   5e6c	study_stm_2.elf
Finished building: default.size.stdout
 
Finished building: study_stm_2.list
 
23:30:53 **** Incremental Build of configuration Debug for project study_stm_2 ****
make -j2 all 
arm-none-eabi-gcc "../Core/Src/main.c" -mcpu=cortex-m4 -std=gnu11 -g3 -DDEBUG -DUSE_HAL_DRIVER -DSTM32F303xE -c -I../Core/Inc -I../Drivers/STM32F3xx_HAL_Driver/Inc/Legacy -I../Drivers/STM32F3xx_HAL_Driver/Inc -I../Drivers/CMSIS/Device/ST/STM32F3xx/Include -I../Drivers/CMSIS/Include -O0 -ffunction-sections -fdata-sections -Wall -fstack-usage -fcyclomatic-complexity -MMD -MP -MF"Core/Src/main.d" -MT"Core/Src/main.o" --specs=nano.specs -mfpu=fpv4-sp-d16 -mfloat-abi=hard -mthumb -o "Core/Src/main.o"
arm-none-eabi-gcc -o "study_stm_2.elf" @"objects.list"   -mcpu=cortex-m4 -T"C:\Program Files\STM32CubeIDE\workspace_1.18.0\study_stm\study_stm_2\STM32F303RETX_FLASH.ld" --specs=nosys.specs -Wl,-Map="study_stm_2.map" -Wl,--gc-sections -static --specs=nano.specs -mfpu=fpv4-sp-d16 -mfloat-abi=hard -mthumb -Wl,--start-group -lc -lm -Wl,--end-group
Finished building target: study_stm_2.elf
 
arm-none-eabi-size  study_stm_2.elf 
arm-none-eabi-objdump -h -S study_stm_2.elf  > "study_stm_2.list"
   text	   data	    bss	    dec	    hex	filename
  20304	     16	   3848	  24168	   5e68	study_stm_2.elf
Finished building: default.size.stdout
 
Finished building: study_stm_2.list
 
23:32:12 **** Incremental Build of configuration Debug for project study_stm_2 ****
make -j2 all 
arm-none-eabi-size  study_stm_2.elf 
   text	   data	    bss	    dec	    hex	filename
  20304	     16	   3848	  24168	   5e68	study_stm_2.elf
Finished building: default.size.stdout
 
23:33:37 **** Incremental Build of configuration Debug for project study_stm_2 ****
make -j2 all 
arm-none-eabi-gcc "../Core/Src/main.c" -mcpu=cortex-m4 -std=gnu11 -g3 -DDEBUG -DUSE_HAL_DRIVER -DSTM32F303xE -c -I../Core/Inc -I../Drivers/STM32F3xx_HAL_Driver/Inc/Legacy -I../Drivers/STM32F3xx_HAL_Driver/Inc -I../Drivers/CMSIS/Device/ST/STM32F3xx/Include -I../Drivers/CMSIS/Include -O0 -ffunction-sections -fdata-sections -Wall -fstack-usage -fcyclomatic-complexity -MMD -MP -MF"Core/Src/main.d" -MT"Core/Src/main.o" --specs=nano.specs -mfpu=fpv4-sp-d16 -mfloat-abi=hard -mthumb -o "Core/Src/main.o"
arm-none-eabi-gcc -o "study_stm_2.elf" @"objects.list"   -mcpu=cortex-m4 -T"C:\Program Files\STM32CubeIDE\workspace_1.18.0\study_stm\study_stm_2\STM32F303RETX_FLASH.ld" --specs=nosys.specs -Wl,-Map="study_stm_2.map" -Wl,--gc-sections -static --specs=nano.specs -mfpu=fpv4-sp-d16 -mfloat-abi=hard -mthumb -Wl,--start-group -lc -lm -Wl,--end-group
Finished building target: study_stm_2.elf
 
arm-none-eabi-size  study_stm_2.elf 
arm-none-eabi-objdump -h -S study_stm_2.elf  > "study_stm_2.list"
   text	   data	    bss	    dec	    hex	filename
  20304	     16	   3848	  24168	   5e68	study_stm_2.elf
Finished building: default.size.stdout
 
Finished building: study_stm_2.list
 
23:42:18 **** Incremental Build of configuration Debug for project study_stm_2 ****
make -j2 all 
arm-none-eabi-gcc "../Core/Src/main.c" -mcpu=cortex-m4 -std=gnu11 -g3 -DDEBUG -DUSE_HAL_DRIVER -DSTM32F303xE -c -I../Core/Inc -I../Drivers/STM32F3xx_HAL_Driver/Inc/Legacy -I../Drivers/STM32F3xx_HAL_Driver/Inc -I../Drivers/CMSIS/Device/ST/STM32F3xx/Include -I../Drivers/CMSIS/Include -O0 -ffunction-sections -fdata-sections -Wall -fstack-usage -fcyclomatic-complexity -MMD -MP -MF"Core/Src/main.d" -MT"Core/Src/main.o" --specs=nano.specs -mfpu=fpv4-sp-d16 -mfloat-abi=hard -mthumb -o "Core/Src/main.o"
arm-none-eabi-gcc -o "study_stm_2.elf" @"objects.list"   -mcpu=cortex-m4 -T"C:\Program Files\STM32CubeIDE\workspace_1.18.0\study_stm\study_stm_2\STM32F303RETX_FLASH.ld" --specs=nosys.specs -Wl,-Map="study_stm_2.map" -Wl,--gc-sections -static --specs=nano.specs -mfpu=fpv4-sp-d16 -mfloat-abi=hard -mthumb -Wl,--start-group -lc -lm -Wl,--end-group
Finished building target: study_stm_2.elf
 
arm-none-eabi-size  study_stm_2.elf 
arm-none-eabi-objdump -h -S study_stm_2.elf  > "study_stm_2.list"
   text	   data	    bss	    dec	    hex	filename
  20292	     16	   3848	  24156	   5e5c	study_stm_2.elf
Finished building: default.size.stdout
 
Finished building: study_stm_2.list
 
16:31:19 **** Build of configuration Debug for project study_stm_2 ****
make -j2 all 
arm-none-eabi-gcc "../Core/Src/main.c" -mcpu=cortex-m4 -std=gnu11 -g3 -DDEBUG -DUSE_HAL_DRIVER -DSTM32F303xE -c -I../Core/Inc -I../Drivers/STM32F3xx_HAL_Driver/Inc/Legacy -I../Drivers/STM32F3xx_HAL_Driver/Inc -I../Drivers/CMSIS/Device/ST/STM32F3xx/Include -I../Drivers/CMSIS/Include -O0 -ffunction-sections -fdata-sections -Wall -fstack-usage -fcyclomatic-complexity -MMD -MP -MF"Core/Src/main.d" -MT"Core/Src/main.o" --specs=nano.specs -mfpu=fpv4-sp-d16 -mfloat-abi=hard -mthumb -o "Core/Src/main.o"
arm-none-eabi-gcc -o "study_stm_2.elf" @"objects.list"   -mcpu=cortex-m4 -T"C:\Program Files\STM32CubeIDE\workspace_1.18.0\study_stm\study_stm_2\STM32F303RETX_FLASH.ld" --specs=nosys.specs -Wl,-Map="study_stm_2.map" -Wl,--gc-sections -static --specs=nano.specs -mfpu=fpv4-sp-d16 -mfloat-abi=hard -mthumb -Wl,--start-group -lc -lm -Wl,--end-group
Finished building target: study_stm_2.elf
 
arm-none-eabi-size  study_stm_2.elf 
arm-none-eabi-objdump -h -S study_stm_2.elf  > "study_stm_2.list"
   text	   data	    bss	    dec	    hex	filename
  20332	     16	   3848	  24196	   5e84	study_stm_2.elf
Finished building: default.size.stdout
 
Finished building: study_stm_2.list
 
16:50:54 **** Incremental Build of configuration Debug for project study_stm_2 ****
make -j2 all 
arm-none-eabi-gcc "../Core/Src/main.c" -mcpu=cortex-m4 -std=gnu11 -g3 -DDEBUG -DUSE_HAL_DRIVER -DSTM32F303xE -c -I../Core/Inc -I../Drivers/STM32F3xx_HAL_Driver/Inc/Legacy -I../Drivers/STM32F3xx_HAL_Driver/Inc -I../Drivers/CMSIS/Device/ST/STM32F3xx/Include -I../Drivers/CMSIS/Include -O0 -ffunction-sections -fdata-sections -Wall -fstack-usage -fcyclomatic-complexity -MMD -MP -MF"Core/Src/main.d" -MT"Core/Src/main.o" --specs=nano.specs -mfpu=fpv4-sp-d16 -mfloat-abi=hard -mthumb -o "Core/Src/main.o"
arm-none-eabi-gcc -o "study_stm_2.elf" @"objects.list"   -mcpu=cortex-m4 -T"C:\Program Files\STM32CubeIDE\workspace_1.18.0\study_stm\study_stm_2\STM32F303RETX_FLASH.ld" --specs=nosys.specs -Wl,-Map="study_stm_2.map" -Wl,--gc-sections -static --specs=nano.specs -mfpu=fpv4-sp-d16 -mfloat-abi=hard -mthumb -Wl,--start-group -lc -lm -Wl,--end-group
Finished building target: study_stm_2.elf
 
arm-none-eabi-size  study_stm_2.elf 
arm-none-eabi-objdump -h -S study_stm_2.elf  > "study_stm_2.list"
   text	   data	    bss	    dec	    hex	filename
  20316	     16	   3848	  24180	   5e74	study_stm_2.elf
Finished building: default.size.stdout
 
Finished building: study_stm_2.list
 
12:20:44 **** Build of configuration Debug for project study_stm_1 ****
make -j2 all 
arm-none-eabi-size  study_stm_1.elf 
   text	   data	    bss	    dec	    hex	filename
  18744	     16	   2040	  20800	   5140	study_stm_1.elf
Finished building: default.size.stdout
 
12:20:52 **** Incremental Build of configuration Debug for project study_stm_2 ****
make -j2 all 
arm-none-eabi-gcc "../Core/Src/main.c" -mcpu=cortex-m4 -std=gnu11 -g3 -DDEBUG -DUSE_HAL_DRIVER -DSTM32F303xE -c -I../Core/Inc -I../Drivers/STM32F3xx_HAL_Driver/Inc/Legacy -I../Drivers/STM32F3xx_HAL_Driver/Inc -I../Drivers/CMSIS/Device/ST/STM32F3xx/Include -I../Drivers/CMSIS/Include -O0 -ffunction-sections -fdata-sections -Wall -fstack-usage -fcyclomatic-complexity -MMD -MP -MF"Core/Src/main.d" -MT"Core/Src/main.o" --specs=nano.specs -mfpu=fpv4-sp-d16 -mfloat-abi=hard -mthumb -o "Core/Src/main.o"
arm-none-eabi-gcc -o "study_stm_2.elf" @"objects.list"   -mcpu=cortex-m4 -T"C:\Program Files\STM32CubeIDE\workspace_1.18.0\study_stm\study_stm_2\STM32F303RETX_FLASH.ld" --specs=nosys.specs -Wl,-Map="study_stm_2.map" -Wl,--gc-sections -static --specs=nano.specs -mfpu=fpv4-sp-d16 -mfloat-abi=hard -mthumb -Wl,--start-group -lc -lm -Wl,--end-group
Finished building target: study_stm_2.elf
 
arm-none-eabi-size  study_stm_2.elf 
arm-none-eabi-objdump -h -S study_stm_2.elf  > "study_stm_2.list"
   text	   data	    bss	    dec	    hex	filename
  20292	     16	   3848	  24156	   5e5c	study_stm_2.elf
Finished building: default.size.stdout
 
Finished building: study_stm_2.list
 
12:26:46 **** Incremental Build of configuration Debug for project study_stm_1 ****
make -j2 all 
arm-none-eabi-gcc "../Core/Src/main.c" -mcpu=cortex-m4 -std=gnu11 -g3 -DDEBUG -DUSE_HAL_DRIVER -DSTM32F303xE -c -I../Core/Inc -I../Drivers/STM32F3xx_HAL_Driver/Inc/Legacy -I../Drivers/STM32F3xx_HAL_Driver/Inc -I../Drivers/CMSIS/Device/ST/STM32F3xx/Include -I../Drivers/CMSIS/Include -O0 -ffunction-sections -fdata-sections -Wall -fstack-usage -fcyclomatic-complexity -MMD -MP -MF"Core/Src/main.d" -MT"Core/Src/main.o" --specs=nano.specs -mfpu=fpv4-sp-d16 -mfloat-abi=hard -mthumb -o "Core/Src/main.o"
arm-none-eabi-gcc -o "study_stm_1.elf" @"objects.list"   -mcpu=cortex-m4 -T"C:\Program Files\STM32CubeIDE\workspace_1.18.0\study_stm\study_stm_1\STM32F303RETX_FLASH.ld" --specs=nosys.specs -Wl,-Map="study_stm_1.map" -Wl,--gc-sections -static --specs=nano.specs -mfpu=fpv4-sp-d16 -mfloat-abi=hard -mthumb -Wl,--start-group -lc -lm -Wl,--end-group
Finished building target: study_stm_1.elf
 
arm-none-eabi-size  study_stm_1.elf 
arm-none-eabi-objdump -h -S study_stm_1.elf  > "study_stm_1.list"
   text	   data	    bss	    dec	    hex	filename
  18744	     16	   2040	  20800	   5140	study_stm_1.elf
Finished building: default.size.stdout
 
arm-none-eabi-objcopy  -O ihex study_stm_1.elf  "study_stm_1.hex"
Finished building: study_stm_1.list
 
arm-none-eabi-objcopy  -O binary study_stm_1.elf  "study_stm_1.bin"
Finished building: study_stm_1.bin
Finished building: study_stm_1.hex
 
 
12:26:56 **** Incremental Build of configuration Debug for project study_stm_2 ****
make -j2 all 
arm-none-eabi-size  study_stm_2.elf 
   text	   data	    bss	    dec	    hex	filename
  20292	     16	   3848	  24156	   5e5c	study_stm_2.elf
Finished building: default.size.stdout
 
12:31:57 **** Incremental Build of configuration Debug for project study_stm_1 ****
make -j2 all 
arm-none-eabi-gcc "../Core/Src/main.c" -mcpu=cortex-m4 -std=gnu11 -g3 -DDEBUG -DUSE_HAL_DRIVER -DSTM32F303xE -c -I../Core/Inc -I../Drivers/STM32F3xx_HAL_Driver/Inc/Legacy -I../Drivers/STM32F3xx_HAL_Driver/Inc -I../Drivers/CMSIS/Device/ST/STM32F3xx/Include -I../Drivers/CMSIS/Include -O0 -ffunction-sections -fdata-sections -Wall -fstack-usage -fcyclomatic-complexity -MMD -MP -MF"Core/Src/main.d" -MT"Core/Src/main.o" --specs=nano.specs -mfpu=fpv4-sp-d16 -mfloat-abi=hard -mthumb -o "Core/Src/main.o"
../Core/Src/main.c: In function 'HAL_TIM_PeriodElapsedCallback':
../Core/Src/main.c:178:25: error: unknown type name 'dfs'
  178 |                         dfs
      |                         ^~~
../Core/Src/main.c:179:39: error: expected declaration specifiers or '...' before '&' token
  179 |                         HAL_DAC_Start(&hdac1, DAC_CHANNEL_1);
      |                                       ^
In file included from ../Drivers/STM32F3xx_HAL_Driver/Inc/stm32f3xx_hal_dac.h:407,
                 from ../Core/Inc/stm32f3xx_hal_conf.h:244,
                 from ../Drivers/STM32F3xx_HAL_Driver/Inc/stm32f3xx_hal.h:29,
                 from ../Core/Inc/main.h:30,
                 from ../Core/Src/main.c:20:
../Drivers/STM32F3xx_HAL_Driver/Inc/stm32f3xx_hal_dac_ex.h:230:43: error: expected declaration specifiers or '...' before '(' token
  230 | #define DAC_CHANNEL_1                     (0x00000000U)       /*!< DAC Channel 1U */
      |                                           ^
../Core/Src/main.c:179:47: note: in expansion of macro 'DAC_CHANNEL_1'
  179 |                         HAL_DAC_Start(&hdac1, DAC_CHANNEL_1);
      |                                               ^~~~~~~~~~~~~
make: *** [Core/Src/subdir.mk:34: Core/Src/main.o] Error 1
"make -j2 all" terminated with exit code 2. Build might be incomplete.
12:32:01 **** Incremental Build of configuration Debug for project study_stm_2 ****
make -j2 all 
arm-none-eabi-size  study_stm_2.elf 
   text	   data	    bss	    dec	    hex	filename
  20292	     16	   3848	  24156	   5e5c	study_stm_2.elf
Finished building: default.size.stdout
 
12:32:21 **** Incremental Build of configuration Debug for project study_stm_1 ****
make -j2 all 
arm-none-eabi-gcc "../Core/Src/main.c" -mcpu=cortex-m4 -std=gnu11 -g3 -DDEBUG -DUSE_HAL_DRIVER -DSTM32F303xE -c -I../Core/Inc -I../Drivers/STM32F3xx_HAL_Driver/Inc/Legacy -I../Drivers/STM32F3xx_HAL_Driver/Inc -I../Drivers/CMSIS/Device/ST/STM32F3xx/Include -I../Drivers/CMSIS/Include -O0 -ffunction-sections -fdata-sections -Wall -fstack-usage -fcyclomatic-complexity -MMD -MP -MF"Core/Src/main.d" -MT"Core/Src/main.o" --specs=nano.specs -mfpu=fpv4-sp-d16 -mfloat-abi=hard -mthumb -o "Core/Src/main.o"
arm-none-eabi-gcc -o "study_stm_1.elf" @"objects.list"   -mcpu=cortex-m4 -T"C:\Program Files\STM32CubeIDE\workspace_1.18.0\study_stm\study_stm_1\STM32F303RETX_FLASH.ld" --specs=nosys.specs -Wl,-Map="study_stm_1.map" -Wl,--gc-sections -static --specs=nano.specs -mfpu=fpv4-sp-d16 -mfloat-abi=hard -mthumb -Wl,--start-group -lc -lm -Wl,--end-group
Finished building target: study_stm_1.elf
 
arm-none-eabi-size  study_stm_1.elf 
arm-none-eabi-objdump -h -S study_stm_1.elf  > "study_stm_1.list"
   text	   data	    bss	    dec	    hex	filename
  18784	     16	   2048	  20848	   5170	study_stm_1.elf
Finished building: default.size.stdout
 
arm-none-eabi-objcopy  -O ihex study_stm_1.elf  "study_stm_1.hex"
Finished building: study_stm_1.list
 
Finished building: study_stm_1.hex
arm-none-eabi-objcopy  -O binary study_stm_1.elf  "study_stm_1.bin"
 
Finished building: study_stm_1.bin
 
12:32:26 **** Incremental Build of configuration Debug for project study_stm_2 ****
make -j2 all 
arm-none-eabi-size  study_stm_2.elf 
   text	   data	    bss	    dec	    hex	filename
  20292	     16	   3848	  24156	   5e5c	study_stm_2.elf
Finished building: default.size.stdout
 
12:36:03 **** Incremental Build of configuration Debug for project study_stm_1 ****
make -j2 all 
arm-none-eabi-gcc "../Core/Src/main.c" -mcpu=cortex-m4 -std=gnu11 -g3 -DDEBUG -DUSE_HAL_DRIVER -DSTM32F303xE -c -I../Core/Inc -I../Drivers/STM32F3xx_HAL_Driver/Inc/Legacy -I../Drivers/STM32F3xx_HAL_Driver/Inc -I../Drivers/CMSIS/Device/ST/STM32F3xx/Include -I../Drivers/CMSIS/Include -O0 -ffunction-sections -fdata-sections -Wall -fstack-usage -fcyclomatic-complexity -MMD -MP -MF"Core/Src/main.d" -MT"Core/Src/main.o" --specs=nano.specs -mfpu=fpv4-sp-d16 -mfloat-abi=hard -mthumb -o "Core/Src/main.o"
arm-none-eabi-gcc -o "study_stm_1.elf" @"objects.list"   -mcpu=cortex-m4 -T"C:\Program Files\STM32CubeIDE\workspace_1.18.0\study_stm\study_stm_1\STM32F303RETX_FLASH.ld" --specs=nosys.specs -Wl,-Map="study_stm_1.map" -Wl,--gc-sections -static --specs=nano.specs -mfpu=fpv4-sp-d16 -mfloat-abi=hard -mthumb -Wl,--start-group -lc -lm -Wl,--end-group
Finished building target: study_stm_1.elf
 
arm-none-eabi-size  study_stm_1.elf 
arm-none-eabi-objdump -h -S study_stm_1.elf  > "study_stm_1.list"
   text	   data	    bss	    dec	    hex	filename
  18784	     16	   2048	  20848	   5170	study_stm_1.elf
Finished building: default.size.stdout
 
arm-none-eabi-objcopy  -O ihex study_stm_1.elf  "study_stm_1.hex"
Finished building: study_stm_1.list
 
arm-none-eabi-objcopy  -O binary study_stm_1.elf  "study_stm_1.bin"
Finished building: study_stm_1.hex
 
Finished building: study_stm_1.bin
 
12:36:09 **** Incremental Build of configuration Debug for project study_stm_2 ****
make -j2 all 
arm-none-eabi-size  study_stm_2.elf 
   text	   data	    bss	    dec	    hex	filename
  20292	     16	   3848	  24156	   5e5c	study_stm_2.elf
Finished building: default.size.stdout
 
12:44:27 **** Incremental Build of configuration Debug for project study_stm_1 ****
make -j2 all 
arm-none-eabi-gcc "../Core/Src/main.c" -mcpu=cortex-m4 -std=gnu11 -g3 -DDEBUG -DUSE_HAL_DRIVER -DSTM32F303xE -c -I../Core/Inc -I../Drivers/STM32F3xx_HAL_Driver/Inc/Legacy -I../Drivers/STM32F3xx_HAL_Driver/Inc -I../Drivers/CMSIS/Device/ST/STM32F3xx/Include -I../Drivers/CMSIS/Include -O0 -ffunction-sections -fdata-sections -Wall -fstack-usage -fcyclomatic-complexity -MMD -MP -MF"Core/Src/main.d" -MT"Core/Src/main.o" --specs=nano.specs -mfpu=fpv4-sp-d16 -mfloat-abi=hard -mthumb -o "Core/Src/main.o"
arm-none-eabi-gcc -o "study_stm_1.elf" @"objects.list"   -mcpu=cortex-m4 -T"C:\Program Files\STM32CubeIDE\workspace_1.18.0\study_stm\study_stm_1\STM32F303RETX_FLASH.ld" --specs=nosys.specs -Wl,-Map="study_stm_1.map" -Wl,--gc-sections -static --specs=nano.specs -mfpu=fpv4-sp-d16 -mfloat-abi=hard -mthumb -Wl,--start-group -lc -lm -Wl,--end-group
Finished building target: study_stm_1.elf
 
arm-none-eabi-size  study_stm_1.elf 
arm-none-eabi-objdump -h -S study_stm_1.elf  > "study_stm_1.list"
   text	   data	    bss	    dec	    hex	filename
  18784	     16	   2048	  20848	   5170	study_stm_1.elf
Finished building: default.size.stdout
 
arm-none-eabi-objcopy  -O ihex study_stm_1.elf  "study_stm_1.hex"
Finished building: study_stm_1.list
 
arm-none-eabi-objcopy  -O binary study_stm_1.elf  "study_stm_1.bin"
Finished building: study_stm_1.hex
 
Finished building: study_stm_1.bin
 
12:44:33 **** Incremental Build of configuration Debug for project study_stm_2 ****
make -j2 all 
arm-none-eabi-size  study_stm_2.elf 
   text	   data	    bss	    dec	    hex	filename
  20292	     16	   3848	  24156	   5e5c	study_stm_2.elf
Finished building: default.size.stdout
 
12:50:40 **** Incremental Build of configuration Debug for project study_stm_1 ****
make -j2 all 
arm-none-eabi-size  study_stm_1.elf 
   text	   data	    bss	    dec	    hex	filename
  18784	     16	   2048	  20848	   5170	study_stm_1.elf
Finished building: default.size.stdout
 
12:50:43 **** Incremental Build of configuration Debug for project study_stm_2 ****
make -j2 all 
arm-none-eabi-size  study_stm_2.elf 
   text	   data	    bss	    dec	    hex	filename
  20292	     16	   3848	  24156	   5e5c	study_stm_2.elf
Finished building: default.size.stdout
 
12:52:50 **** Incremental Build of configuration Debug for project study_stm_1 ****
make -j2 all 
arm-none-eabi-size  study_stm_1.elf 
   text	   data	    bss	    dec	    hex	filename
  18784	     16	   2048	  20848	   5170	study_stm_1.elf
Finished building: default.size.stdout
 
12:52:53 **** Incremental Build of configuration Debug for project study_stm_2 ****
make -j2 all 
arm-none-eabi-size  study_stm_2.elf 
   text	   data	    bss	    dec	    hex	filename
  20292	     16	   3848	  24156	   5e5c	study_stm_2.elf
Finished building: default.size.stdout
 
12:25:01 **** Incremental Build of configuration Debug for project study_stm_1 ****
make -j2 all 
arm-none-eabi-gcc "../Core/Src/main.c" -mcpu=cortex-m4 -std=gnu11 -g3 -DDEBUG -DUSE_HAL_DRIVER -DSTM32F303xE -c -I../Core/Inc -I../Drivers/STM32F3xx_HAL_Driver/Inc/Legacy -I../Drivers/STM32F3xx_HAL_Driver/Inc -I../Drivers/CMSIS/Device/ST/STM32F3xx/Include -I../Drivers/CMSIS/Include -O0 -ffunction-sections -fdata-sections -Wall -fstack-usage -fcyclomatic-complexity -MMD -MP -MF"Core/Src/main.d" -MT"Core/Src/main.o" --specs=nano.specs -mfpu=fpv4-sp-d16 -mfloat-abi=hard -mthumb -o "Core/Src/main.o"
arm-none-eabi-gcc -o "study_stm_1.elf" @"objects.list"   -mcpu=cortex-m4 -T"C:\Program Files\STM32CubeIDE\workspace_1.18.0\study_stm\study_stm_1\STM32F303RETX_FLASH.ld" --specs=nosys.specs -Wl,-Map="study_stm_1.map" -Wl,--gc-sections -static --specs=nano.specs -mfpu=fpv4-sp-d16 -mfloat-abi=hard -mthumb -Wl,--start-group -lc -lm -Wl,--end-group
Finished building target: study_stm_1.elf
 
arm-none-eabi-size  study_stm_1.elf 
arm-none-eabi-objdump -h -S study_stm_1.elf  > "study_stm_1.list"
   text	   data	    bss	    dec	    hex	filename
  18808	     16	   2048	  20872	   5188	study_stm_1.elf
Finished building: default.size.stdout
 
arm-none-eabi-objcopy  -O ihex study_stm_1.elf  "study_stm_1.hex"
Finished building: study_stm_1.hex
 
arm-none-eabi-objcopy  -O binary study_stm_1.elf  "study_stm_1.bin"
Finished building: study_stm_1.list
Finished building: study_stm_1.bin
 
 
12:25:26 **** Incremental Build of configuration Debug for project study_stm_2 ****
make -j2 all 
arm-none-eabi-size  study_stm_2.elf 
   text	   data	    bss	    dec	    hex	filename
  20292	     16	   3848	  24156	   5e5c	study_stm_2.elf
Finished building: default.size.stdout
 
12:25:45 **** Incremental Build of configuration Debug for project study_stm_1 ****
make -j2 all 
arm-none-eabi-size  study_stm_1.elf 
   text	   data	    bss	    dec	    hex	filename
  18808	     16	   2048	  20872	   5188	study_stm_1.elf
Finished building: default.size.stdout
 
12:34:11 **** Incremental Build of configuration Debug for project study_stm_1 ****
make -j2 all 
arm-none-eabi-gcc "../Core/Src/main.c" -mcpu=cortex-m4 -std=gnu11 -g3 -DDEBUG -DUSE_HAL_DRIVER -DSTM32F303xE -c -I../Core/Inc -I../Drivers/STM32F3xx_HAL_Driver/Inc/Legacy -I../Drivers/STM32F3xx_HAL_Driver/Inc -I../Drivers/CMSIS/Device/ST/STM32F3xx/Include -I../Drivers/CMSIS/Include -O0 -ffunction-sections -fdata-sections -Wall -fstack-usage -fcyclomatic-complexity -MMD -MP -MF"Core/Src/main.d" -MT"Core/Src/main.o" --specs=nano.specs -mfpu=fpv4-sp-d16 -mfloat-abi=hard -mthumb -o "Core/Src/main.o"
arm-none-eabi-gcc -o "study_stm_1.elf" @"objects.list"   -mcpu=cortex-m4 -T"C:\Program Files\STM32CubeIDE\workspace_1.18.0\study_stm\study_stm_1\STM32F303RETX_FLASH.ld" --specs=nosys.specs -Wl,-Map="study_stm_1.map" -Wl,--gc-sections -static --specs=nano.specs -mfpu=fpv4-sp-d16 -mfloat-abi=hard -mthumb -Wl,--start-group -lc -lm -Wl,--end-group
Finished building target: study_stm_1.elf
 
arm-none-eabi-size  study_stm_1.elf 
arm-none-eabi-objdump -h -S study_stm_1.elf  > "study_stm_1.list"
   text	   data	    bss	    dec	    hex	filename
  18808	     16	   2048	  20872	   5188	study_stm_1.elf
Finished building: default.size.stdout
 
arm-none-eabi-objcopy  -O ihex study_stm_1.elf  "study_stm_1.hex"
Finished building: study_stm_1.hex
 
arm-none-eabi-objcopy  -O binary study_stm_1.elf  "study_stm_1.bin"
Finished building: study_stm_1.list
 
Finished building: study_stm_1.bin
 
12:34:27 **** Incremental Build of configuration Debug for project study_stm_2 ****
make -j2 all 
arm-none-eabi-size  study_stm_2.elf 
   text	   data	    bss	    dec	    hex	filename
  20292	     16	   3848	  24156	   5e5c	study_stm_2.elf
Finished building: default.size.stdout
 
12:36:39 **** Incremental Build of configuration Debug for project study_stm_1 ****
make -j2 all 
arm-none-eabi-gcc "../Core/Src/main.c" -mcpu=cortex-m4 -std=gnu11 -g3 -DDEBUG -DUSE_HAL_DRIVER -DSTM32F303xE -c -I../Core/Inc -I../Drivers/STM32F3xx_HAL_Driver/Inc/Legacy -I../Drivers/STM32F3xx_HAL_Driver/Inc -I../Drivers/CMSIS/Device/ST/STM32F3xx/Include -I../Drivers/CMSIS/Include -O0 -ffunction-sections -fdata-sections -Wall -fstack-usage -fcyclomatic-complexity -MMD -MP -MF"Core/Src/main.d" -MT"Core/Src/main.o" --specs=nano.specs -mfpu=fpv4-sp-d16 -mfloat-abi=hard -mthumb -o "Core/Src/main.o"
arm-none-eabi-gcc -o "study_stm_1.elf" @"objects.list"   -mcpu=cortex-m4 -T"C:\Program Files\STM32CubeIDE\workspace_1.18.0\study_stm\study_stm_1\STM32F303RETX_FLASH.ld" --specs=nosys.specs -Wl,-Map="study_stm_1.map" -Wl,--gc-sections -static --specs=nano.specs -mfpu=fpv4-sp-d16 -mfloat-abi=hard -mthumb -Wl,--start-group -lc -lm -Wl,--end-group
Finished building target: study_stm_1.elf
 
arm-none-eabi-size  study_stm_1.elf 
arm-none-eabi-objdump -h -S study_stm_1.elf  > "study_stm_1.list"
   text	   data	    bss	    dec	    hex	filename
  18812	     16	   2048	  20876	   518c	study_stm_1.elf
Finished building: default.size.stdout
 
Finished building: study_stm_1.list
arm-none-eabi-objcopy  -O ihex study_stm_1.elf  "study_stm_1.hex"
 
arm-none-eabi-objcopy  -O binary study_stm_1.elf  "study_stm_1.bin"
Finished building: study_stm_1.bin
Finished building: study_stm_1.hex
 
 
18:19:29 **** Incremental Build of configuration Debug for project study_stm_1 ****
make -j2 all 
arm-none-eabi-gcc "../Core/Src/main.c" -mcpu=cortex-m4 -std=gnu11 -g3 -DDEBUG -DUSE_HAL_DRIVER -DSTM32F303xE -c -I../Core/Inc -I../Drivers/STM32F3xx_HAL_Driver/Inc/Legacy -I../Drivers/STM32F3xx_HAL_Driver/Inc -I../Drivers/CMSIS/Device/ST/STM32F3xx/Include -I../Drivers/CMSIS/Include -O0 -ffunction-sections -fdata-sections -Wall -fstack-usage -fcyclomatic-complexity -MMD -MP -MF"Core/Src/main.d" -MT"Core/Src/main.o" --specs=nano.specs -mfpu=fpv4-sp-d16 -mfloat-abi=hard -mthumb -o "Core/Src/main.o"
../Core/Src/main.c: In function 'take_gpio':
../Core/Src/main.c:128:34: error: 'flag_const' undeclared (first use in this function)
  128 |         if (all % times == 0 && !flag_const){//     ,   ADC
      |                                  ^~~~~~~~~~
../Core/Src/main.c:128:34: note: each undeclared identifier is reported only once for each function it appears in
../Core/Src/main.c:133:24: error: 'end_transmit' undeclared (first use in this function)
  133 |                 switch(end_transmit){
      |                        ^~~~~~~~~~~~
../Core/Src/main.c:137:37: error: 'k' undeclared (first use in this function)
  137 |                                 if (k == 0){
      |                                     ^
../Core/Src/main.c: In function 'take_dac_1':
../Core/Src/main.c:220:13: error: 'all_setup' undeclared (first use in this function)
  220 |         if (all_setup % setup_period == 0){
      |             ^~~~~~~~~
../Core/Src/main.c:220:25: error: 'setup_period' undeclared (first use in this function)
  220 |         if (all_setup % setup_period == 0){
      |                         ^~~~~~~~~~~~
make: *** [Core/Src/subdir.mk:34: Core/Src/main.o] Error 1
"make -j2 all" terminated with exit code 2. Build might be incomplete.
18:20:38 **** Incremental Build of configuration Debug for project study_stm_1 ****
make -j2 all 
arm-none-eabi-gcc "../Core/Src/main.c" -mcpu=cortex-m4 -std=gnu11 -g3 -DDEBUG -DUSE_HAL_DRIVER -DSTM32F303xE -c -I../Core/Inc -I../Drivers/STM32F3xx_HAL_Driver/Inc/Legacy -I../Drivers/STM32F3xx_HAL_Driver/Inc -I../Drivers/CMSIS/Device/ST/STM32F3xx/Include -I../Drivers/CMSIS/Include -O0 -ffunction-sections -fdata-sections -Wall -fstack-usage -fcyclomatic-complexity -MMD -MP -MF"Core/Src/main.d" -MT"Core/Src/main.o" --specs=nano.specs -mfpu=fpv4-sp-d16 -mfloat-abi=hard -mthumb -o "Core/Src/main.o"
arm-none-eabi-gcc -o "study_stm_1.elf" @"objects.list"   -mcpu=cortex-m4 -T"C:\Program Files\STM32CubeIDE\workspace_1.18.0\study_stm\study_stm_1\STM32F303RETX_FLASH.ld" --specs=nosys.specs -Wl,-Map="study_stm_1.map" -Wl,--gc-sections -static --specs=nano.specs -mfpu=fpv4-sp-d16 -mfloat-abi=hard -mthumb -Wl,--start-group -lc -lm -Wl,--end-group
Finished building target: study_stm_1.elf
 
arm-none-eabi-size  study_stm_1.elf 
arm-none-eabi-objdump -h -S study_stm_1.elf  > "study_stm_1.list"
   text	   data	    bss	    dec	    hex	filename
  20504	     16	   3848	  24368	   5f30	study_stm_1.elf
Finished building: default.size.stdout
 
Finished building: study_stm_1.list
arm-none-eabi-objcopy  -O ihex study_stm_1.elf  "study_stm_1.hex"
 
arm-none-eabi-objcopy  -O binary study_stm_1.elf  "study_stm_1.bin"
Finished building: study_stm_1.hex
Finished building: study_stm_1.bin
 
 
18:23:15 **** Incremental Build of configuration Debug for project study_stm_1 ****
make -j2 all 
arm-none-eabi-gcc "../Core/Src/main.c" -mcpu=cortex-m4 -std=gnu11 -g3 -DDEBUG -DUSE_HAL_DRIVER -DSTM32F303xE -c -I../Core/Inc -I../Drivers/STM32F3xx_HAL_Driver/Inc/Legacy -I../Drivers/STM32F3xx_HAL_Driver/Inc -I../Drivers/CMSIS/Device/ST/STM32F3xx/Include -I../Drivers/CMSIS/Include -O0 -ffunction-sections -fdata-sections -Wall -fstack-usage -fcyclomatic-complexity -MMD -MP -MF"Core/Src/main.d" -MT"Core/Src/main.o" --specs=nano.specs -mfpu=fpv4-sp-d16 -mfloat-abi=hard -mthumb -o "Core/Src/main.o"
arm-none-eabi-gcc -o "study_stm_1.elf" @"objects.list"   -mcpu=cortex-m4 -T"C:\Program Files\STM32CubeIDE\workspace_1.18.0\study_stm\study_stm_1\STM32F303RETX_FLASH.ld" --specs=nosys.specs -Wl,-Map="study_stm_1.map" -Wl,--gc-sections -static --specs=nano.specs -mfpu=fpv4-sp-d16 -mfloat-abi=hard -mthumb -Wl,--start-group -lc -lm -Wl,--end-group
Finished building target: study_stm_1.elf
 
arm-none-eabi-size  study_stm_1.elf 
arm-none-eabi-objdump -h -S study_stm_1.elf  > "study_stm_1.list"
   text	   data	    bss	    dec	    hex	filename
  20504	     16	   3848	  24368	   5f30	study_stm_1.elf
Finished building: default.size.stdout
 
arm-none-eabi-objcopy  -O ihex study_stm_1.elf  "study_stm_1.hex"
Finished building: study_stm_1.list
 
arm-none-eabi-objcopy  -O binary study_stm_1.elf  "study_stm_1.bin"
Finished building: study_stm_1.hex
Finished building: study_stm_1.bin
 
 
22:49:57 **** Build of configuration Debug for project study_stm_1 ****
make -j2 all 
arm-none-eabi-gcc "../Core/Src/main.c" -mcpu=cortex-m4 -std=gnu11 -g3 -DDEBUG -DUSE_HAL_DRIVER -DSTM32F303xE -c -I../Core/Inc -I../Drivers/STM32F3xx_HAL_Driver/Inc/Legacy -I../Drivers/STM32F3xx_HAL_Driver/Inc -I../Drivers/CMSIS/Device/ST/STM32F3xx/Include -I../Drivers/CMSIS/Include -O0 -ffunction-sections -fdata-sections -Wall -fstack-usage -fcyclomatic-complexity -MMD -MP -MF"Core/Src/main.d" -MT"Core/Src/main.o" --specs=nano.specs -mfpu=fpv4-sp-d16 -mfloat-abi=hard -mthumb -o "Core/Src/main.o"
arm-none-eabi-gcc "../Core/Src/stm32f3xx_it.c" -mcpu=cortex-m4 -std=gnu11 -g3 -DDEBUG -DUSE_HAL_DRIVER -DSTM32F303xE -c -I../Core/Inc -I../Drivers/STM32F3xx_HAL_Driver/Inc/Legacy -I../Drivers/STM32F3xx_HAL_Driver/Inc -I../Drivers/CMSIS/Device/ST/STM32F3xx/Include -I../Drivers/CMSIS/Include -O0 -ffunction-sections -fdata-sections -Wall -fstack-usage -fcyclomatic-complexity -MMD -MP -MF"Core/Src/stm32f3xx_it.d" -MT"Core/Src/stm32f3xx_it.o" --specs=nano.specs -mfpu=fpv4-sp-d16 -mfloat-abi=hard -mthumb -o "Core/Src/stm32f3xx_it.o"
../Core/Src/main.c: In function 'HAL_GPIO_EXTI_Callback':
../Core/Src/main.c:240:43: error: assignment of read-only variable 'amplitude'
  240 |            if(amplitude == 2000)amplitude = 0;
      |                                           ^
../Core/Src/main.c:241:22: error: assignment of read-only variable 'amplitude'
  241 |            amplitude += 100;
      |                      ^~
make: *** [Core/Src/subdir.mk:34: Core/Src/main.o] Error 1
"make -j2 all" terminated with exit code 2. Build might be incomplete.
22:50:49 **** Incremental Build of configuration Debug for project study_stm_1 ****
make -j2 all 
arm-none-eabi-gcc "../Core/Src/main.c" -mcpu=cortex-m4 -std=gnu11 -g3 -DDEBUG -DUSE_HAL_DRIVER -DSTM32F303xE -c -I../Core/Inc -I../Drivers/STM32F3xx_HAL_Driver/Inc/Legacy -I../Drivers/STM32F3xx_HAL_Driver/Inc -I../Drivers/CMSIS/Device/ST/STM32F3xx/Include -I../Drivers/CMSIS/Include -O0 -ffunction-sections -fdata-sections -Wall -fstack-usage -fcyclomatic-complexity -MMD -MP -MF"Core/Src/main.d" -MT"Core/Src/main.o" --specs=nano.specs -mfpu=fpv4-sp-d16 -mfloat-abi=hard -mthumb -o "Core/Src/main.o"
arm-none-eabi-gcc -o "study_stm_1.elf" @"objects.list"   -mcpu=cortex-m4 -T"C:\Program Files\STM32CubeIDE\workspace_1.18.0\study_stm\study_stm_1\STM32F303RETX_FLASH.ld" --specs=nosys.specs -Wl,-Map="study_stm_1.map" -Wl,--gc-sections -static --specs=nano.specs -mfpu=fpv4-sp-d16 -mfloat-abi=hard -mthumb -Wl,--start-group -lc -lm -Wl,--end-group
Finished building target: study_stm_1.elf
 
arm-none-eabi-size  study_stm_1.elf 
arm-none-eabi-objdump -h -S study_stm_1.elf  > "study_stm_1.list"
   text	   data	    bss	    dec	    hex	filename
  20696	     16	   3848	  24560	   5ff0	study_stm_1.elf
Finished building: default.size.stdout
 
arm-none-eabi-objcopy  -O ihex study_stm_1.elf  "study_stm_1.hex"
Finished building: study_stm_1.hex
 
arm-none-eabi-objcopy  -O binary study_stm_1.elf  "study_stm_1.bin"
Finished building: study_stm_1.bin
 
Finished building: study_stm_1.list
 
22:53:22 **** Incremental Build of configuration Debug for project study_stm_1 ****
make -j2 all 
arm-none-eabi-size  study_stm_1.elf 
   text	   data	    bss	    dec	    hex	filename
  20696	     16	   3848	  24560	   5ff0	study_stm_1.elf
Finished building: default.size.stdout
 
22:54:51 **** Incremental Build of configuration Debug for project study_stm_1 ****
make -j2 all 
arm-none-eabi-size  study_stm_1.elf 
   text	   data	    bss	    dec	    hex	filename
  20696	     16	   3848	  24560	   5ff0	study_stm_1.elf
Finished building: default.size.stdout
 
08:55:32 **** Incremental Build of configuration Debug for project study_stm_1 ****
make -j2 all 
arm-none-eabi-size  study_stm_1.elf 
   text	   data	    bss	    dec	    hex	filename
  20696	     16	   3848	  24560	   5ff0	study_stm_1.elf
Finished building: default.size.stdout
 
09:01:49 **** Incremental Build of configuration Debug for project study_stm_1 ****
make -j2 all 
arm-none-eabi-gcc "../Core/Src/main.c" -mcpu=cortex-m4 -std=gnu11 -g3 -DDEBUG -DUSE_HAL_DRIVER -DSTM32F303xE -c -I../Core/Inc -I../Drivers/STM32F3xx_HAL_Driver/Inc/Legacy -I../Drivers/STM32F3xx_HAL_Driver/Inc -I../Drivers/CMSIS/Device/ST/STM32F3xx/Include -I../Drivers/CMSIS/Include -O0 -ffunction-sections -fdata-sections -Wall -fstack-usage -fcyclomatic-complexity -MMD -MP -MF"Core/Src/main.d" -MT"Core/Src/main.o" --specs=nano.specs -mfpu=fpv4-sp-d16 -mfloat-abi=hard -mthumb -o "Core/Src/main.o"
arm-none-eabi-gcc -o "study_stm_1.elf" @"objects.list"   -mcpu=cortex-m4 -T"C:\Program Files\STM32CubeIDE\workspace_1.18.0\study_stm\study_stm_1\STM32F303RETX_FLASH.ld" --specs=nosys.specs -Wl,-Map="study_stm_1.map" -Wl,--gc-sections -static --specs=nano.specs -mfpu=fpv4-sp-d16 -mfloat-abi=hard -mthumb -Wl,--start-group -lc -lm -Wl,--end-group
Finished building target: study_stm_1.elf
 
arm-none-eabi-size  study_stm_1.elf 
arm-none-eabi-objdump -h -S study_stm_1.elf  > "study_stm_1.list"
   text	   data	    bss	    dec	    hex	filename
  20696	     16	   3848	  24560	   5ff0	study_stm_1.elf
Finished building: default.size.stdout
 
arm-none-eabi-objcopy  -O ihex study_stm_1.elf  "study_stm_1.hex"
Finished building: study_stm_1.hex
 
arm-none-eabi-objcopy  -O binary study_stm_1.elf  "study_stm_1.bin"
Finished building: study_stm_1.list
Finished building: study_stm_1.bin
 
 
09:04:04 **** Incremental Build of configuration Debug for project study_stm_1 ****
make -j2 all 
arm-none-eabi-gcc "../Core/Src/main.c" -mcpu=cortex-m4 -std=gnu11 -g3 -DDEBUG -DUSE_HAL_DRIVER -DSTM32F303xE -c -I../Core/Inc -I../Drivers/STM32F3xx_HAL_Driver/Inc/Legacy -I../Drivers/STM32F3xx_HAL_Driver/Inc -I../Drivers/CMSIS/Device/ST/STM32F3xx/Include -I../Drivers/CMSIS/Include -O0 -ffunction-sections -fdata-sections -Wall -fstack-usage -fcyclomatic-complexity -MMD -MP -MF"Core/Src/main.d" -MT"Core/Src/main.o" --specs=nano.specs -mfpu=fpv4-sp-d16 -mfloat-abi=hard -mthumb -o "Core/Src/main.o"
arm-none-eabi-gcc -o "study_stm_1.elf" @"objects.list"   -mcpu=cortex-m4 -T"C:\Program Files\STM32CubeIDE\workspace_1.18.0\study_stm\study_stm_1\STM32F303RETX_FLASH.ld" --specs=nosys.specs -Wl,-Map="study_stm_1.map" -Wl,--gc-sections -static --specs=nano.specs -mfpu=fpv4-sp-d16 -mfloat-abi=hard -mthumb -Wl,--start-group -lc -lm -Wl,--end-group
Finished building target: study_stm_1.elf
 
arm-none-eabi-size  study_stm_1.elf 
arm-none-eabi-objdump -h -S study_stm_1.elf  > "study_stm_1.list"
   text	   data	    bss	    dec	    hex	filename
  20696	     16	   3848	  24560	   5ff0	study_stm_1.elf
Finished building: default.size.stdout
 
arm-none-eabi-objcopy  -O ihex study_stm_1.elf  "study_stm_1.hex"
Finished building: study_stm_1.list
 
arm-none-eabi-objcopy  -O binary study_stm_1.elf  "study_stm_1.bin"
Finished building: study_stm_1.hex
 
Finished building: study_stm_1.bin
 
09:49:42 **** Incremental Build of configuration Debug for project study_stm_1 ****
make -j2 all 
arm-none-eabi-gcc "../Core/Src/main.c" -mcpu=cortex-m4 -std=gnu11 -g3 -DDEBUG -DUSE_HAL_DRIVER -DSTM32F303xE -c -I../Core/Inc -I../Drivers/STM32F3xx_HAL_Driver/Inc/Legacy -I../Drivers/STM32F3xx_HAL_Driver/Inc -I../Drivers/CMSIS/Device/ST/STM32F3xx/Include -I../Drivers/CMSIS/Include -O0 -ffunction-sections -fdata-sections -Wall -fstack-usage -fcyclomatic-complexity -MMD -MP -MF"Core/Src/main.d" -MT"Core/Src/main.o" --specs=nano.specs -mfpu=fpv4-sp-d16 -mfloat-abi=hard -mthumb -o "Core/Src/main.o"
arm-none-eabi-gcc -o "study_stm_1.elf" @"objects.list"   -mcpu=cortex-m4 -T"C:\Program Files\STM32CubeIDE\workspace_1.18.0\study_stm\study_stm_1\STM32F303RETX_FLASH.ld" --specs=nosys.specs -Wl,-Map="study_stm_1.map" -Wl,--gc-sections -static --specs=nano.specs -mfpu=fpv4-sp-d16 -mfloat-abi=hard -mthumb -Wl,--start-group -lc -lm -Wl,--end-group
Finished building target: study_stm_1.elf
 
arm-none-eabi-size  study_stm_1.elf 
arm-none-eabi-objdump -h -S study_stm_1.elf  > "study_stm_1.list"
   text	   data	    bss	    dec	    hex	filename
  20988	     16	   3848	  24852	   6114	study_stm_1.elf
Finished building: default.size.stdout
 
arm-none-eabi-objcopy  -O ihex study_stm_1.elf  "study_stm_1.hex"
Finished building: study_stm_1.hex
Finished building: study_stm_1.list
 
 
arm-none-eabi-objcopy  -O binary study_stm_1.elf  "study_stm_1.bin"
Finished building: study_stm_1.bin
 
09:52:22 **** Incremental Build of configuration Debug for project study_stm_1 ****
make -j2 all 
arm-none-eabi-gcc "../Core/Src/main.c" -mcpu=cortex-m4 -std=gnu11 -g3 -DDEBUG -DUSE_HAL_DRIVER -DSTM32F303xE -c -I../Core/Inc -I../Drivers/STM32F3xx_HAL_Driver/Inc/Legacy -I../Drivers/STM32F3xx_HAL_Driver/Inc -I../Drivers/CMSIS/Device/ST/STM32F3xx/Include -I../Drivers/CMSIS/Include -O0 -ffunction-sections -fdata-sections -Wall -fstack-usage -fcyclomatic-complexity -MMD -MP -MF"Core/Src/main.d" -MT"Core/Src/main.o" --specs=nano.specs -mfpu=fpv4-sp-d16 -mfloat-abi=hard -mthumb -o "Core/Src/main.o"
arm-none-eabi-gcc -o "study_stm_1.elf" @"objects.list"   -mcpu=cortex-m4 -T"C:\Program Files\STM32CubeIDE\workspace_1.18.0\study_stm\study_stm_1\STM32F303RETX_FLASH.ld" --specs=nosys.specs -Wl,-Map="study_stm_1.map" -Wl,--gc-sections -static --specs=nano.specs -mfpu=fpv4-sp-d16 -mfloat-abi=hard -mthumb -Wl,--start-group -lc -lm -Wl,--end-group
Finished building target: study_stm_1.elf
 
arm-none-eabi-size  study_stm_1.elf 
arm-none-eabi-objdump -h -S study_stm_1.elf  > "study_stm_1.list"
   text	   data	    bss	    dec	    hex	filename
  20988	     16	   3848	  24852	   6114	study_stm_1.elf
Finished building: default.size.stdout
 
arm-none-eabi-objcopy  -O ihex study_stm_1.elf  "study_stm_1.hex"
Finished building: study_stm_1.list
 
Finished building: study_stm_1.hex
arm-none-eabi-objcopy  -O binary study_stm_1.elf  "study_stm_1.bin"
 
Finished building: study_stm_1.bin
 
09:55:02 **** Incremental Build of configuration Debug for project study_stm_1 ****
make -j2 all 
arm-none-eabi-gcc "../Core/Src/main.c" -mcpu=cortex-m4 -std=gnu11 -g3 -DDEBUG -DUSE_HAL_DRIVER -DSTM32F303xE -c -I../Core/Inc -I../Drivers/STM32F3xx_HAL_Driver/Inc/Legacy -I../Drivers/STM32F3xx_HAL_Driver/Inc -I../Drivers/CMSIS/Device/ST/STM32F3xx/Include -I../Drivers/CMSIS/Include -O0 -ffunction-sections -fdata-sections -Wall -fstack-usage -fcyclomatic-complexity -MMD -MP -MF"Core/Src/main.d" -MT"Core/Src/main.o" --specs=nano.specs -mfpu=fpv4-sp-d16 -mfloat-abi=hard -mthumb -o "Core/Src/main.o"
arm-none-eabi-gcc -o "study_stm_1.elf" @"objects.list"   -mcpu=cortex-m4 -T"C:\Program Files\STM32CubeIDE\workspace_1.18.0\study_stm\study_stm_1\STM32F303RETX_FLASH.ld" --specs=nosys.specs -Wl,-Map="study_stm_1.map" -Wl,--gc-sections -static --specs=nano.specs -mfpu=fpv4-sp-d16 -mfloat-abi=hard -mthumb -Wl,--start-group -lc -lm -Wl,--end-group
Finished building target: study_stm_1.elf
 
arm-none-eabi-size  study_stm_1.elf 
arm-none-eabi-objdump -h -S study_stm_1.elf  > "study_stm_1.list"
   text	   data	    bss	    dec	    hex	filename
  20988	     16	   3848	  24852	   6114	study_stm_1.elf
Finished building: default.size.stdout
 
arm-none-eabi-objcopy  -O ihex study_stm_1.elf  "study_stm_1.hex"
Finished building: study_stm_1.hex
 
arm-none-eabi-objcopy  -O binary study_stm_1.elf  "study_stm_1.bin"
Finished building: study_stm_1.bin
Finished building: study_stm_1.list
 
 
11:28:51 **** Incremental Build of configuration Debug for project study_stm_1 ****
make -j2 all 
arm-none-eabi-gcc "../Core/Src/main.c" -mcpu=cortex-m4 -std=gnu11 -g3 -DDEBUG -DUSE_HAL_DRIVER -DSTM32F303xE -c -I../Core/Inc -I../Drivers/STM32F3xx_HAL_Driver/Inc/Legacy -I../Drivers/STM32F3xx_HAL_Driver/Inc -I../Drivers/CMSIS/Device/ST/STM32F3xx/Include -I../Drivers/CMSIS/Include -O0 -ffunction-sections -fdata-sections -Wall -fstack-usage -fcyclomatic-complexity -MMD -MP -MF"Core/Src/main.d" -MT"Core/Src/main.o" --specs=nano.specs -mfpu=fpv4-sp-d16 -mfloat-abi=hard -mthumb -o "Core/Src/main.o"
arm-none-eabi-gcc -o "study_stm_1.elf" @"objects.list"   -mcpu=cortex-m4 -T"C:\Program Files\STM32CubeIDE\workspace_1.18.0\study_stm\study_stm_1\STM32F303RETX_FLASH.ld" --specs=nosys.specs -Wl,-Map="study_stm_1.map" -Wl,--gc-sections -static --specs=nano.specs -mfpu=fpv4-sp-d16 -mfloat-abi=hard -mthumb -Wl,--start-group -lc -lm -Wl,--end-group
Finished building target: study_stm_1.elf
 
arm-none-eabi-size  study_stm_1.elf 
arm-none-eabi-objdump -h -S study_stm_1.elf  > "study_stm_1.list"
   text	   data	    bss	    dec	    hex	filename
  20988	     16	   3848	  24852	   6114	study_stm_1.elf
Finished building: default.size.stdout
 
arm-none-eabi-objcopy  -O ihex study_stm_1.elf  "study_stm_1.hex"
Finished building: study_stm_1.hex
 
arm-none-eabi-objcopy  -O binary study_stm_1.elf  "study_stm_1.bin"
Finished building: study_stm_1.bin
 
Finished building: study_stm_1.list
 
11:38:15 **** Incremental Build of configuration Debug for project study_stm_1 ****
make -j2 all 
arm-none-eabi-gcc "../Core/Src/main.c" -mcpu=cortex-m4 -std=gnu11 -g3 -DDEBUG -DUSE_HAL_DRIVER -DSTM32F303xE -c -I../Core/Inc -I../Drivers/STM32F3xx_HAL_Driver/Inc/Legacy -I../Drivers/STM32F3xx_HAL_Driver/Inc -I../Drivers/CMSIS/Device/ST/STM32F3xx/Include -I../Drivers/CMSIS/Include -O0 -ffunction-sections -fdata-sections -Wall -fstack-usage -fcyclomatic-complexity -MMD -MP -MF"Core/Src/main.d" -MT"Core/Src/main.o" --specs=nano.specs -mfpu=fpv4-sp-d16 -mfloat-abi=hard -mthumb -o "Core/Src/main.o"
arm-none-eabi-gcc -o "study_stm_1.elf" @"objects.list"   -mcpu=cortex-m4 -T"C:\Program Files\STM32CubeIDE\workspace_1.18.0\study_stm\study_stm_1\STM32F303RETX_FLASH.ld" --specs=nosys.specs -Wl,-Map="study_stm_1.map" -Wl,--gc-sections -static --specs=nano.specs -mfpu=fpv4-sp-d16 -mfloat-abi=hard -mthumb -Wl,--start-group -lc -lm -Wl,--end-group
Finished building target: study_stm_1.elf
 
arm-none-eabi-size  study_stm_1.elf 
arm-none-eabi-objdump -h -S study_stm_1.elf  > "study_stm_1.list"
   text	   data	    bss	    dec	    hex	filename
  21020	     16	   3848	  24884	   6134	study_stm_1.elf
Finished building: default.size.stdout
 
arm-none-eabi-objcopy  -O ihex study_stm_1.elf  "study_stm_1.hex"
Finished building: study_stm_1.list
 
Finished building: study_stm_1.hex
arm-none-eabi-objcopy  -O binary study_stm_1.elf  "study_stm_1.bin"
 
Finished building: study_stm_1.bin
 
11:41:53 **** Incremental Build of configuration Debug for project study_stm_1 ****
make -j2 all 
arm-none-eabi-gcc "../Core/Src/main.c" -mcpu=cortex-m4 -std=gnu11 -g3 -DDEBUG -DUSE_HAL_DRIVER -DSTM32F303xE -c -I../Core/Inc -I../Drivers/STM32F3xx_HAL_Driver/Inc/Legacy -I../Drivers/STM32F3xx_HAL_Driver/Inc -I../Drivers/CMSIS/Device/ST/STM32F3xx/Include -I../Drivers/CMSIS/Include -O0 -ffunction-sections -fdata-sections -Wall -fstack-usage -fcyclomatic-complexity -MMD -MP -MF"Core/Src/main.d" -MT"Core/Src/main.o" --specs=nano.specs -mfpu=fpv4-sp-d16 -mfloat-abi=hard -mthumb -o "Core/Src/main.o"
arm-none-eabi-gcc -o "study_stm_1.elf" @"objects.list"   -mcpu=cortex-m4 -T"C:\Program Files\STM32CubeIDE\workspace_1.18.0\study_stm\study_stm_1\STM32F303RETX_FLASH.ld" --specs=nosys.specs -Wl,-Map="study_stm_1.map" -Wl,--gc-sections -static --specs=nano.specs -mfpu=fpv4-sp-d16 -mfloat-abi=hard -mthumb -Wl,--start-group -lc -lm -Wl,--end-group
Finished building target: study_stm_1.elf
 
arm-none-eabi-size  study_stm_1.elf 
arm-none-eabi-objdump -h -S study_stm_1.elf  > "study_stm_1.list"
   text	   data	    bss	    dec	    hex	filename
  20996	     16	   3848	  24860	   611c	study_stm_1.elf
Finished building: default.size.stdout
 
arm-none-eabi-objcopy  -O ihex study_stm_1.elf  "study_stm_1.hex"
Finished building: study_stm_1.list
 
Finished building: study_stm_1.hex
arm-none-eabi-objcopy  -O binary study_stm_1.elf  "study_stm_1.bin"
 
Finished building: study_stm_1.bin
 
11:55:07 **** Incremental Build of configuration Debug for project study_stm_1 ****
make -j2 all 
arm-none-eabi-gcc "../Core/Src/main.c" -mcpu=cortex-m4 -std=gnu11 -g3 -DDEBUG -DUSE_HAL_DRIVER -DSTM32F303xE -c -I../Core/Inc -I../Drivers/STM32F3xx_HAL_Driver/Inc/Legacy -I../Drivers/STM32F3xx_HAL_Driver/Inc -I../Drivers/CMSIS/Device/ST/STM32F3xx/Include -I../Drivers/CMSIS/Include -O0 -ffunction-sections -fdata-sections -Wall -fstack-usage -fcyclomatic-complexity -MMD -MP -MF"Core/Src/main.d" -MT"Core/Src/main.o" --specs=nano.specs -mfpu=fpv4-sp-d16 -mfloat-abi=hard -mthumb -o "Core/Src/main.o"
arm-none-eabi-gcc -o "study_stm_1.elf" @"objects.list"   -mcpu=cortex-m4 -T"C:\Program Files\STM32CubeIDE\workspace_1.18.0\study_stm\study_stm_1\STM32F303RETX_FLASH.ld" --specs=nosys.specs -Wl,-Map="study_stm_1.map" -Wl,--gc-sections -static --specs=nano.specs -mfpu=fpv4-sp-d16 -mfloat-abi=hard -mthumb -Wl,--start-group -lc -lm -Wl,--end-group
Finished building target: study_stm_1.elf
 
arm-none-eabi-size  study_stm_1.elf 
arm-none-eabi-objdump -h -S study_stm_1.elf  > "study_stm_1.list"
   text	   data	    bss	    dec	    hex	filename
  20996	     16	   3848	  24860	   611c	study_stm_1.elf
Finished building: default.size.stdout
 
arm-none-eabi-objcopy  -O ihex study_stm_1.elf  "study_stm_1.hex"
Finished building: study_stm_1.hex
 
arm-none-eabi-objcopy  -O binary study_stm_1.elf  "study_stm_1.bin"
Finished building: study_stm_1.bin
 
Finished building: study_stm_1.list
 
12:00:18 **** Incremental Build of configuration Debug for project study_stm_1 ****
make -j2 all 
arm-none-eabi-gcc "../Core/Src/main.c" -mcpu=cortex-m4 -std=gnu11 -g3 -DDEBUG -DUSE_HAL_DRIVER -DSTM32F303xE -c -I../Core/Inc -I../Drivers/STM32F3xx_HAL_Driver/Inc/Legacy -I../Drivers/STM32F3xx_HAL_Driver/Inc -I../Drivers/CMSIS/Device/ST/STM32F3xx/Include -I../Drivers/CMSIS/Include -O0 -ffunction-sections -fdata-sections -Wall -fstack-usage -fcyclomatic-complexity -MMD -MP -MF"Core/Src/main.d" -MT"Core/Src/main.o" --specs=nano.specs -mfpu=fpv4-sp-d16 -mfloat-abi=hard -mthumb -o "Core/Src/main.o"
arm-none-eabi-gcc -o "study_stm_1.elf" @"objects.list"   -mcpu=cortex-m4 -T"C:\Program Files\STM32CubeIDE\workspace_1.18.0\study_stm\study_stm_1\STM32F303RETX_FLASH.ld" --specs=nosys.specs -Wl,-Map="study_stm_1.map" -Wl,--gc-sections -static --specs=nano.specs -mfpu=fpv4-sp-d16 -mfloat-abi=hard -mthumb -Wl,--start-group -lc -lm -Wl,--end-group
Finished building target: study_stm_1.elf
 
arm-none-eabi-size  study_stm_1.elf 
arm-none-eabi-objdump -h -S study_stm_1.elf  > "study_stm_1.list"
   text	   data	    bss	    dec	    hex	filename
  20996	     16	   3848	  24860	   611c	study_stm_1.elf
Finished building: default.size.stdout
 
arm-none-eabi-objcopy  -O ihex study_stm_1.elf  "study_stm_1.hex"
Finished building: study_stm_1.list
 
Finished building: study_stm_1.hex
arm-none-eabi-objcopy  -O binary study_stm_1.elf  "study_stm_1.bin"
 
Finished building: study_stm_1.bin
 
15:18:41 **** Incremental Build of configuration Debug for project study_stm_1 ****
make -j2 all 
arm-none-eabi-gcc "../Core/Src/main.c" -mcpu=cortex-m4 -std=gnu11 -g3 -DDEBUG -DUSE_HAL_DRIVER -DSTM32F303xE -c -I../Core/Inc -I../Drivers/STM32F3xx_HAL_Driver/Inc/Legacy -I../Drivers/STM32F3xx_HAL_Driver/Inc -I../Drivers/CMSIS/Device/ST/STM32F3xx/Include -I../Drivers/CMSIS/Include -O0 -ffunction-sections -fdata-sections -Wall -fstack-usage -fcyclomatic-complexity -MMD -MP -MF"Core/Src/main.d" -MT"Core/Src/main.o" --specs=nano.specs -mfpu=fpv4-sp-d16 -mfloat-abi=hard -mthumb -o "Core/Src/main.o"
arm-none-eabi-gcc "../Core/Src/stm32f3xx_hal_msp.c" -mcpu=cortex-m4 -std=gnu11 -g3 -DDEBUG -DUSE_HAL_DRIVER -DSTM32F303xE -c -I../Core/Inc -I../Drivers/STM32F3xx_HAL_Driver/Inc/Legacy -I../Drivers/STM32F3xx_HAL_Driver/Inc -I../Drivers/CMSIS/Device/ST/STM32F3xx/Include -I../Drivers/CMSIS/Include -O0 -ffunction-sections -fdata-sections -Wall -fstack-usage -fcyclomatic-complexity -MMD -MP -MF"Core/Src/stm32f3xx_hal_msp.d" -MT"Core/Src/stm32f3xx_hal_msp.o" --specs=nano.specs -mfpu=fpv4-sp-d16 -mfloat-abi=hard -mthumb -o "Core/Src/stm32f3xx_hal_msp.o"
arm-none-eabi-gcc "../Core/Src/stm32f3xx_it.c" -mcpu=cortex-m4 -std=gnu11 -g3 -DDEBUG -DUSE_HAL_DRIVER -DSTM32F303xE -c -I../Core/Inc -I../Drivers/STM32F3xx_HAL_Driver/Inc/Legacy -I../Drivers/STM32F3xx_HAL_Driver/Inc -I../Drivers/CMSIS/Device/ST/STM32F3xx/Include -I../Drivers/CMSIS/Include -O0 -ffunction-sections -fdata-sections -Wall -fstack-usage -fcyclomatic-complexity -MMD -MP -MF"Core/Src/stm32f3xx_it.d" -MT"Core/Src/stm32f3xx_it.o" --specs=nano.specs -mfpu=fpv4-sp-d16 -mfloat-abi=hard -mthumb -o "Core/Src/stm32f3xx_it.o"
arm-none-eabi-gcc -o "study_stm_1.elf" @"objects.list"   -mcpu=cortex-m4 -T"C:\Program Files\STM32CubeIDE\workspace_1.18.0\study_stm\study_stm_1\STM32F303RETX_FLASH.ld" --specs=nosys.specs -Wl,-Map="study_stm_1.map" -Wl,--gc-sections -static --specs=nano.specs -mfpu=fpv4-sp-d16 -mfloat-abi=hard -mthumb -Wl,--start-group -lc -lm -Wl,--end-group
Finished building target: study_stm_1.elf
 
arm-none-eabi-size  study_stm_1.elf 
arm-none-eabi-objdump -h -S study_stm_1.elf  > "study_stm_1.list"
   text	   data	    bss	    dec	    hex	filename
  21400	     16	   3920	  25336	   62f8	study_stm_1.elf
Finished building: default.size.stdout
 
arm-none-eabi-objcopy  -O ihex study_stm_1.elf  "study_stm_1.hex"
Finished building: study_stm_1.hex
 
arm-none-eabi-objcopy  -O binary study_stm_1.elf  "study_stm_1.bin"
Finished building: study_stm_1.bin
 
Finished building: study_stm_1.list
 
15:29:20 **** Incremental Build of configuration Debug for project study_stm_1 ****
make -j2 all 
arm-none-eabi-gcc "../Core/Src/main.c" -mcpu=cortex-m4 -std=gnu11 -g3 -DDEBUG -DUSE_HAL_DRIVER -DSTM32F303xE -c -I../Core/Inc -I../Drivers/STM32F3xx_HAL_Driver/Inc/Legacy -I../Drivers/STM32F3xx_HAL_Driver/Inc -I../Drivers/CMSIS/Device/ST/STM32F3xx/Include -I../Drivers/CMSIS/Include -O0 -ffunction-sections -fdata-sections -Wall -fstack-usage -fcyclomatic-complexity -MMD -MP -MF"Core/Src/main.d" -MT"Core/Src/main.o" --specs=nano.specs -mfpu=fpv4-sp-d16 -mfloat-abi=hard -mthumb -o "Core/Src/main.o"
arm-none-eabi-gcc -o "study_stm_1.elf" @"objects.list"   -mcpu=cortex-m4 -T"C:\Program Files\STM32CubeIDE\workspace_1.18.0\study_stm\study_stm_1\STM32F303RETX_FLASH.ld" --specs=nosys.specs -Wl,-Map="study_stm_1.map" -Wl,--gc-sections -static --specs=nano.specs -mfpu=fpv4-sp-d16 -mfloat-abi=hard -mthumb -Wl,--start-group -lc -lm -Wl,--end-group
Finished building target: study_stm_1.elf
 
arm-none-eabi-size  study_stm_1.elf 
arm-none-eabi-objdump -h -S study_stm_1.elf  > "study_stm_1.list"
   text	   data	    bss	    dec	    hex	filename
  21388	     16	   3920	  25324	   62ec	study_stm_1.elf
Finished building: default.size.stdout
 
arm-none-eabi-objcopy  -O ihex study_stm_1.elf  "study_stm_1.hex"
Finished building: study_stm_1.list
 
arm-none-eabi-objcopy  -O binary study_stm_1.elf  "study_stm_1.bin"
Finished building: study_stm_1.hex
Finished building: study_stm_1.bin
 
 
15:45:07 **** Incremental Build of configuration Debug for project study_stm_1 ****
make -j2 all 
arm-none-eabi-gcc "../Core/Src/main.c" -mcpu=cortex-m4 -std=gnu11 -g3 -DDEBUG -DUSE_HAL_DRIVER -DSTM32F303xE -c -I../Core/Inc -I../Drivers/STM32F3xx_HAL_Driver/Inc/Legacy -I../Drivers/STM32F3xx_HAL_Driver/Inc -I../Drivers/CMSIS/Device/ST/STM32F3xx/Include -I../Drivers/CMSIS/Include -O0 -ffunction-sections -fdata-sections -Wall -fstack-usage -fcyclomatic-complexity -MMD -MP -MF"Core/Src/main.d" -MT"Core/Src/main.o" --specs=nano.specs -mfpu=fpv4-sp-d16 -mfloat-abi=hard -mthumb -o "Core/Src/main.o"
arm-none-eabi-gcc -o "study_stm_1.elf" @"objects.list"   -mcpu=cortex-m4 -T"C:\Program Files\STM32CubeIDE\workspace_1.18.0\study_stm\study_stm_1\STM32F303RETX_FLASH.ld" --specs=nosys.specs -Wl,-Map="study_stm_1.map" -Wl,--gc-sections -static --specs=nano.specs -mfpu=fpv4-sp-d16 -mfloat-abi=hard -mthumb -Wl,--start-group -lc -lm -Wl,--end-group
Finished building target: study_stm_1.elf
 
arm-none-eabi-size  study_stm_1.elf 
arm-none-eabi-objdump -h -S study_stm_1.elf  > "study_stm_1.list"
   text	   data	    bss	    dec	    hex	filename
  21388	     16	   3920	  25324	   62ec	study_stm_1.elf
Finished building: default.size.stdout
 
arm-none-eabi-objcopy  -O ihex study_stm_1.elf  "study_stm_1.hex"
Finished building: study_stm_1.list
 
arm-none-eabi-objcopy  -O binary study_stm_1.elf  "study_stm_1.bin"
Finished building: study_stm_1.hex
 
Finished building: study_stm_1.bin
 
16:02:46 **** Incremental Build of configuration Debug for project study_stm_1 ****
make -j2 all 
arm-none-eabi-gcc "../Core/Src/main.c" -mcpu=cortex-m4 -std=gnu11 -g3 -DDEBUG -DUSE_HAL_DRIVER -DSTM32F303xE -c -I../Core/Inc -I../Drivers/STM32F3xx_HAL_Driver/Inc/Legacy -I../Drivers/STM32F3xx_HAL_Driver/Inc -I../Drivers/CMSIS/Device/ST/STM32F3xx/Include -I../Drivers/CMSIS/Include -O0 -ffunction-sections -fdata-sections -Wall -fstack-usage -fcyclomatic-complexity -MMD -MP -MF"Core/Src/main.d" -MT"Core/Src/main.o" --specs=nano.specs -mfpu=fpv4-sp-d16 -mfloat-abi=hard -mthumb -o "Core/Src/main.o"
arm-none-eabi-gcc -o "study_stm_1.elf" @"objects.list"   -mcpu=cortex-m4 -T"C:\Program Files\STM32CubeIDE\workspace_1.18.0\study_stm\study_stm_1\STM32F303RETX_FLASH.ld" --specs=nosys.specs -Wl,-Map="study_stm_1.map" -Wl,--gc-sections -static --specs=nano.specs -mfpu=fpv4-sp-d16 -mfloat-abi=hard -mthumb -Wl,--start-group -lc -lm -Wl,--end-group
Finished building target: study_stm_1.elf
 
arm-none-eabi-size  study_stm_1.elf 
arm-none-eabi-objdump -h -S study_stm_1.elf  > "study_stm_1.list"
   text	   data	    bss	    dec	    hex	filename
  21400	     16	   3928	  25344	   6300	study_stm_1.elf
Finished building: default.size.stdout
 
arm-none-eabi-objcopy  -O ihex study_stm_1.elf  "study_stm_1.hex"
Finished building: study_stm_1.list
 
arm-none-eabi-objcopy  -O binary study_stm_1.elf  "study_stm_1.bin"
Finished building: study_stm_1.hex
 
Finished building: study_stm_1.bin
 
16:11:30 **** Incremental Build of configuration Debug for project study_stm_1 ****
make -j2 all 
arm-none-eabi-gcc "../Core/Src/main.c" -mcpu=cortex-m4 -std=gnu11 -g3 -DDEBUG -DUSE_HAL_DRIVER -DSTM32F303xE -c -I../Core/Inc -I../Drivers/STM32F3xx_HAL_Driver/Inc/Legacy -I../Drivers/STM32F3xx_HAL_Driver/Inc -I../Drivers/CMSIS/Device/ST/STM32F3xx/Include -I../Drivers/CMSIS/Include -O0 -ffunction-sections -fdata-sections -Wall -fstack-usage -fcyclomatic-complexity -MMD -MP -MF"Core/Src/main.d" -MT"Core/Src/main.o" --specs=nano.specs -mfpu=fpv4-sp-d16 -mfloat-abi=hard -mthumb -o "Core/Src/main.o"
arm-none-eabi-gcc -o "study_stm_1.elf" @"objects.list"   -mcpu=cortex-m4 -T"C:\Program Files\STM32CubeIDE\workspace_1.18.0\study_stm\study_stm_1\STM32F303RETX_FLASH.ld" --specs=nosys.specs -Wl,-Map="study_stm_1.map" -Wl,--gc-sections -static --specs=nano.specs -mfpu=fpv4-sp-d16 -mfloat-abi=hard -mthumb -Wl,--start-group -lc -lm -Wl,--end-group
Finished building target: study_stm_1.elf
 
arm-none-eabi-size  study_stm_1.elf 
arm-none-eabi-objdump -h -S study_stm_1.elf  > "study_stm_1.list"
   text	   data	    bss	    dec	    hex	filename
  21436	     16	   3928	  25380	   6324	study_stm_1.elf
Finished building: default.size.stdout
 
arm-none-eabi-objcopy  -O ihex study_stm_1.elf  "study_stm_1.hex"
Finished building: study_stm_1.list
 
Finished building: study_stm_1.hex
arm-none-eabi-objcopy  -O binary study_stm_1.elf  "study_stm_1.bin"
 
Finished building: study_stm_1.bin
 
16:25:26 **** Incremental Build of configuration Debug for project study_stm_1 ****
make -j2 all 
arm-none-eabi-gcc "../Core/Src/main.c" -mcpu=cortex-m4 -std=gnu11 -g3 -DDEBUG -DUSE_HAL_DRIVER -DSTM32F303xE -c -I../Core/Inc -I../Drivers/STM32F3xx_HAL_Driver/Inc/Legacy -I../Drivers/STM32F3xx_HAL_Driver/Inc -I../Drivers/CMSIS/Device/ST/STM32F3xx/Include -I../Drivers/CMSIS/Include -O0 -ffunction-sections -fdata-sections -Wall -fstack-usage -fcyclomatic-complexity -MMD -MP -MF"Core/Src/main.d" -MT"Core/Src/main.o" --specs=nano.specs -mfpu=fpv4-sp-d16 -mfloat-abi=hard -mthumb -o "Core/Src/main.o"
arm-none-eabi-gcc -o "study_stm_1.elf" @"objects.list"   -mcpu=cortex-m4 -T"C:\Program Files\STM32CubeIDE\workspace_1.18.0\study_stm\study_stm_1\STM32F303RETX_FLASH.ld" --specs=nosys.specs -Wl,-Map="study_stm_1.map" -Wl,--gc-sections -static --specs=nano.specs -mfpu=fpv4-sp-d16 -mfloat-abi=hard -mthumb -Wl,--start-group -lc -lm -Wl,--end-group
Finished building target: study_stm_1.elf
 
arm-none-eabi-size  study_stm_1.elf 
arm-none-eabi-objdump -h -S study_stm_1.elf  > "study_stm_1.list"
   text	   data	    bss	    dec	    hex	filename
  21444	     16	   3928	  25388	   632c	study_stm_1.elf
Finished building: default.size.stdout
 
arm-none-eabi-objcopy  -O ihex study_stm_1.elf  "study_stm_1.hex"
Finished building: study_stm_1.list
 
Finished building: study_stm_1.hex
arm-none-eabi-objcopy  -O binary study_stm_1.elf  "study_stm_1.bin"
 
Finished building: study_stm_1.bin
 
